[STARTUP] HumanFortress starting at 29/09/2025 10:25:28 AM
[STARTUP] Log file: C:\Users\User\Desktop\humanfortress\TheFortressSimulation\publish\fortress_debug.log
[STARTUP] Content loaded successfully from C:\Users\User\Desktop\humanfortress\TheFortressSimulation\publish\content
[GameStateManager] ChangeState from  to MainMenu
[GameStateManager] States registered: MainMenu, WorldGen, WorldMap, EmbarkPrep, FortressPlay
[GameStateManager] Calling Enter on MainMenu
Entered Main Menu
[GameStateManager] Enter completed for MainMenu
MainMenuState: Key pressed - Enter
MainMenuState: Key pressed - LeftShift
MainMenuState: Key pressed - N
[GameStateManager] ChangeState from MainMenu to WorldGen
[GameStateManager] States registered: MainMenu, WorldGen, WorldMap, EmbarkPrep, FortressPlay
[GameStateManager] Calling Exit on MainMenu
[GameStateManager] Calling Enter on WorldGen
[GameStateManager] Enter completed for WorldGen
[GameStateManager] ChangeState from WorldGen to WorldMap
[GameStateManager] States registered: MainMenu, WorldGen, WorldMap, EmbarkPrep, FortressPlay
[GameStateManager] Calling Exit on WorldGen
[GameStateManager] Calling Enter on WorldMap
[GameStateManager] Enter completed for WorldMap
[GameStateManager] ChangeState from WorldMap to EmbarkPrep
[GameStateManager] States registered: MainMenu, WorldGen, WorldMap, EmbarkPrep, FortressPlay
[GameStateManager] Calling Exit on WorldMap
[GameStateManager] Calling Enter on EmbarkPrep
[GameStateManager] Enter completed for EmbarkPrep
[GameStateManager] ChangeState from EmbarkPrep to FortressPlay
[GameStateManager] States registered: MainMenu, WorldGen, WorldMap, EmbarkPrep, FortressPlay
[GameStateManager] Calling Exit on EmbarkPrep
[GameStateManager] Calling Enter on FortressPlay
Entered Fortress Play
[FOCUS] FortressState focused
[GameStateManager] Enter completed for FortressPlay
[GameStateManager] Starting simulation for FortressPlay
[INIT] MapSurface size=116x36 pos=(2,2)
[INIT] UiOverlay size=120x40
[UiRenderer.TopBar] overlay=120x40 tick=50
[UiRenderer.DockScreen] overlay=120x40 row=39
[UiRenderer.QuickIconsScreen] overlay=120x40 row=38 center=60 width=5
[UiRenderer.TopBar] overlay=120x40 tick=100
[UiRenderer.DockScreen] overlay=120x40 row=39
[UiRenderer.QuickIconsScreen] overlay=120x40 row=38 center=60 width=5
[UiRenderer.TopBar] overlay=120x40 tick=150
[UiRenderer.DockScreen] overlay=120x40 row=39
[UiRenderer.QuickIconsScreen] overlay=120x40 row=38 center=60 width=5
[UiRenderer.TopBar] overlay=120x40 tick=200
[UiRenderer.DockScreen] overlay=120x40 row=39
[UiRenderer.QuickIconsScreen] overlay=120x40 row=38 center=60 width=5
[UiRenderer.TopBar] overlay=120x40 tick=200
[UiRenderer.DockScreen] overlay=120x40 row=39
[UiRenderer.QuickIconsScreen] overlay=120x40 row=38 center=60 width=5
[UiRenderer.TopBar] overlay=120x40 tick=250
[UiRenderer.DockScreen] overlay=120x40 row=39
[UiRenderer.QuickIconsScreen] overlay=120x40 row=38 center=60 width=5
[UiRenderer.TopBar] overlay=120x40 tick=250
[UiRenderer.DockScreen] overlay=120x40 row=39
[UiRenderer.QuickIconsScreen] overlay=120x40 row=38 center=60 width=5
[UiRenderer.TopBar] overlay=120x40 tick=300
[UiRenderer.DockScreen] overlay=120x40 row=39
[UiRenderer.QuickIconsScreen] overlay=120x40 row=38 center=60 width=5
[UiRenderer.TopBar] overlay=120x40 tick=300
[UiRenderer.DockScreen] overlay=120x40 row=39
[UiRenderer.QuickIconsScreen] overlay=120x40 row=38 center=60 width=5
[UiRenderer.TopBar] overlay=120x40 tick=350
[UiRenderer.DockScreen] overlay=120x40 row=39
[UiRenderer.QuickIconsScreen] overlay=120x40 row=38 center=60 width=5
[UiRenderer.TopBar] overlay=120x40 tick=400
[UiRenderer.DockScreen] overlay=120x40 row=39
[UiRenderer.QuickIconsScreen] overlay=120x40 row=38 center=60 width=5
[UiRenderer.TopBar] overlay=120x40 tick=450
[UiRenderer.DockScreen] overlay=120x40 row=39
[UiRenderer.QuickIconsScreen] overlay=120x40 row=38 center=60 width=5
[UiRenderer.TopBar] overlay=120x40 tick=500
[UiRenderer.DockScreen] overlay=120x40 row=39
[UiRenderer.QuickIconsScreen] overlay=120x40 row=38 center=60 width=5
[UiRenderer.TopBar] overlay=120x40 tick=550
[UiRenderer.DockScreen] overlay=120x40 row=39
[UiRenderer.QuickIconsScreen] overlay=120x40 row=38 center=60 width=5
[UiRenderer.TopBar] overlay=120x40 tick=600
[UiRenderer.DockScreen] overlay=120x40 row=39
[UiRenderer.QuickIconsScreen] overlay=120x40 row=38 center=60 width=5
[UiRenderer.TopBar] overlay=120x40 tick=650
[UiRenderer.DockScreen] overlay=120x40 row=39
[UiRenderer.QuickIconsScreen] overlay=120x40 row=38 center=60 width=5
[UiRenderer.TopBar] overlay=120x40 tick=650
[UiRenderer.DockScreen] overlay=120x40 row=39
[UiRenderer.QuickIconsScreen] overlay=120x40 row=38 center=60 width=5
[UiRenderer.TopBar] overlay=120x40 tick=700
[UiRenderer.DockScreen] overlay=120x40 row=39
[UiRenderer.QuickIconsScreen] overlay=120x40 row=38 center=60 width=5
[UiRenderer.TopBar] overlay=120x40 tick=750
[UiRenderer.DockScreen] overlay=120x40 row=39
[UiRenderer.QuickIconsScreen] overlay=120x40 row=38 center=60 width=5
[UiRenderer.TopBar] overlay=120x40 tick=800
[UiRenderer.DockScreen] overlay=120x40 row=39
[UiRenderer.QuickIconsScreen] overlay=120x40 row=38 center=60 width=5
[UiRenderer.TopBar] overlay=120x40 tick=850
[UiRenderer.DockScreen] overlay=120x40 row=39
[UiRenderer.QuickIconsScreen] overlay=120x40 row=38 center=60 width=5
[UiRenderer.TopBar] overlay=120x40 tick=900
[UiRenderer.DockScreen] overlay=120x40 row=39
[UiRenderer.QuickIconsScreen] overlay=120x40 row=38 center=60 width=5
[UiRenderer.TopBar] overlay=120x40 tick=950
[UiRenderer.DockScreen] overlay=120x40 row=39
[UiRenderer.QuickIconsScreen] overlay=120x40 row=38 center=60 width=5
[UiRenderer.TopBar] overlay=120x40 tick=950
[UiRenderer.DockScreen] overlay=120x40 row=39
[UiRenderer.QuickIconsScreen] overlay=120x40 row=38 center=60 width=5
[UiRenderer.TopBar] overlay=120x40 tick=1000
[UiRenderer.DockScreen] overlay=120x40 row=39
[UiRenderer.QuickIconsScreen] overlay=120x40 row=38 center=60 width=5
[UiRenderer.TopBar] overlay=120x40 tick=1000
[UiRenderer.DockScreen] overlay=120x40 row=39
[UiRenderer.QuickIconsScreen] overlay=120x40 row=38 center=60 width=5
[UiRenderer.TopBar] overlay=120x40 tick=1050
[UiRenderer.DockScreen] overlay=120x40 row=39
[UiRenderer.QuickIconsScreen] overlay=120x40 row=38 center=60 width=5
[UiRenderer.TopBar] overlay=120x40 tick=1100
[UiRenderer.DockScreen] overlay=120x40 row=39
[UiRenderer.QuickIconsScreen] overlay=120x40 row=38 center=60 width=5
[UiRenderer.TopBar] overlay=120x40 tick=1150
[UiRenderer.DockScreen] overlay=120x40 row=39
[UiRenderer.QuickIconsScreen] overlay=120x40 row=38 center=60 width=5
[UiRenderer.TopBar] overlay=120x40 tick=1150
[UiRenderer.DockScreen] overlay=120x40 row=39
[UiRenderer.QuickIconsScreen] overlay=120x40 row=38 center=60 width=5
[UiRenderer.TopBar] overlay=120x40 tick=1200
[UiRenderer.DockScreen] overlay=120x40 row=39
[UiRenderer.QuickIconsScreen] overlay=120x40 row=38 center=60 width=5
[UiRenderer.TopBar] overlay=120x40 tick=1200
[UiRenderer.DockScreen] overlay=120x40 row=39
[UiRenderer.QuickIconsScreen] overlay=120x40 row=38 center=60 width=5
[UiRenderer.TopBar] overlay=120x40 tick=1250
[UiRenderer.DockScreen] overlay=120x40 row=39
[UiRenderer.QuickIconsScreen] overlay=120x40 row=38 center=60 width=5
[UiRenderer.TopBar] overlay=120x40 tick=1300
[UiRenderer.DockScreen] overlay=120x40 row=39
[UiRenderer.QuickIconsScreen] overlay=120x40 row=38 center=60 width=5
[UiRenderer.TopBar] overlay=120x40 tick=1350
[UiRenderer.DockScreen] overlay=120x40 row=39
[UiRenderer.QuickIconsScreen] overlay=120x40 row=38 center=60 width=5
[UiRenderer.TopBar] overlay=120x40 tick=1400
[UiRenderer.DockScreen] overlay=120x40 row=39
[UiRenderer.QuickIconsScreen] overlay=120x40 row=38 center=60 width=5
[UiRenderer.TopBar] overlay=120x40 tick=1450
[UiRenderer.DockScreen] overlay=120x40 row=39
[UiRenderer.QuickIconsScreen] overlay=120x40 row=38 center=60 width=5
[UiRenderer.TopBar] overlay=120x40 tick=1500
[UiRenderer.DockScreen] overlay=120x40 row=39
[UiRenderer.QuickIconsScreen] overlay=120x40 row=38 center=60 width=5
[UiRenderer.TopBar] overlay=120x40 tick=1500
[UiRenderer.DockScreen] overlay=120x40 row=39
[UiRenderer.QuickIconsScreen] overlay=120x40 row=38 center=60 width=5
[UiRenderer.TopBar] overlay=120x40 tick=1550
[UiRenderer.DockScreen] overlay=120x40 row=39
[UiRenderer.QuickIconsScreen] overlay=120x40 row=38 center=60 width=5
[UiRenderer.TopBar] overlay=120x40 tick=1550
[UiRenderer.DockScreen] overlay=120x40 row=39
[UiRenderer.QuickIconsScreen] overlay=120x40 row=38 center=60 width=5
[UiRenderer.TopBar] overlay=120x40 tick=1600
[UiRenderer.DockScreen] overlay=120x40 row=39
[UiRenderer.QuickIconsScreen] overlay=120x40 row=38 center=60 width=5
[UiRenderer.TopBar] overlay=120x40 tick=1650
[UiRenderer.DockScreen] overlay=120x40 row=39
[UiRenderer.QuickIconsScreen] overlay=120x40 row=38 center=60 width=5
[UiRenderer.TopBar] overlay=120x40 tick=1700
[UiRenderer.DockScreen] overlay=120x40 row=39
[UiRenderer.QuickIconsScreen] overlay=120x40 row=38 center=60 width=5
[UiRenderer.TopBar] overlay=120x40 tick=1750
[UiRenderer.DockScreen] overlay=120x40 row=39
[UiRenderer.QuickIconsScreen] overlay=120x40 row=38 center=60 width=5
[UiRenderer.TopBar] overlay=120x40 tick=1800
[UiRenderer.DockScreen] overlay=120x40 row=39
[UiRenderer.QuickIconsScreen] overlay=120x40 row=38 center=60 width=5
[UiRenderer.TopBar] overlay=120x40 tick=1850
[UiRenderer.DockScreen] overlay=120x40 row=39
[UiRenderer.QuickIconsScreen] overlay=120x40 row=38 center=60 width=5
[UiRenderer.TopBar] overlay=120x40 tick=1900
[UiRenderer.DockScreen] overlay=120x40 row=39
[UiRenderer.QuickIconsScreen] overlay=120x40 row=38 center=60 width=5
[UiRenderer.TopBar] overlay=120x40 tick=1950
[UiRenderer.DockScreen] overlay=120x40 row=39
[UiRenderer.QuickIconsScreen] overlay=120x40 row=38 center=60 width=5
[UiRenderer.TopBar] overlay=120x40 tick=2000
[UiRenderer.DockScreen] overlay=120x40 row=39
[UiRenderer.QuickIconsScreen] overlay=120x40 row=38 center=60 width=5
[UiRenderer.TopBar] overlay=120x40 tick=2050
[UiRenderer.DockScreen] overlay=120x40 row=39
[UiRenderer.QuickIconsScreen] overlay=120x40 row=38 center=60 width=5
[UiRenderer.TopBar] overlay=120x40 tick=2100
[UiRenderer.DockScreen] overlay=120x40 row=39
[UiRenderer.QuickIconsScreen] overlay=120x40 row=38 center=60 width=5
[UiRenderer.TopBar] overlay=120x40 tick=2150
[UiRenderer.DockScreen] overlay=120x40 row=39
[UiRenderer.QuickIconsScreen] overlay=120x40 row=38 center=60 width=5
[UiRenderer.TopBar] overlay=120x40 tick=2200
[UiRenderer.DockScreen] overlay=120x40 row=39
[UiRenderer.QuickIconsScreen] overlay=120x40 row=38 center=60 width=5
[UiRenderer.TopBar] overlay=120x40 tick=2250
[UiRenderer.DockScreen] overlay=120x40 row=39
[UiRenderer.QuickIconsScreen] overlay=120x40 row=38 center=60 width=5
[UiRenderer.TopBar] overlay=120x40 tick=2300
[UiRenderer.DockScreen] overlay=120x40 row=39
[UiRenderer.QuickIconsScreen] overlay=120x40 row=38 center=60 width=5
[UiRenderer.TopBar] overlay=120x40 tick=2300
[UiRenderer.DockScreen] overlay=120x40 row=39
[UiRenderer.QuickIconsScreen] overlay=120x40 row=38 center=60 width=5
[UiRenderer.TopBar] overlay=120x40 tick=2350
[UiRenderer.DockScreen] overlay=120x40 row=39
[UiRenderer.QuickIconsScreen] overlay=120x40 row=38 center=60 width=5
[UiRenderer.TopBar] overlay=120x40 tick=2400
[UiRenderer.DockScreen] overlay=120x40 row=39
[UiRenderer.QuickIconsScreen] overlay=120x40 row=38 center=60 width=5
[UiRenderer.TopBar] overlay=120x40 tick=2450
[UiRenderer.DockScreen] overlay=120x40 row=39
[UiRenderer.QuickIconsScreen] overlay=120x40 row=38 center=60 width=5
[UiRenderer.TopBar] overlay=120x40 tick=2500
[UiRenderer.DockScreen] overlay=120x40 row=39
[UiRenderer.QuickIconsScreen] overlay=120x40 row=38 center=60 width=5
[UiRenderer.TopBar] overlay=120x40 tick=2550
[UiRenderer.DockScreen] overlay=120x40 row=39
[UiRenderer.QuickIconsScreen] overlay=120x40 row=38 center=60 width=5
[ZLEVEL-UPDATE] delta=-1 -> Z=26
[UiRenderer.TopBar] overlay=120x40 tick=2600
[UiRenderer.DockScreen] overlay=120x40 row=39
[UiRenderer.QuickIconsScreen] overlay=120x40 row=38 center=60 width=5
[ZLEVEL-UPDATE] delta=1 -> Z=25
[UiRenderer.TopBar] overlay=120x40 tick=2650
[UiRenderer.DockScreen] overlay=120x40 row=39
[UiRenderer.QuickIconsScreen] overlay=120x40 row=38 center=60 width=5
[UiRenderer.TopBar] overlay=120x40 tick=2700
[UiRenderer.DockScreen] overlay=120x40 row=39
[UiRenderer.QuickIconsScreen] overlay=120x40 row=38 center=60 width=5
[UiRenderer.TopBar] overlay=120x40 tick=2750
[UiRenderer.DockScreen] overlay=120x40 row=39
[UiRenderer.QuickIconsScreen] overlay=120x40 row=38 center=60 width=5
[UiRenderer.TopBar] overlay=120x40 tick=2800
[UiRenderer.DockScreen] overlay=120x40 row=39
[UiRenderer.QuickIconsScreen] overlay=120x40 row=38 center=60 width=5
[UiRenderer.TopBar] overlay=120x40 tick=2850
[UiRenderer.DockScreen] overlay=120x40 row=39
[UiRenderer.QuickIconsScreen] overlay=120x40 row=38 center=60 width=5
[UiRenderer.TopBar] overlay=120x40 tick=2900
[UiRenderer.DockScreen] overlay=120x40 row=39
[UiRenderer.QuickIconsScreen] overlay=120x40 row=38 center=60 width=5
[UiRenderer.TopBar] overlay=120x40 tick=2950
[UiRenderer.DockScreen] overlay=120x40 row=39
[UiRenderer.QuickIconsScreen] overlay=120x40 row=38 center=60 width=5
[UiRenderer.TopBar] overlay=120x40 tick=3000
[UiRenderer.DockScreen] overlay=120x40 row=39
[UiRenderer.QuickIconsScreen] overlay=120x40 row=38 center=60 width=5
[UiRenderer.TopBar] overlay=120x40 tick=3050
[UiRenderer.DockScreen] overlay=120x40 row=39
[UiRenderer.QuickIconsScreen] overlay=120x40 row=38 center=60 width=5
[UiRenderer.TopBar] overlay=120x40 tick=3100
[UiRenderer.DockScreen] overlay=120x40 row=39
[UiRenderer.QuickIconsScreen] overlay=120x40 row=38 center=60 width=5
[UiRenderer.TopBar] overlay=120x40 tick=3150
[UiRenderer.DockScreen] overlay=120x40 row=39
[UiRenderer.QuickIconsScreen] overlay=120x40 row=38 center=60 width=5
[UiRenderer.TopBar] overlay=120x40 tick=3200
[UiRenderer.DockScreen] overlay=120x40 row=39
[UiRenderer.QuickIconsScreen] overlay=120x40 row=38 center=60 width=5
[UiRenderer.TopBar] overlay=120x40 tick=3250
[UiRenderer.DockScreen] overlay=120x40 row=39
[UiRenderer.QuickIconsScreen] overlay=120x40 row=38 center=60 width=5
[UiRenderer.TopBar] overlay=120x40 tick=3300
[UiRenderer.DockScreen] overlay=120x40 row=39
[UiRenderer.QuickIconsScreen] overlay=120x40 row=38 center=60 width=5
[UiRenderer.TopBar] overlay=120x40 tick=3350
[UiRenderer.DockScreen] overlay=120x40 row=39
[UiRenderer.QuickIconsScreen] overlay=120x40 row=38 center=60 width=5
[UiRenderer.TopBar] overlay=120x40 tick=3400
[UiRenderer.DockScreen] overlay=120x40 row=39
[UiRenderer.QuickIconsScreen] overlay=120x40 row=38 center=60 width=5
[UiRenderer.TopBar] overlay=120x40 tick=3450
[UiRenderer.DockScreen] overlay=120x40 row=39
[UiRenderer.QuickIconsScreen] overlay=120x40 row=38 center=60 width=5
[UiRenderer.TopBar] overlay=120x40 tick=3500
[UiRenderer.DockScreen] overlay=120x40 row=39
[UiRenderer.QuickIconsScreen] overlay=120x40 row=38 center=60 width=5
[UiRenderer.TopBar] overlay=120x40 tick=3500
[UiRenderer.DockScreen] overlay=120x40 row=39
[UiRenderer.QuickIconsScreen] overlay=120x40 row=38 center=60 width=5
[UiRenderer.TopBar] overlay=120x40 tick=3550
[UiRenderer.DockScreen] overlay=120x40 row=39
[UiRenderer.QuickIconsScreen] overlay=120x40 row=38 center=60 width=5
[UiRenderer.TopBar] overlay=120x40 tick=3600
[UiRenderer.DockScreen] overlay=120x40 row=39
[UiRenderer.QuickIconsScreen] overlay=120x40 row=38 center=60 width=5
[UiRenderer.TopBar] overlay=120x40 tick=3600
[UiRenderer.DockScreen] overlay=120x40 row=39
[UiRenderer.QuickIconsScreen] overlay=120x40 row=38 center=60 width=5
[UiRenderer.TopBar] overlay=120x40 tick=3650
[UiRenderer.DockScreen] overlay=120x40 row=39
[UiRenderer.QuickIconsScreen] overlay=120x40 row=38 center=60 width=5
[UiRenderer.TopBar] overlay=120x40 tick=3700
[UiRenderer.DockScreen] overlay=120x40 row=39
[UiRenderer.QuickIconsScreen] overlay=120x40 row=38 center=60 width=5
[UiRenderer.TopBar] overlay=120x40 tick=3750
[UiRenderer.DockScreen] overlay=120x40 row=39
[UiRenderer.QuickIconsScreen] overlay=120x40 row=38 center=60 width=5
[UiRenderer.TopBar] overlay=120x40 tick=3800
[UiRenderer.DockScreen] overlay=120x40 row=39
[UiRenderer.QuickIconsScreen] overlay=120x40 row=38 center=60 width=5
[UiRenderer.TopBar] overlay=120x40 tick=3850
[UiRenderer.DockScreen] overlay=120x40 row=39
[UiRenderer.QuickIconsScreen] overlay=120x40 row=38 center=60 width=5
[UiRenderer.TopBar] overlay=120x40 tick=3900
[UiRenderer.DockScreen] overlay=120x40 row=39
[UiRenderer.QuickIconsScreen] overlay=120x40 row=38 center=60 width=5
[UiRenderer.TopBar] overlay=120x40 tick=3900
[UiRenderer.DockScreen] overlay=120x40 row=39
[UiRenderer.QuickIconsScreen] overlay=120x40 row=38 center=60 width=5
[UiRenderer.TopBar] overlay=120x40 tick=3950
[UiRenderer.DockScreen] overlay=120x40 row=39
[UiRenderer.QuickIconsScreen] overlay=120x40 row=38 center=60 width=5
[UiRenderer.TopBar] overlay=120x40 tick=3950
[UiRenderer.DockScreen] overlay=120x40 row=39
[UiRenderer.QuickIconsScreen] overlay=120x40 row=38 center=60 width=5
[UiRenderer.TopBar] overlay=120x40 tick=4000
[UiRenderer.DockScreen] overlay=120x40 row=39
[UiRenderer.QuickIconsScreen] overlay=120x40 row=38 center=60 width=5
[UiRenderer.TopBar] overlay=120x40 tick=4050
[UiRenderer.DockScreen] overlay=120x40 row=39
[UiRenderer.QuickIconsScreen] overlay=120x40 row=38 center=60 width=5
[UiRenderer.TopBar] overlay=120x40 tick=4100
[UiRenderer.DockScreen] overlay=120x40 row=39
[UiRenderer.QuickIconsScreen] overlay=120x40 row=38 center=60 width=5
[UiRenderer.TopBar] overlay=120x40 tick=4150
[UiRenderer.DockScreen] overlay=120x40 row=39
[UiRenderer.QuickIconsScreen] overlay=120x40 row=38 center=60 width=5
[UiRenderer.TopBar] overlay=120x40 tick=4200
[UiRenderer.DockScreen] overlay=120x40 row=39
[UiRenderer.QuickIconsScreen] overlay=120x40 row=38 center=60 width=5
[UiRenderer.TopBar] overlay=120x40 tick=4250
[UiRenderer.DockScreen] overlay=120x40 row=39
[UiRenderer.QuickIconsScreen] overlay=120x40 row=38 center=60 width=5
[UiRenderer.TopBar] overlay=120x40 tick=4300
[UiRenderer.DockScreen] overlay=120x40 row=39
[UiRenderer.QuickIconsScreen] overlay=120x40 row=38 center=60 width=5
[UiRenderer.TopBar] overlay=120x40 tick=4350
[UiRenderer.DockScreen] overlay=120x40 row=39
[UiRenderer.QuickIconsScreen] overlay=120x40 row=38 center=60 width=5
[UiRenderer.TopBar] overlay=120x40 tick=4400
[UiRenderer.DockScreen] overlay=120x40 row=39
[UiRenderer.QuickIconsScreen] overlay=120x40 row=38 center=60 width=5
[UiRenderer.TopBar] overlay=120x40 tick=4450
[UiRenderer.DockScreen] overlay=120x40 row=39
[UiRenderer.QuickIconsScreen] overlay=120x40 row=38 center=60 width=5
[UiRenderer.TopBar] overlay=120x40 tick=4500
[UiRenderer.DockScreen] overlay=120x40 row=39
[UiRenderer.QuickIconsScreen] overlay=120x40 row=38 center=60 width=5
[UiRenderer.TopBar] overlay=120x40 tick=4550
[UiRenderer.DockScreen] overlay=120x40 row=39
[UiRenderer.QuickIconsScreen] overlay=120x40 row=38 center=60 width=5
[UiRenderer.TopBar] overlay=120x40 tick=4600
[UiRenderer.DockScreen] overlay=120x40 row=39
[UiRenderer.QuickIconsScreen] overlay=120x40 row=38 center=60 width=5
[UiRenderer.TopBar] overlay=120x40 tick=4650
[UiRenderer.DockScreen] overlay=120x40 row=39
[UiRenderer.QuickIconsScreen] overlay=120x40 row=38 center=60 width=5
[UiRenderer.TopBar] overlay=120x40 tick=4700
[UiRenderer.DockScreen] overlay=120x40 row=39
[UiRenderer.QuickIconsScreen] overlay=120x40 row=38 center=60 width=5
[UiRenderer.TopBar] overlay=120x40 tick=4750
[UiRenderer.DockScreen] overlay=120x40 row=39
[UiRenderer.QuickIconsScreen] overlay=120x40 row=38 center=60 width=5
[UiRenderer.TopBar] overlay=120x40 tick=4800
[UiRenderer.DockScreen] overlay=120x40 row=39
[UiRenderer.QuickIconsScreen] overlay=120x40 row=38 center=60 width=5
[UiRenderer.TopBar] overlay=120x40 tick=4850
[UiRenderer.DockScreen] overlay=120x40 row=39
[UiRenderer.QuickIconsScreen] overlay=120x40 row=38 center=60 width=5
[UiRenderer.TopBar] overlay=120x40 tick=4850
[UiRenderer.DockScreen] overlay=120x40 row=39
[UiRenderer.QuickIconsScreen] overlay=120x40 row=38 center=60 width=5
[UiRenderer.TopBar] overlay=120x40 tick=4900
[UiRenderer.DockScreen] overlay=120x40 row=39
[UiRenderer.QuickIconsScreen] overlay=120x40 row=38 center=60 width=5
[UiRenderer.TopBar] overlay=120x40 tick=4950
[UiRenderer.DockScreen] overlay=120x40 row=39
[UiRenderer.QuickIconsScreen] overlay=120x40 row=38 center=60 width=5
[UiRenderer.TopBar] overlay=120x40 tick=5000
[UiRenderer.DockScreen] overlay=120x40 row=39
[UiRenderer.QuickIconsScreen] overlay=120x40 row=38 center=60 width=5
[UiRenderer.TopBar] overlay=120x40 tick=5050
[UiRenderer.DockScreen] overlay=120x40 row=39
[UiRenderer.QuickIconsScreen] overlay=120x40 row=38 center=60 width=5
[UiRenderer.TopBar] overlay=120x40 tick=5050
[UiRenderer.DockScreen] overlay=120x40 row=39
[UiRenderer.QuickIconsScreen] overlay=120x40 row=38 center=60 width=5
[UiRenderer.TopBar] overlay=120x40 tick=5100
[UiRenderer.DockScreen] overlay=120x40 row=39
[UiRenderer.QuickIconsScreen] overlay=120x40 row=38 center=60 width=5
[UiRenderer.TopBar] overlay=120x40 tick=5100
[UiRenderer.DockScreen] overlay=120x40 row=39
[UiRenderer.QuickIconsScreen] overlay=120x40 row=38 center=60 width=5
[UiRenderer.TopBar] overlay=120x40 tick=5150
[UiRenderer.DockScreen] overlay=120x40 row=39
[UiRenderer.QuickIconsScreen] overlay=120x40 row=38 center=60 width=5
[UiRenderer.TopBar] overlay=120x40 tick=5150
[UiRenderer.DockScreen] overlay=120x40 row=39
[UiRenderer.QuickIconsScreen] overlay=120x40 row=38 center=60 width=5
[UiRenderer.TopBar] overlay=120x40 tick=5200
[UiRenderer.DockScreen] overlay=120x40 row=39
[UiRenderer.QuickIconsScreen] overlay=120x40 row=38 center=60 width=5
[UiRenderer.TopBar] overlay=120x40 tick=5200
[UiRenderer.DockScreen] overlay=120x40 row=39
[UiRenderer.QuickIconsScreen] overlay=120x40 row=38 center=60 width=5
[UiRenderer.TopBar] overlay=120x40 tick=5250
[UiRenderer.DockScreen] overlay=120x40 row=39
[UiRenderer.QuickIconsScreen] overlay=120x40 row=38 center=60 width=5
[UiRenderer.TopBar] overlay=120x40 tick=5250
[UiRenderer.DockScreen] overlay=120x40 row=39
[UiRenderer.QuickIconsScreen] overlay=120x40 row=38 center=60 width=5
[UiRenderer.TopBar] overlay=120x40 tick=5300
[UiRenderer.DockScreen] overlay=120x40 row=39
[UiRenderer.QuickIconsScreen] overlay=120x40 row=38 center=60 width=5
[UiRenderer.TopBar] overlay=120x40 tick=5350
[UiRenderer.DockScreen] overlay=120x40 row=39
[UiRenderer.QuickIconsScreen] overlay=120x40 row=38 center=60 width=5
[UiRenderer.TopBar] overlay=120x40 tick=5400
[UiRenderer.DockScreen] overlay=120x40 row=39
[UiRenderer.QuickIconsScreen] overlay=120x40 row=38 center=60 width=5
[UiRenderer.TopBar] overlay=120x40 tick=5400
[UiRenderer.DockScreen] overlay=120x40 row=39
[UiRenderer.QuickIconsScreen] overlay=120x40 row=38 center=60 width=5
[UiRenderer.TopBar] overlay=120x40 tick=5450
[UiRenderer.DockScreen] overlay=120x40 row=39
[UiRenderer.QuickIconsScreen] overlay=120x40 row=38 center=60 width=5
[UiRenderer.TopBar] overlay=120x40 tick=5450
[UiRenderer.DockScreen] overlay=120x40 row=39
[UiRenderer.QuickIconsScreen] overlay=120x40 row=38 center=60 width=5
[UiRenderer.TopBar] overlay=120x40 tick=5500
[UiRenderer.DockScreen] overlay=120x40 row=39
[UiRenderer.QuickIconsScreen] overlay=120x40 row=38 center=60 width=5
[UiRenderer.TopBar] overlay=120x40 tick=5550
[UiRenderer.DockScreen] overlay=120x40 row=39
[UiRenderer.QuickIconsScreen] overlay=120x40 row=38 center=60 width=5
[UiRenderer.TopBar] overlay=120x40 tick=5550
[UiRenderer.DockScreen] overlay=120x40 row=39
[UiRenderer.QuickIconsScreen] overlay=120x40 row=38 center=60 width=5
[UiRenderer.TopBar] overlay=120x40 tick=5600
[UiRenderer.DockScreen] overlay=120x40 row=39
[UiRenderer.QuickIconsScreen] overlay=120x40 row=38 center=60 width=5
[UiRenderer.TopBar] overlay=120x40 tick=5600
[UiRenderer.DockScreen] overlay=120x40 row=39
[UiRenderer.QuickIconsScreen] overlay=120x40 row=38 center=60 width=5
[ZOOM-UPDATE] delta=1 -> zoom=2
[UiRenderer.TopBar] overlay=120x40 tick=5650
[UiRenderer.DockScreen] overlay=120x40 row=39
[UiRenderer.QuickIconsScreen] overlay=120x40 row=38 center=60 width=5
[ZOOM-UPDATE] delta=-1 -> zoom=1
[ZOOM-UPDATE] delta=-1 -> zoom=1
[UiRenderer.TopBar] overlay=120x40 tick=5700
[UiRenderer.DockScreen] overlay=120x40 row=39
[UiRenderer.QuickIconsScreen] overlay=120x40 row=38 center=60 width=5
[ZOOM-UPDATE] delta=-1 -> zoom=1
[UiRenderer.TopBar] overlay=120x40 tick=5750
[UiRenderer.DockScreen] overlay=120x40 row=39
[UiRenderer.QuickIconsScreen] overlay=120x40 row=38 center=60 width=5
[UiRenderer.TopBar] overlay=120x40 tick=5750
[UiRenderer.DockScreen] overlay=120x40 row=39
[UiRenderer.QuickIconsScreen] overlay=120x40 row=38 center=60 width=5
[ZOOM-UPDATE] delta=1 -> zoom=2
[UiRenderer.TopBar] overlay=120x40 tick=5800
[UiRenderer.DockScreen] overlay=120x40 row=39
[UiRenderer.QuickIconsScreen] overlay=120x40 row=38 center=60 width=5
[ZLEVEL-UPDATE] delta=-1 -> Z=26
[UiRenderer.TopBar] overlay=120x40 tick=5850
[UiRenderer.DockScreen] overlay=120x40 row=39
[UiRenderer.QuickIconsScreen] overlay=120x40 row=38 center=60 width=5
[ZOOM-UPDATE] delta=-1 -> zoom=1
[ZOOM-UPDATE] delta=-1 -> zoom=1
[UiRenderer.TopBar] overlay=120x40 tick=5900
[UiRenderer.DockScreen] overlay=120x40 row=39
[UiRenderer.QuickIconsScreen] overlay=120x40 row=38 center=60 width=5
[ZLEVEL-UPDATE] delta=-1 -> Z=27
[ZLEVEL-UPDATE] delta=-1 -> Z=28
[ZLEVEL-UPDATE] delta=1 -> Z=27
[ZLEVEL-UPDATE] delta=1 -> Z=26
[ZLEVEL-UPDATE] delta=1 -> Z=25
[UiRenderer.TopBar] overlay=120x40 tick=5950
[UiRenderer.DockScreen] overlay=120x40 row=39
[UiRenderer.QuickIconsScreen] overlay=120x40 row=38 center=60 width=5
[ZLEVEL-UPDATE] delta=1 -> Z=24
[ZLEVEL-UPDATE] delta=1 -> Z=23
[UiRenderer.TopBar] overlay=120x40 tick=6000
[UiRenderer.DockScreen] overlay=120x40 row=39
[UiRenderer.QuickIconsScreen] overlay=120x40 row=38 center=60 width=5
[ZLEVEL-UPDATE] delta=-1 -> Z=24
[ZLEVEL-UPDATE] delta=-1 -> Z=25
[UiRenderer.TopBar] overlay=120x40 tick=6050
[UiRenderer.DockScreen] overlay=120x40 row=39
[UiRenderer.QuickIconsScreen] overlay=120x40 row=38 center=60 width=5
[UiRenderer.TopBar] overlay=120x40 tick=6050
[UiRenderer.DockScreen] overlay=120x40 row=39
[UiRenderer.QuickIconsScreen] overlay=120x40 row=38 center=60 width=5
[ZLEVEL-UPDATE] delta=1 -> Z=24
[ZLEVEL-UPDATE] delta=1 -> Z=23
[ZLEVEL-UPDATE] delta=1 -> Z=22
[ZLEVEL-UPDATE] delta=1 -> Z=21
[ZLEVEL-UPDATE] delta=1 -> Z=20
[UiRenderer.TopBar] overlay=120x40 tick=6100
[UiRenderer.DockScreen] overlay=120x40 row=39
[UiRenderer.QuickIconsScreen] overlay=120x40 row=38 center=60 width=5
[ZLEVEL-UPDATE] delta=1 -> Z=19
[ZLEVEL-UPDATE] delta=1 -> Z=18
[ZLEVEL-UPDATE] delta=1 -> Z=17
[ZLEVEL-UPDATE] delta=1 -> Z=16
[ZLEVEL-UPDATE] delta=1 -> Z=15
[UiRenderer.TopBar] overlay=120x40 tick=6150
[UiRenderer.DockScreen] overlay=120x40 row=39
[UiRenderer.QuickIconsScreen] overlay=120x40 row=38 center=60 width=5
[UiRenderer.TopBar] overlay=120x40 tick=6150
[UiRenderer.DockScreen] overlay=120x40 row=39
[UiRenderer.QuickIconsScreen] overlay=120x40 row=38 center=60 width=5
[ZLEVEL-UPDATE] delta=1 -> Z=14
[ZLEVEL-UPDATE] delta=1 -> Z=13
[ZLEVEL-UPDATE] delta=1 -> Z=12
[ZLEVEL-UPDATE] delta=1 -> Z=11
[UiRenderer.TopBar] overlay=120x40 tick=6200
[UiRenderer.DockScreen] overlay=120x40 row=39
[UiRenderer.QuickIconsScreen] overlay=120x40 row=38 center=60 width=5
[UiRenderer.TopBar] overlay=120x40 tick=6200
[UiRenderer.DockScreen] overlay=120x40 row=39
[UiRenderer.QuickIconsScreen] overlay=120x40 row=38 center=60 width=5
[ZLEVEL-UPDATE] delta=1 -> Z=10
[ZLEVEL-UPDATE] delta=1 -> Z=9
[ZLEVEL-UPDATE] delta=1 -> Z=8
[ZLEVEL-UPDATE] delta=1 -> Z=7
[UiRenderer.TopBar] overlay=120x40 tick=6250
[UiRenderer.DockScreen] overlay=120x40 row=39
[UiRenderer.QuickIconsScreen] overlay=120x40 row=38 center=60 width=5
[UiRenderer.TopBar] overlay=120x40 tick=6250
[UiRenderer.DockScreen] overlay=120x40 row=39
[UiRenderer.QuickIconsScreen] overlay=120x40 row=38 center=60 width=5
[ZLEVEL-UPDATE] delta=1 -> Z=6
[ZLEVEL-UPDATE] delta=1 -> Z=5
[ZLEVEL-UPDATE] delta=1 -> Z=4
[ZLEVEL-UPDATE] delta=1 -> Z=3
[ZLEVEL-UPDATE] delta=1 -> Z=2
[UiRenderer.TopBar] overlay=120x40 tick=6300
[UiRenderer.DockScreen] overlay=120x40 row=39
[UiRenderer.QuickIconsScreen] overlay=120x40 row=38 center=60 width=5
[UiRenderer.TopBar] overlay=120x40 tick=6300
[UiRenderer.DockScreen] overlay=120x40 row=39
[UiRenderer.QuickIconsScreen] overlay=120x40 row=38 center=60 width=5
[ZLEVEL-UPDATE] delta=1 -> Z=1
[ZLEVEL-UPDATE] delta=1 -> Z=0
[ZLEVEL-UPDATE] delta=-1 -> Z=1
[UiRenderer.TopBar] overlay=120x40 tick=6350
[UiRenderer.DockScreen] overlay=120x40 row=39
[UiRenderer.QuickIconsScreen] overlay=120x40 row=38 center=60 width=5
[ZLEVEL-UPDATE] delta=-1 -> Z=2
[ZLEVEL-UPDATE] delta=1 -> Z=1
[ZLEVEL-UPDATE] delta=1 -> Z=0
[UiRenderer.TopBar] overlay=120x40 tick=6400
[UiRenderer.DockScreen] overlay=120x40 row=39
[UiRenderer.QuickIconsScreen] overlay=120x40 row=38 center=60 width=5
[ZLEVEL-UPDATE] delta=1 -> Z=0
[ZLEVEL-UPDATE] delta=1 -> Z=0
[UiRenderer.TopBar] overlay=120x40 tick=6450
[UiRenderer.DockScreen] overlay=120x40 row=39
[UiRenderer.QuickIconsScreen] overlay=120x40 row=38 center=60 width=5
[ZLEVEL-UPDATE] delta=1 -> Z=0
[ZLEVEL-UPDATE] delta=1 -> Z=0
[UiRenderer.TopBar] overlay=120x40 tick=6500
[UiRenderer.DockScreen] overlay=120x40 row=39
[UiRenderer.QuickIconsScreen] overlay=120x40 row=38 center=60 width=5
[UiRenderer.TopBar] overlay=120x40 tick=6500
[UiRenderer.DockScreen] overlay=120x40 row=39
[UiRenderer.QuickIconsScreen] overlay=120x40 row=38 center=60 width=5
[UiRenderer.TopBar] overlay=120x40 tick=6550
[UiRenderer.DockScreen] overlay=120x40 row=39
[UiRenderer.QuickIconsScreen] overlay=120x40 row=38 center=60 width=5
[UiRenderer.TopBar] overlay=120x40 tick=6550
[UiRenderer.DockScreen] overlay=120x40 row=39
[UiRenderer.QuickIconsScreen] overlay=120x40 row=38 center=60 width=5
[UiRenderer.TopBar] overlay=120x40 tick=6600
[UiRenderer.DockScreen] overlay=120x40 row=39
[UiRenderer.QuickIconsScreen] overlay=120x40 row=38 center=60 width=5
[UiRenderer.TopBar] overlay=120x40 tick=6600
[UiRenderer.DockScreen] overlay=120x40 row=39
[UiRenderer.QuickIconsScreen] overlay=120x40 row=38 center=60 width=5
[UiRenderer.TopBar] overlay=120x40 tick=6650
[UiRenderer.DockScreen] overlay=120x40 row=39
[UiRenderer.QuickIconsScreen] overlay=120x40 row=38 center=60 width=5
[UiRenderer.TopBar] overlay=120x40 tick=6650
[UiRenderer.DockScreen] overlay=120x40 row=39
[UiRenderer.QuickIconsScreen] overlay=120x40 row=38 center=60 width=5
[ZLEVEL-UPDATE] delta=-1 -> Z=1
[UiRenderer.TopBar] overlay=120x40 tick=6700
[UiRenderer.DockScreen] overlay=120x40 row=39
[UiRenderer.QuickIconsScreen] overlay=120x40 row=38 center=60 width=5
[UiRenderer.TopBar] overlay=120x40 tick=6700
[UiRenderer.DockScreen] overlay=120x40 row=39
[UiRenderer.QuickIconsScreen] overlay=120x40 row=38 center=60 width=5
[ZLEVEL-UPDATE] delta=-1 -> Z=2
[ZLEVEL-UPDATE] delta=-1 -> Z=3
[ZLEVEL-UPDATE] delta=-1 -> Z=4
[UiRenderer.TopBar] overlay=120x40 tick=6750
[UiRenderer.DockScreen] overlay=120x40 row=39
[UiRenderer.QuickIconsScreen] overlay=120x40 row=38 center=60 width=5
[ZLEVEL-UPDATE] delta=-1 -> Z=5
[ZLEVEL-UPDATE] delta=-1 -> Z=6
[ZLEVEL-UPDATE] delta=-1 -> Z=7
[ZLEVEL-UPDATE] delta=-1 -> Z=8
[ZLEVEL-UPDATE] delta=-1 -> Z=9
[UiRenderer.TopBar] overlay=120x40 tick=6800
[UiRenderer.DockScreen] overlay=120x40 row=39
[UiRenderer.QuickIconsScreen] overlay=120x40 row=38 center=60 width=5
[UiRenderer.TopBar] overlay=120x40 tick=6800
[UiRenderer.DockScreen] overlay=120x40 row=39
[UiRenderer.QuickIconsScreen] overlay=120x40 row=38 center=60 width=5
[ZLEVEL-UPDATE] delta=-1 -> Z=10
[ZLEVEL-UPDATE] delta=-1 -> Z=11
[ZLEVEL-UPDATE] delta=-1 -> Z=12
[UiRenderer.TopBar] overlay=120x40 tick=6850
[UiRenderer.DockScreen] overlay=120x40 row=39
[UiRenderer.QuickIconsScreen] overlay=120x40 row=38 center=60 width=5
[UiRenderer.TopBar] overlay=120x40 tick=6850
[UiRenderer.DockScreen] overlay=120x40 row=39
[UiRenderer.QuickIconsScreen] overlay=120x40 row=38 center=60 width=5
[UiRenderer.TopBar] overlay=120x40 tick=6900
[UiRenderer.DockScreen] overlay=120x40 row=39
[UiRenderer.QuickIconsScreen] overlay=120x40 row=38 center=60 width=5
[UiRenderer.TopBar] overlay=120x40 tick=6900
[UiRenderer.DockScreen] overlay=120x40 row=39
[UiRenderer.QuickIconsScreen] overlay=120x40 row=38 center=60 width=5
[UiRenderer.TopBar] overlay=120x40 tick=6950
[UiRenderer.DockScreen] overlay=120x40 row=39
[UiRenderer.QuickIconsScreen] overlay=120x40 row=38 center=60 width=5
[UiRenderer.TopBar] overlay=120x40 tick=6950
[UiRenderer.DockScreen] overlay=120x40 row=39
[UiRenderer.QuickIconsScreen] overlay=120x40 row=38 center=60 width=5
[UiRenderer.TopBar] overlay=120x40 tick=7000
[UiRenderer.DockScreen] overlay=120x40 row=39
[UiRenderer.QuickIconsScreen] overlay=120x40 row=38 center=60 width=5
[UiRenderer.TopBar] overlay=120x40 tick=7000
[UiRenderer.DockScreen] overlay=120x40 row=39
[UiRenderer.QuickIconsScreen] overlay=120x40 row=38 center=60 width=5
[UiRenderer.TopBar] overlay=120x40 tick=7050
[UiRenderer.DockScreen] overlay=120x40 row=39
[UiRenderer.QuickIconsScreen] overlay=120x40 row=38 center=60 width=5
[UiRenderer.TopBar] overlay=120x40 tick=7100
[UiRenderer.DockScreen] overlay=120x40 row=39
[UiRenderer.QuickIconsScreen] overlay=120x40 row=38 center=60 width=5
[UiRenderer.TopBar] overlay=120x40 tick=7100
[UiRenderer.DockScreen] overlay=120x40 row=39
[UiRenderer.QuickIconsScreen] overlay=120x40 row=38 center=60 width=5
[UiRenderer.TopBar] overlay=120x40 tick=7150
[UiRenderer.DockScreen] overlay=120x40 row=39
[UiRenderer.QuickIconsScreen] overlay=120x40 row=38 center=60 width=5
[UiRenderer.TopBar] overlay=120x40 tick=7150
[UiRenderer.DockScreen] overlay=120x40 row=39
[UiRenderer.QuickIconsScreen] overlay=120x40 row=38 center=60 width=5
[UiRenderer.TopBar] overlay=120x40 tick=7200
[UiRenderer.DockScreen] overlay=120x40 row=39
[UiRenderer.QuickIconsScreen] overlay=120x40 row=38 center=60 width=5
[UiRenderer.TopBar] overlay=120x40 tick=7200
[UiRenderer.DockScreen] overlay=120x40 row=39
[UiRenderer.QuickIconsScreen] overlay=120x40 row=38 center=60 width=5
[UiRenderer.TopBar] overlay=120x40 tick=7250
[UiRenderer.DockScreen] overlay=120x40 row=39
[UiRenderer.QuickIconsScreen] overlay=120x40 row=38 center=60 width=5
[UiRenderer.TopBar] overlay=120x40 tick=7250
[UiRenderer.DockScreen] overlay=120x40 row=39
[UiRenderer.QuickIconsScreen] overlay=120x40 row=38 center=60 width=5
[UiRenderer.TopBar] overlay=120x40 tick=7300
[UiRenderer.DockScreen] overlay=120x40 row=39
[UiRenderer.QuickIconsScreen] overlay=120x40 row=38 center=60 width=5
[UiRenderer.TopBar] overlay=120x40 tick=7300
[UiRenderer.DockScreen] overlay=120x40 row=39
[UiRenderer.QuickIconsScreen] overlay=120x40 row=38 center=60 width=5
[UiRenderer.TopBar] overlay=120x40 tick=7350
[UiRenderer.DockScreen] overlay=120x40 row=39
[UiRenderer.QuickIconsScreen] overlay=120x40 row=38 center=60 width=5
[UiRenderer.TopBar] overlay=120x40 tick=7350
[UiRenderer.DockScreen] overlay=120x40 row=39
[UiRenderer.QuickIconsScreen] overlay=120x40 row=38 center=60 width=5
[UiRenderer.TopBar] overlay=120x40 tick=7400
[UiRenderer.DockScreen] overlay=120x40 row=39
[UiRenderer.QuickIconsScreen] overlay=120x40 row=38 center=60 width=5
[UiRenderer.TopBar] overlay=120x40 tick=7400
[UiRenderer.DockScreen] overlay=120x40 row=39
[UiRenderer.QuickIconsScreen] overlay=120x40 row=38 center=60 width=5
[UiRenderer.TopBar] overlay=120x40 tick=7450
[UiRenderer.DockScreen] overlay=120x40 row=39
[UiRenderer.QuickIconsScreen] overlay=120x40 row=38 center=60 width=5
[UiRenderer.TopBar] overlay=120x40 tick=7450
[UiRenderer.DockScreen] overlay=120x40 row=39
[UiRenderer.QuickIconsScreen] overlay=120x40 row=38 center=60 width=5
[UiRenderer.TopBar] overlay=120x40 tick=7500
[UiRenderer.DockScreen] overlay=120x40 row=39
[UiRenderer.QuickIconsScreen] overlay=120x40 row=38 center=60 width=5
[UiRenderer.TopBar] overlay=120x40 tick=7500
[UiRenderer.DockScreen] overlay=120x40 row=39
[UiRenderer.QuickIconsScreen] overlay=120x40 row=38 center=60 width=5
[UiRenderer.TopBar] overlay=120x40 tick=7550
[UiRenderer.DockScreen] overlay=120x40 row=39
[UiRenderer.QuickIconsScreen] overlay=120x40 row=38 center=60 width=5
[UiRenderer.TopBar] overlay=120x40 tick=7600
[UiRenderer.DockScreen] overlay=120x40 row=39
[UiRenderer.QuickIconsScreen] overlay=120x40 row=38 center=60 width=5
[UiRenderer.TopBar] overlay=120x40 tick=7650
[UiRenderer.DockScreen] overlay=120x40 row=39
[UiRenderer.QuickIconsScreen] overlay=120x40 row=38 center=60 width=5
[UiRenderer.TopBar] overlay=120x40 tick=7700
[UiRenderer.DockScreen] overlay=120x40 row=39
[UiRenderer.QuickIconsScreen] overlay=120x40 row=38 center=60 width=5
[UiRenderer.TopBar] overlay=120x40 tick=7700
[UiRenderer.DockScreen] overlay=120x40 row=39
[UiRenderer.QuickIconsScreen] overlay=120x40 row=38 center=60 width=5
[UiRenderer.TopBar] overlay=120x40 tick=7750
[UiRenderer.DockScreen] overlay=120x40 row=39
[UiRenderer.QuickIconsScreen] overlay=120x40 row=38 center=60 width=5
[UiRenderer.TopBar] overlay=120x40 tick=7750
[UiRenderer.DockScreen] overlay=120x40 row=39
[UiRenderer.QuickIconsScreen] overlay=120x40 row=38 center=60 width=5
[UiRenderer.TopBar] overlay=120x40 tick=7800
[UiRenderer.DockScreen] overlay=120x40 row=39
[UiRenderer.QuickIconsScreen] overlay=120x40 row=38 center=60 width=5
[UiRenderer.TopBar] overlay=120x40 tick=7800
[UiRenderer.DockScreen] overlay=120x40 row=39
[UiRenderer.QuickIconsScreen] overlay=120x40 row=38 center=60 width=5
[UiRenderer.TopBar] overlay=120x40 tick=7850
[UiRenderer.DockScreen] overlay=120x40 row=39
[UiRenderer.QuickIconsScreen] overlay=120x40 row=38 center=60 width=5
[UiRenderer.TopBar] overlay=120x40 tick=7850
[UiRenderer.DockScreen] overlay=120x40 row=39
[UiRenderer.QuickIconsScreen] overlay=120x40 row=38 center=60 width=5
[UiRenderer.TopBar] overlay=120x40 tick=7900
[UiRenderer.DockScreen] overlay=120x40 row=39
[UiRenderer.QuickIconsScreen] overlay=120x40 row=38 center=60 width=5
[UiRenderer.TopBar] overlay=120x40 tick=7900
[UiRenderer.DockScreen] overlay=120x40 row=39
[UiRenderer.QuickIconsScreen] overlay=120x40 row=38 center=60 width=5
[UiRenderer.TopBar] overlay=120x40 tick=7950
[UiRenderer.DockScreen] overlay=120x40 row=39
[UiRenderer.QuickIconsScreen] overlay=120x40 row=38 center=60 width=5
[UiRenderer.TopBar] overlay=120x40 tick=7950
[UiRenderer.DockScreen] overlay=120x40 row=39
[UiRenderer.QuickIconsScreen] overlay=120x40 row=38 center=60 width=5
[UiRenderer.TopBar] overlay=120x40 tick=8000
[UiRenderer.DockScreen] overlay=120x40 row=39
[UiRenderer.QuickIconsScreen] overlay=120x40 row=38 center=60 width=5
[ZLEVEL-UPDATE] delta=-1 -> Z=13
[ZLEVEL-UPDATE] delta=-1 -> Z=14
[UiRenderer.TopBar] overlay=120x40 tick=8050
[UiRenderer.DockScreen] overlay=120x40 row=39
[UiRenderer.QuickIconsScreen] overlay=120x40 row=38 center=60 width=5
[ZLEVEL-UPDATE] delta=-1 -> Z=15
[ZLEVEL-UPDATE] delta=-1 -> Z=16
[ZLEVEL-UPDATE] delta=-1 -> Z=17
[UiRenderer.TopBar] overlay=120x40 tick=8100
[UiRenderer.DockScreen] overlay=120x40 row=39
[UiRenderer.QuickIconsScreen] overlay=120x40 row=38 center=60 width=5
[ZLEVEL-UPDATE] delta=-1 -> Z=18
[ZLEVEL-UPDATE] delta=-1 -> Z=19
[UiRenderer.TopBar] overlay=120x40 tick=8150
[UiRenderer.DockScreen] overlay=120x40 row=39
[UiRenderer.QuickIconsScreen] overlay=120x40 row=38 center=60 width=5
[ZLEVEL-UPDATE] delta=-1 -> Z=20
[ZLEVEL-UPDATE] delta=-1 -> Z=21
[UiRenderer.TopBar] overlay=120x40 tick=8200
[UiRenderer.DockScreen] overlay=120x40 row=39
[UiRenderer.QuickIconsScreen] overlay=120x40 row=38 center=60 width=5
[ZLEVEL-UPDATE] delta=-1 -> Z=22
[ZLEVEL-UPDATE] delta=-1 -> Z=23
[ZLEVEL-UPDATE] delta=-1 -> Z=24
[UiRenderer.TopBar] overlay=120x40 tick=8250
[UiRenderer.DockScreen] overlay=120x40 row=39
[UiRenderer.QuickIconsScreen] overlay=120x40 row=38 center=60 width=5
[UiRenderer.TopBar] overlay=120x40 tick=8250
[UiRenderer.DockScreen] overlay=120x40 row=39
[UiRenderer.QuickIconsScreen] overlay=120x40 row=38 center=60 width=5
[UiRenderer.TopBar] overlay=120x40 tick=8300
[UiRenderer.DockScreen] overlay=120x40 row=39
[UiRenderer.QuickIconsScreen] overlay=120x40 row=38 center=60 width=5
[UiRenderer.TopBar] overlay=120x40 tick=8300
[UiRenderer.DockScreen] overlay=120x40 row=39
[UiRenderer.QuickIconsScreen] overlay=120x40 row=38 center=60 width=5
[UiRenderer.TopBar] overlay=120x40 tick=8350
[UiRenderer.DockScreen] overlay=120x40 row=39
[UiRenderer.QuickIconsScreen] overlay=120x40 row=38 center=60 width=5
[UiRenderer.TopBar] overlay=120x40 tick=8350
[UiRenderer.DockScreen] overlay=120x40 row=39
[UiRenderer.QuickIconsScreen] overlay=120x40 row=38 center=60 width=5
[UiRenderer.TopBar] overlay=120x40 tick=8400
[UiRenderer.DockScreen] overlay=120x40 row=39
[UiRenderer.QuickIconsScreen] overlay=120x40 row=38 center=60 width=5
[UiRenderer.TopBar] overlay=120x40 tick=8400
[UiRenderer.DockScreen] overlay=120x40 row=39
[UiRenderer.QuickIconsScreen] overlay=120x40 row=38 center=60 width=5
[UiRenderer.TopBar] overlay=120x40 tick=8450
[UiRenderer.DockScreen] overlay=120x40 row=39
[UiRenderer.QuickIconsScreen] overlay=120x40 row=38 center=60 width=5
[UiRenderer.TopBar] overlay=120x40 tick=8500
[UiRenderer.DockScreen] overlay=120x40 row=39
[UiRenderer.QuickIconsScreen] overlay=120x40 row=38 center=60 width=5
[UiRenderer.TopBar] overlay=120x40 tick=8500
[UiRenderer.DockScreen] overlay=120x40 row=39
[UiRenderer.QuickIconsScreen] overlay=120x40 row=38 center=60 width=5
[ZLEVEL-UPDATE] delta=-1 -> Z=25
[UiRenderer.TopBar] overlay=120x40 tick=8550
[UiRenderer.DockScreen] overlay=120x40 row=39
[UiRenderer.QuickIconsScreen] overlay=120x40 row=38 center=60 width=5
[ZLEVEL-UPDATE] delta=-1 -> Z=26
[ZLEVEL-UPDATE] delta=1 -> Z=25
[UiRenderer.TopBar] overlay=120x40 tick=8600
[UiRenderer.DockScreen] overlay=120x40 row=39
[UiRenderer.QuickIconsScreen] overlay=120x40 row=38 center=60 width=5
[UiRenderer.TopBar] overlay=120x40 tick=8650
[UiRenderer.DockScreen] overlay=120x40 row=39
[UiRenderer.QuickIconsScreen] overlay=120x40 row=38 center=60 width=5
[UiRenderer.TopBar] overlay=120x40 tick=8650
[UiRenderer.DockScreen] overlay=120x40 row=39
[UiRenderer.QuickIconsScreen] overlay=120x40 row=38 center=60 width=5
[UiRenderer.TopBar] overlay=120x40 tick=8700
[UiRenderer.DockScreen] overlay=120x40 row=39
[UiRenderer.QuickIconsScreen] overlay=120x40 row=38 center=60 width=5
[UiRenderer.TopBar] overlay=120x40 tick=8700
[UiRenderer.DockScreen] overlay=120x40 row=39
[UiRenderer.QuickIconsScreen] overlay=120x40 row=38 center=60 width=5
[UiRenderer.TopBar] overlay=120x40 tick=8750
[UiRenderer.DockScreen] overlay=120x40 row=39
[UiRenderer.QuickIconsScreen] overlay=120x40 row=38 center=60 width=5
[UiRenderer.TopBar] overlay=120x40 tick=8750
[UiRenderer.DockScreen] overlay=120x40 row=39
[UiRenderer.QuickIconsScreen] overlay=120x40 row=38 center=60 width=5
[UiRenderer.TopBar] overlay=120x40 tick=8800
[UiRenderer.DockScreen] overlay=120x40 row=39
[UiRenderer.QuickIconsScreen] overlay=120x40 row=38 center=60 width=5
[UiRenderer.TopBar] overlay=120x40 tick=8800
[UiRenderer.DockScreen] overlay=120x40 row=39
[UiRenderer.QuickIconsScreen] overlay=120x40 row=38 center=60 width=5
[UiRenderer.TopBar] overlay=120x40 tick=8850
[UiRenderer.DockScreen] overlay=120x40 row=39
[UiRenderer.QuickIconsScreen] overlay=120x40 row=38 center=60 width=5
[UiRenderer.TopBar] overlay=120x40 tick=8850
[UiRenderer.DockScreen] overlay=120x40 row=39
[UiRenderer.QuickIconsScreen] overlay=120x40 row=38 center=60 width=5
[UiRenderer.TopBar] overlay=120x40 tick=8900
[UiRenderer.DockScreen] overlay=120x40 row=39
[UiRenderer.QuickIconsScreen] overlay=120x40 row=38 center=60 width=5
[UiRenderer.TopBar] overlay=120x40 tick=8900
[UiRenderer.DockScreen] overlay=120x40 row=39
[UiRenderer.QuickIconsScreen] overlay=120x40 row=38 center=60 width=5
[UiRenderer.TopBar] overlay=120x40 tick=8950
[UiRenderer.DockScreen] overlay=120x40 row=39
[UiRenderer.QuickIconsScreen] overlay=120x40 row=38 center=60 width=5
[UiRenderer.TopBar] overlay=120x40 tick=8950
[UiRenderer.DockScreen] overlay=120x40 row=39
[UiRenderer.QuickIconsScreen] overlay=120x40 row=38 center=60 width=5
[UiRenderer.TopBar] overlay=120x40 tick=9000
[UiRenderer.DockScreen] overlay=120x40 row=39
[UiRenderer.QuickIconsScreen] overlay=120x40 row=38 center=60 width=5
[UiRenderer.TopBar] overlay=120x40 tick=9000
[UiRenderer.DockScreen] overlay=120x40 row=39
[UiRenderer.QuickIconsScreen] overlay=120x40 row=38 center=60 width=5
[UiRenderer.TopBar] overlay=120x40 tick=9050
[UiRenderer.DockScreen] overlay=120x40 row=39
[UiRenderer.QuickIconsScreen] overlay=120x40 row=38 center=60 width=5
[UiRenderer.TopBar] overlay=120x40 tick=9100
[UiRenderer.DockScreen] overlay=120x40 row=39
[UiRenderer.QuickIconsScreen] overlay=120x40 row=38 center=60 width=5
[UiRenderer.TopBar] overlay=120x40 tick=9150
[UiRenderer.DockScreen] overlay=120x40 row=39
[UiRenderer.QuickIconsScreen] overlay=120x40 row=38 center=60 width=5
[UiRenderer.TopBar] overlay=120x40 tick=9200
[UiRenderer.DockScreen] overlay=120x40 row=39
[UiRenderer.QuickIconsScreen] overlay=120x40 row=38 center=60 width=5
[UiRenderer.TopBar] overlay=120x40 tick=9250
[UiRenderer.DockScreen] overlay=120x40 row=39
[UiRenderer.QuickIconsScreen] overlay=120x40 row=38 center=60 width=5
[UiRenderer.TopBar] overlay=120x40 tick=9300
[UiRenderer.DockScreen] overlay=120x40 row=39
[UiRenderer.QuickIconsScreen] overlay=120x40 row=38 center=60 width=5
[UiRenderer.TopBar] overlay=120x40 tick=9350
[UiRenderer.DockScreen] overlay=120x40 row=39
[UiRenderer.QuickIconsScreen] overlay=120x40 row=38 center=60 width=5
[UiRenderer.TopBar] overlay=120x40 tick=9400
[UiRenderer.DockScreen] overlay=120x40 row=39
[UiRenderer.QuickIconsScreen] overlay=120x40 row=38 center=60 width=5
[UiRenderer.TopBar] overlay=120x40 tick=9450
[UiRenderer.DockScreen] overlay=120x40 row=39
[UiRenderer.QuickIconsScreen] overlay=120x40 row=38 center=60 width=5
[UiRenderer.TopBar] overlay=120x40 tick=9500
[UiRenderer.DockScreen] overlay=120x40 row=39
[UiRenderer.QuickIconsScreen] overlay=120x40 row=38 center=60 width=5
[UiRenderer.TopBar] overlay=120x40 tick=9550
[UiRenderer.DockScreen] overlay=120x40 row=39
[UiRenderer.QuickIconsScreen] overlay=120x40 row=38 center=60 width=5
[UiRenderer.TopBar] overlay=120x40 tick=9600
[UiRenderer.DockScreen] overlay=120x40 row=39
[UiRenderer.QuickIconsScreen] overlay=120x40 row=38 center=60 width=5
[UiRenderer.TopBar] overlay=120x40 tick=9650
[UiRenderer.DockScreen] overlay=120x40 row=39
[UiRenderer.QuickIconsScreen] overlay=120x40 row=38 center=60 width=5
[UiRenderer.TopBar] overlay=120x40 tick=9700
[UiRenderer.DockScreen] overlay=120x40 row=39
[UiRenderer.QuickIconsScreen] overlay=120x40 row=38 center=60 width=5
[UiRenderer.TopBar] overlay=120x40 tick=9750
[UiRenderer.DockScreen] overlay=120x40 row=39
[UiRenderer.QuickIconsScreen] overlay=120x40 row=38 center=60 width=5
[UiRenderer.TopBar] overlay=120x40 tick=9800
[UiRenderer.DockScreen] overlay=120x40 row=39
[UiRenderer.QuickIconsScreen] overlay=120x40 row=38 center=60 width=5
[UiRenderer.TopBar] overlay=120x40 tick=9850
[UiRenderer.DockScreen] overlay=120x40 row=39
[UiRenderer.QuickIconsScreen] overlay=120x40 row=38 center=60 width=5
[UiRenderer.TopBar] overlay=120x40 tick=9900
[UiRenderer.DockScreen] overlay=120x40 row=39
[UiRenderer.QuickIconsScreen] overlay=120x40 row=38 center=60 width=5
[UiRenderer.TopBar] overlay=120x40 tick=9950
[UiRenderer.DockScreen] overlay=120x40 row=39
[UiRenderer.QuickIconsScreen] overlay=120x40 row=38 center=60 width=5
[UiRenderer.TopBar] overlay=120x40 tick=10000
[UiRenderer.DockScreen] overlay=120x40 row=39
[UiRenderer.QuickIconsScreen] overlay=120x40 row=38 center=60 width=5
[UiRenderer.TopBar] overlay=120x40 tick=10050
[UiRenderer.DockScreen] overlay=120x40 row=39
[UiRenderer.QuickIconsScreen] overlay=120x40 row=38 center=60 width=5
[UiRenderer.TopBar] overlay=120x40 tick=10100
[UiRenderer.DockScreen] overlay=120x40 row=39
[UiRenderer.QuickIconsScreen] overlay=120x40 row=38 center=60 width=5
[UiRenderer.TopBar] overlay=120x40 tick=10150
[UiRenderer.DockScreen] overlay=120x40 row=39
[UiRenderer.QuickIconsScreen] overlay=120x40 row=38 center=60 width=5
[UiRenderer.TopBar] overlay=120x40 tick=10200
[UiRenderer.DockScreen] overlay=120x40 row=39
[UiRenderer.QuickIconsScreen] overlay=120x40 row=38 center=60 width=5
[UiRenderer.TopBar] overlay=120x40 tick=10250
[UiRenderer.DockScreen] overlay=120x40 row=39
[UiRenderer.QuickIconsScreen] overlay=120x40 row=38 center=60 width=5
[UiRenderer.TopBar] overlay=120x40 tick=10300
[UiRenderer.DockScreen] overlay=120x40 row=39
[UiRenderer.QuickIconsScreen] overlay=120x40 row=38 center=60 width=5
[UiRenderer.TopBar] overlay=120x40 tick=10350
[UiRenderer.DockScreen] overlay=120x40 row=39
[UiRenderer.QuickIconsScreen] overlay=120x40 row=38 center=60 width=5
[UiRenderer.TopBar] overlay=120x40 tick=10400
[UiRenderer.DockScreen] overlay=120x40 row=39
[UiRenderer.QuickIconsScreen] overlay=120x40 row=38 center=60 width=5
[UiRenderer.TopBar] overlay=120x40 tick=10450
[UiRenderer.DockScreen] overlay=120x40 row=39
[UiRenderer.QuickIconsScreen] overlay=120x40 row=38 center=60 width=5
[UiRenderer.TopBar] overlay=120x40 tick=10500
[UiRenderer.DockScreen] overlay=120x40 row=39
[UiRenderer.QuickIconsScreen] overlay=120x40 row=38 center=60 width=5
[UiRenderer.TopBar] overlay=120x40 tick=10550
[UiRenderer.DockScreen] overlay=120x40 row=39
[UiRenderer.QuickIconsScreen] overlay=120x40 row=38 center=60 width=5
[UiRenderer.TopBar] overlay=120x40 tick=10600
[UiRenderer.DockScreen] overlay=120x40 row=39
[UiRenderer.QuickIconsScreen] overlay=120x40 row=38 center=60 width=5
[UiRenderer.TopBar] overlay=120x40 tick=10650
[UiRenderer.DockScreen] overlay=120x40 row=39
[UiRenderer.QuickIconsScreen] overlay=120x40 row=38 center=60 width=5
[UiRenderer.TopBar] overlay=120x40 tick=10700
[UiRenderer.DockScreen] overlay=120x40 row=39
[UiRenderer.QuickIconsScreen] overlay=120x40 row=38 center=60 width=5
[UiRenderer.TopBar] overlay=120x40 tick=10750
[UiRenderer.DockScreen] overlay=120x40 row=39
[UiRenderer.QuickIconsScreen] overlay=120x40 row=38 center=60 width=5
[UiRenderer.TopBar] overlay=120x40 tick=10800
[UiRenderer.DockScreen] overlay=120x40 row=39
[UiRenderer.QuickIconsScreen] overlay=120x40 row=38 center=60 width=5
[UiRenderer.TopBar] overlay=120x40 tick=10850
[UiRenderer.DockScreen] overlay=120x40 row=39
[UiRenderer.QuickIconsScreen] overlay=120x40 row=38 center=60 width=5
[UiRenderer.TopBar] overlay=120x40 tick=10900
[UiRenderer.DockScreen] overlay=120x40 row=39
[UiRenderer.QuickIconsScreen] overlay=120x40 row=38 center=60 width=5
[UiRenderer.TopBar] overlay=120x40 tick=10950
[UiRenderer.DockScreen] overlay=120x40 row=39
[UiRenderer.QuickIconsScreen] overlay=120x40 row=38 center=60 width=5
[UiRenderer.TopBar] overlay=120x40 tick=11000
[UiRenderer.DockScreen] overlay=120x40 row=39
[UiRenderer.QuickIconsScreen] overlay=120x40 row=38 center=60 width=5
[UiRenderer.TopBar] overlay=120x40 tick=11050
[UiRenderer.DockScreen] overlay=120x40 row=39
[UiRenderer.QuickIconsScreen] overlay=120x40 row=38 center=60 width=5
[UiRenderer.TopBar] overlay=120x40 tick=11100
[UiRenderer.DockScreen] overlay=120x40 row=39
[UiRenderer.QuickIconsScreen] overlay=120x40 row=38 center=60 width=5
[UiRenderer.TopBar] overlay=120x40 tick=11150
[UiRenderer.DockScreen] overlay=120x40 row=39
[UiRenderer.QuickIconsScreen] overlay=120x40 row=38 center=60 width=5
[UiRenderer.TopBar] overlay=120x40 tick=11200
[UiRenderer.DockScreen] overlay=120x40 row=39
[UiRenderer.QuickIconsScreen] overlay=120x40 row=38 center=60 width=5
[UiRenderer.TopBar] overlay=120x40 tick=11250
[UiRenderer.DockScreen] overlay=120x40 row=39
[UiRenderer.QuickIconsScreen] overlay=120x40 row=38 center=60 width=5
[UiRenderer.TopBar] overlay=120x40 tick=11300
[UiRenderer.DockScreen] overlay=120x40 row=39
[UiRenderer.QuickIconsScreen] overlay=120x40 row=38 center=60 width=5
[UiRenderer.TopBar] overlay=120x40 tick=11350
[UiRenderer.DockScreen] overlay=120x40 row=39
[UiRenderer.QuickIconsScreen] overlay=120x40 row=38 center=60 width=5
[UiRenderer.TopBar] overlay=120x40 tick=11400
[UiRenderer.DockScreen] overlay=120x40 row=39
[UiRenderer.QuickIconsScreen] overlay=120x40 row=38 center=60 width=5
[UiRenderer.TopBar] overlay=120x40 tick=11450
[UiRenderer.DockScreen] overlay=120x40 row=39
[UiRenderer.QuickIconsScreen] overlay=120x40 row=38 center=60 width=5
[UiRenderer.TopBar] overlay=120x40 tick=11500
[UiRenderer.DockScreen] overlay=120x40 row=39
[UiRenderer.QuickIconsScreen] overlay=120x40 row=38 center=60 width=5
[UiRenderer.TopBar] overlay=120x40 tick=11550
[UiRenderer.DockScreen] overlay=120x40 row=39
[UiRenderer.QuickIconsScreen] overlay=120x40 row=38 center=60 width=5
[UiRenderer.TopBar] overlay=120x40 tick=11600
[UiRenderer.DockScreen] overlay=120x40 row=39
[UiRenderer.QuickIconsScreen] overlay=120x40 row=38 center=60 width=5
[UiRenderer.TopBar] overlay=120x40 tick=11650
[UiRenderer.DockScreen] overlay=120x40 row=39
[UiRenderer.QuickIconsScreen] overlay=120x40 row=38 center=60 width=5
[UiRenderer.TopBar] overlay=120x40 tick=11700
[UiRenderer.DockScreen] overlay=120x40 row=39
[UiRenderer.QuickIconsScreen] overlay=120x40 row=38 center=60 width=5
[UiRenderer.TopBar] overlay=120x40 tick=11750
[UiRenderer.DockScreen] overlay=120x40 row=39
[UiRenderer.QuickIconsScreen] overlay=120x40 row=38 center=60 width=5
[UiRenderer.TopBar] overlay=120x40 tick=11750
[UiRenderer.DockScreen] overlay=120x40 row=39
[UiRenderer.QuickIconsScreen] overlay=120x40 row=38 center=60 width=5
[UiRenderer.TopBar] overlay=120x40 tick=11800
[UiRenderer.DockScreen] overlay=120x40 row=39
[UiRenderer.QuickIconsScreen] overlay=120x40 row=38 center=60 width=5
[UiRenderer.TopBar] overlay=120x40 tick=11800
[UiRenderer.DockScreen] overlay=120x40 row=39
[UiRenderer.QuickIconsScreen] overlay=120x40 row=38 center=60 width=5
[UiRenderer.TopBar] overlay=120x40 tick=11850
[UiRenderer.DockScreen] overlay=120x40 row=39
[UiRenderer.QuickIconsScreen] overlay=120x40 row=38 center=60 width=5
[UiRenderer.TopBar] overlay=120x40 tick=11850
[UiRenderer.DockScreen] overlay=120x40 row=39
[UiRenderer.QuickIconsScreen] overlay=120x40 row=38 center=60 width=5
[UiRenderer.TopBar] overlay=120x40 tick=11900
[UiRenderer.DockScreen] overlay=120x40 row=39
[UiRenderer.QuickIconsScreen] overlay=120x40 row=38 center=60 width=5
[UiRenderer.TopBar] overlay=120x40 tick=11950
[UiRenderer.DockScreen] overlay=120x40 row=39
[UiRenderer.QuickIconsScreen] overlay=120x40 row=38 center=60 width=5
[UiRenderer.TopBar] overlay=120x40 tick=12000
[UiRenderer.DockScreen] overlay=120x40 row=39
[UiRenderer.QuickIconsScreen] overlay=120x40 row=38 center=60 width=5
[UiRenderer.TopBar] overlay=120x40 tick=12050
[UiRenderer.DockScreen] overlay=120x40 row=39
[UiRenderer.QuickIconsScreen] overlay=120x40 row=38 center=60 width=5
[UiRenderer.TopBar] overlay=120x40 tick=12100
[UiRenderer.DockScreen] overlay=120x40 row=39
[UiRenderer.QuickIconsScreen] overlay=120x40 row=38 center=60 width=5
[UiRenderer.TopBar] overlay=120x40 tick=12150
[UiRenderer.DockScreen] overlay=120x40 row=39
[UiRenderer.QuickIconsScreen] overlay=120x40 row=38 center=60 width=5
[UiRenderer.TopBar] overlay=120x40 tick=12200
[UiRenderer.DockScreen] overlay=120x40 row=39
[UiRenderer.QuickIconsScreen] overlay=120x40 row=38 center=60 width=5
[UiRenderer.TopBar] overlay=120x40 tick=12250
[UiRenderer.DockScreen] overlay=120x40 row=39
[UiRenderer.QuickIconsScreen] overlay=120x40 row=38 center=60 width=5
[UiRenderer.TopBar] overlay=120x40 tick=12300
[UiRenderer.DockScreen] overlay=120x40 row=39
[UiRenderer.QuickIconsScreen] overlay=120x40 row=38 center=60 width=5
[UiRenderer.TopBar] overlay=120x40 tick=12350
[UiRenderer.DockScreen] overlay=120x40 row=39
[UiRenderer.QuickIconsScreen] overlay=120x40 row=38 center=60 width=5
[UiRenderer.TopBar] overlay=120x40 tick=12400
[UiRenderer.DockScreen] overlay=120x40 row=39
[UiRenderer.QuickIconsScreen] overlay=120x40 row=38 center=60 width=5
[UiRenderer.TopBar] overlay=120x40 tick=12450
[UiRenderer.DockScreen] overlay=120x40 row=39
[UiRenderer.QuickIconsScreen] overlay=120x40 row=38 center=60 width=5
[UiRenderer.TopBar] overlay=120x40 tick=12500
[UiRenderer.DockScreen] overlay=120x40 row=39
[UiRenderer.QuickIconsScreen] overlay=120x40 row=38 center=60 width=5
[UiRenderer.TopBar] overlay=120x40 tick=12550
[UiRenderer.DockScreen] overlay=120x40 row=39
[UiRenderer.QuickIconsScreen] overlay=120x40 row=38 center=60 width=5
[UiRenderer.TopBar] overlay=120x40 tick=12600
[UiRenderer.DockScreen] overlay=120x40 row=39
[UiRenderer.QuickIconsScreen] overlay=120x40 row=38 center=60 width=5
[UiRenderer.TopBar] overlay=120x40 tick=12650
[UiRenderer.DockScreen] overlay=120x40 row=39
[UiRenderer.QuickIconsScreen] overlay=120x40 row=38 center=60 width=5
[UiRenderer.TopBar] overlay=120x40 tick=12700
[UiRenderer.DockScreen] overlay=120x40 row=39
[UiRenderer.QuickIconsScreen] overlay=120x40 row=38 center=60 width=5
[UiRenderer.TopBar] overlay=120x40 tick=12750
[UiRenderer.DockScreen] overlay=120x40 row=39
[UiRenderer.QuickIconsScreen] overlay=120x40 row=38 center=60 width=5
[UiRenderer.TopBar] overlay=120x40 tick=12800
[UiRenderer.DockScreen] overlay=120x40 row=39
[UiRenderer.QuickIconsScreen] overlay=120x40 row=38 center=60 width=5
[UiRenderer.TopBar] overlay=120x40 tick=12850
[UiRenderer.DockScreen] overlay=120x40 row=39
[UiRenderer.QuickIconsScreen] overlay=120x40 row=38 center=60 width=5
[UiRenderer.TopBar] overlay=120x40 tick=12900
[UiRenderer.DockScreen] overlay=120x40 row=39
[UiRenderer.QuickIconsScreen] overlay=120x40 row=38 center=60 width=5
[UiRenderer.TopBar] overlay=120x40 tick=12950
[UiRenderer.DockScreen] overlay=120x40 row=39
[UiRenderer.QuickIconsScreen] overlay=120x40 row=38 center=60 width=5
[UiRenderer.TopBar] overlay=120x40 tick=13000
[UiRenderer.DockScreen] overlay=120x40 row=39
[UiRenderer.QuickIconsScreen] overlay=120x40 row=38 center=60 width=5
[UiRenderer.TopBar] overlay=120x40 tick=13050
[UiRenderer.DockScreen] overlay=120x40 row=39
[UiRenderer.QuickIconsScreen] overlay=120x40 row=38 center=60 width=5
[UiRenderer.TopBar] overlay=120x40 tick=13100
[UiRenderer.DockScreen] overlay=120x40 row=39
[UiRenderer.QuickIconsScreen] overlay=120x40 row=38 center=60 width=5
[UiRenderer.TopBar] overlay=120x40 tick=13150
[UiRenderer.DockScreen] overlay=120x40 row=39
[UiRenderer.QuickIconsScreen] overlay=120x40 row=38 center=60 width=5
[UiRenderer.TopBar] overlay=120x40 tick=13200
[UiRenderer.DockScreen] overlay=120x40 row=39
[UiRenderer.QuickIconsScreen] overlay=120x40 row=38 center=60 width=5
[UiRenderer.TopBar] overlay=120x40 tick=13250
[UiRenderer.DockScreen] overlay=120x40 row=39
[UiRenderer.QuickIconsScreen] overlay=120x40 row=38 center=60 width=5
[UiRenderer.TopBar] overlay=120x40 tick=13300
[UiRenderer.DockScreen] overlay=120x40 row=39
[UiRenderer.QuickIconsScreen] overlay=120x40 row=38 center=60 width=5
[UiRenderer.TopBar] overlay=120x40 tick=13350
[UiRenderer.DockScreen] overlay=120x40 row=39
[UiRenderer.QuickIconsScreen] overlay=120x40 row=38 center=60 width=5
[UiRenderer.TopBar] overlay=120x40 tick=13400
[UiRenderer.DockScreen] overlay=120x40 row=39
[UiRenderer.QuickIconsScreen] overlay=120x40 row=38 center=60 width=5
[UiRenderer.TopBar] overlay=120x40 tick=13450
[UiRenderer.DockScreen] overlay=120x40 row=39
[UiRenderer.QuickIconsScreen] overlay=120x40 row=38 center=60 width=5
[UiRenderer.TopBar] overlay=120x40 tick=13500
[UiRenderer.DockScreen] overlay=120x40 row=39
[UiRenderer.QuickIconsScreen] overlay=120x40 row=38 center=60 width=5
[UiRenderer.TopBar] overlay=120x40 tick=13550
[UiRenderer.DockScreen] overlay=120x40 row=39
[UiRenderer.QuickIconsScreen] overlay=120x40 row=38 center=60 width=5
[UiRenderer.TopBar] overlay=120x40 tick=13600
[UiRenderer.DockScreen] overlay=120x40 row=39
[UiRenderer.QuickIconsScreen] overlay=120x40 row=38 center=60 width=5
[UiRenderer.TopBar] overlay=120x40 tick=13650
[UiRenderer.DockScreen] overlay=120x40 row=39
[UiRenderer.QuickIconsScreen] overlay=120x40 row=38 center=60 width=5
[UiRenderer.TopBar] overlay=120x40 tick=13700
[UiRenderer.DockScreen] overlay=120x40 row=39
[UiRenderer.QuickIconsScreen] overlay=120x40 row=38 center=60 width=5
[UiRenderer.TopBar] overlay=120x40 tick=13750
[UiRenderer.DockScreen] overlay=120x40 row=39
[UiRenderer.QuickIconsScreen] overlay=120x40 row=38 center=60 width=5
[UiRenderer.TopBar] overlay=120x40 tick=13800
[UiRenderer.DockScreen] overlay=120x40 row=39
[UiRenderer.QuickIconsScreen] overlay=120x40 row=38 center=60 width=5
[UiRenderer.TopBar] overlay=120x40 tick=13850
[UiRenderer.DockScreen] overlay=120x40 row=39
[UiRenderer.QuickIconsScreen] overlay=120x40 row=38 center=60 width=5
[UiRenderer.TopBar] overlay=120x40 tick=13900
[UiRenderer.DockScreen] overlay=120x40 row=39
[UiRenderer.QuickIconsScreen] overlay=120x40 row=38 center=60 width=5
[UiRenderer.TopBar] overlay=120x40 tick=13950
[UiRenderer.DockScreen] overlay=120x40 row=39
[UiRenderer.QuickIconsScreen] overlay=120x40 row=38 center=60 width=5
[UiRenderer.TopBar] overlay=120x40 tick=14000
[UiRenderer.DockScreen] overlay=120x40 row=39
[UiRenderer.QuickIconsScreen] overlay=120x40 row=38 center=60 width=5
[UiRenderer.TopBar] overlay=120x40 tick=14050
[UiRenderer.DockScreen] overlay=120x40 row=39
[UiRenderer.QuickIconsScreen] overlay=120x40 row=38 center=60 width=5
[UiRenderer.TopBar] overlay=120x40 tick=14100
[UiRenderer.DockScreen] overlay=120x40 row=39
[UiRenderer.QuickIconsScreen] overlay=120x40 row=38 center=60 width=5
[UiRenderer.TopBar] overlay=120x40 tick=14150
[UiRenderer.DockScreen] overlay=120x40 row=39
[UiRenderer.QuickIconsScreen] overlay=120x40 row=38 center=60 width=5
[UiRenderer.TopBar] overlay=120x40 tick=14200
[UiRenderer.DockScreen] overlay=120x40 row=39
[UiRenderer.QuickIconsScreen] overlay=120x40 row=38 center=60 width=5
[UiRenderer.TopBar] overlay=120x40 tick=14250
[UiRenderer.DockScreen] overlay=120x40 row=39
[UiRenderer.QuickIconsScreen] overlay=120x40 row=38 center=60 width=5
[UiRenderer.TopBar] overlay=120x40 tick=14300
[UiRenderer.DockScreen] overlay=120x40 row=39
[UiRenderer.QuickIconsScreen] overlay=120x40 row=38 center=60 width=5
[UiRenderer.TopBar] overlay=120x40 tick=14350
[UiRenderer.DockScreen] overlay=120x40 row=39
[UiRenderer.QuickIconsScreen] overlay=120x40 row=38 center=60 width=5
[UiRenderer.TopBar] overlay=120x40 tick=14400
[UiRenderer.DockScreen] overlay=120x40 row=39
[UiRenderer.QuickIconsScreen] overlay=120x40 row=38 center=60 width=5
[UiRenderer.TopBar] overlay=120x40 tick=14400
[UiRenderer.DockScreen] overlay=120x40 row=39
[UiRenderer.QuickIconsScreen] overlay=120x40 row=38 center=60 width=5
[UiRenderer.TopBar] overlay=120x40 tick=14450
[UiRenderer.DockScreen] overlay=120x40 row=39
[UiRenderer.QuickIconsScreen] overlay=120x40 row=38 center=60 width=5
[UiRenderer.TopBar] overlay=120x40 tick=14450
[UiRenderer.DockScreen] overlay=120x40 row=39
[UiRenderer.QuickIconsScreen] overlay=120x40 row=38 center=60 width=5
[UiRenderer.TopBar] overlay=120x40 tick=14500
[UiRenderer.DockScreen] overlay=120x40 row=39
[UiRenderer.QuickIconsScreen] overlay=120x40 row=38 center=60 width=5
[UiRenderer.TopBar] overlay=120x40 tick=14500
[UiRenderer.DockScreen] overlay=120x40 row=39
[UiRenderer.QuickIconsScreen] overlay=120x40 row=38 center=60 width=5
[UiRenderer.TopBar] overlay=120x40 tick=14550
[UiRenderer.DockScreen] overlay=120x40 row=39
[UiRenderer.QuickIconsScreen] overlay=120x40 row=38 center=60 width=5
[UiRenderer.TopBar] overlay=120x40 tick=14550
[UiRenderer.DockScreen] overlay=120x40 row=39
[UiRenderer.QuickIconsScreen] overlay=120x40 row=38 center=60 width=5
[UiRenderer.TopBar] overlay=120x40 tick=14600
[UiRenderer.DockScreen] overlay=120x40 row=39
[UiRenderer.QuickIconsScreen] overlay=120x40 row=38 center=60 width=5
[UiRenderer.TopBar] overlay=120x40 tick=14600
[UiRenderer.DockScreen] overlay=120x40 row=39
[UiRenderer.QuickIconsScreen] overlay=120x40 row=38 center=60 width=5
[UiRenderer.TopBar] overlay=120x40 tick=14650
[UiRenderer.DockScreen] overlay=120x40 row=39
[UiRenderer.QuickIconsScreen] overlay=120x40 row=38 center=60 width=5
[UiRenderer.TopBar] overlay=120x40 tick=14650
[UiRenderer.DockScreen] overlay=120x40 row=39
[UiRenderer.QuickIconsScreen] overlay=120x40 row=38 center=60 width=5
[UiRenderer.TopBar] overlay=120x40 tick=14700
[UiRenderer.DockScreen] overlay=120x40 row=39
[UiRenderer.QuickIconsScreen] overlay=120x40 row=38 center=60 width=5
[UiRenderer.TopBar] overlay=120x40 tick=14700
[UiRenderer.DockScreen] overlay=120x40 row=39
[UiRenderer.QuickIconsScreen] overlay=120x40 row=38 center=60 width=5
[UiRenderer.TopBar] overlay=120x40 tick=14750
[UiRenderer.DockScreen] overlay=120x40 row=39
[UiRenderer.QuickIconsScreen] overlay=120x40 row=38 center=60 width=5
[UiRenderer.TopBar] overlay=120x40 tick=14750
[UiRenderer.DockScreen] overlay=120x40 row=39
[UiRenderer.QuickIconsScreen] overlay=120x40 row=38 center=60 width=5
[UiRenderer.TopBar] overlay=120x40 tick=14800
[UiRenderer.DockScreen] overlay=120x40 row=39
[UiRenderer.QuickIconsScreen] overlay=120x40 row=38 center=60 width=5
[UiRenderer.TopBar] overlay=120x40 tick=14800
[UiRenderer.DockScreen] overlay=120x40 row=39
[UiRenderer.QuickIconsScreen] overlay=120x40 row=38 center=60 width=5
[UiRenderer.TopBar] overlay=120x40 tick=14850
[UiRenderer.DockScreen] overlay=120x40 row=39
[UiRenderer.QuickIconsScreen] overlay=120x40 row=38 center=60 width=5
[UiRenderer.TopBar] overlay=120x40 tick=14850
[UiRenderer.DockScreen] overlay=120x40 row=39
[UiRenderer.QuickIconsScreen] overlay=120x40 row=38 center=60 width=5
[UiRenderer.TopBar] overlay=120x40 tick=14900
[UiRenderer.DockScreen] overlay=120x40 row=39
[UiRenderer.QuickIconsScreen] overlay=120x40 row=38 center=60 width=5
[UiRenderer.TopBar] overlay=120x40 tick=14900
[UiRenderer.DockScreen] overlay=120x40 row=39
[UiRenderer.QuickIconsScreen] overlay=120x40 row=38 center=60 width=5
[UiRenderer.TopBar] overlay=120x40 tick=14950
[UiRenderer.DockScreen] overlay=120x40 row=39
[UiRenderer.QuickIconsScreen] overlay=120x40 row=38 center=60 width=5
[SHUTDOWN] Game shutting down normally
