[STARTUP] HumanFortress starting at 6/10/2025 1:08:26 PM
[STARTUP] Log file: C:\Users\User\Desktop\humanfortress\TheFortressSimulation\publish\HumanFortress.App\fortress_debug.log
[STARTUP] Content loaded successfully from C:\Users\User\Desktop\humanfortress\TheFortressSimulation\publish\HumanFortress.App\content
[GameStateManager] ChangeState from  to MainMenu
[GameStateManager] States registered: MainMenu, WorldGen, WorldMap, EmbarkPrep, FortressPlay
[GameStateManager] Calling Enter on MainMenu
Entered Main Menu
[GameStateManager] Enter completed for MainMenu
MainMenuState: Key pressed - RightShift
MainMenuState: Key pressed - N
[GameStateManager] ChangeState from MainMenu to WorldGen
[GameStateManager] States registered: MainMenu, WorldGen, WorldMap, EmbarkPrep, FortressPlay
[GameStateManager] Calling Exit on MainMenu
[GameStateManager] Calling Enter on WorldGen
[GameStateManager] Enter completed for WorldGen
[GameStateManager] ChangeState from WorldGen to WorldMap
[GameStateManager] States registered: MainMenu, WorldGen, WorldMap, EmbarkPrep, FortressPlay
[GameStateManager] Calling Exit on WorldGen
[GameStateManager] Calling Enter on WorldMap
[GameStateManager] Enter completed for WorldMap
[GameStateManager] ChangeState from WorldMap to EmbarkPrep
[GameStateManager] States registered: MainMenu, WorldGen, WorldMap, EmbarkPrep, FortressPlay
[GameStateManager] Calling Exit on WorldMap
[GameStateManager] Calling Enter on EmbarkPrep
[GameStateManager] Enter completed for EmbarkPrep
[GameStateManager] ChangeState from EmbarkPrep to FortressPlay
[GameStateManager] States registered: MainMenu, WorldGen, WorldMap, EmbarkPrep, FortressPlay
[GameStateManager] Calling Exit on EmbarkPrep
[GameStateManager] Calling Enter on FortressPlay
Entered Fortress Play
[GameStateManager] Loading creature and item definitions from C:\Users\User\Desktop\humanfortress\TheFortressSimulation\publish\HumanFortress.App\data\core
[ItemManager] ERROR: Invalid definition 'core_weapon_cannon_swivel' in weapons_ranged.json: Item 'core_weapon_cannon_swivel' has invalid kind: SIEGE_WEAPON
[ItemManager] ERROR: Invalid definition 'core_weapon_cannon_saker' in weapons_ranged.json: Item 'core_weapon_cannon_saker' has invalid kind: SIEGE_WEAPON
[ItemManager] ERROR: Invalid definition 'core_weapon_mortar' in weapons_ranged.json: Item 'core_weapon_mortar' has invalid kind: SIEGE_WEAPON
[ItemManager] ERROR: Invalid definition 'core_ammo_arrow' in weapons_ranged.json: Item 'core_ammo_arrow' has invalid kind: AMMO
[ItemManager] ERROR: Invalid definition 'core_ammo_bolt' in weapons_ranged.json: Item 'core_ammo_bolt' has invalid kind: AMMO
[ItemManager] ERROR: Invalid definition 'core_ammo_bullet_lead' in weapons_ranged.json: Item 'core_ammo_bullet_lead' has invalid kind: AMMO
[ItemManager] ERROR: Invalid definition 'core_ammo_dart' in weapons_ranged.json: Item 'core_ammo_dart' has invalid kind: AMMO
[ItemManager] ERROR: Invalid definition 'core_ammo_cannonball' in weapons_ranged.json: Item 'core_ammo_cannonball' has invalid kind: AMMO
[ItemManager] ERROR: Invalid definition 'core_ammo_cannonball_small' in weapons_ranged.json: Item 'core_ammo_cannonball_small' has invalid kind: AMMO
[ItemManager] ERROR: Invalid definition 'core_ammo_mortar_shell' in weapons_ranged.json: Item 'core_ammo_mortar_shell' has invalid kind: AMMO
[ItemManager] ERROR: Invalid definition 'core_ammo_grapeshot' in weapons_ranged.json: Item 'core_ammo_grapeshot' has invalid kind: AMMO
[ItemManager] Loaded 311 item definitions from 20 files (11 errors)
[ItemManager] Indexed 6 kinds: armor, resource, container, placeable, tool, weapon
[GameStateManager] Loaded 5 creatures, 306 items, 19 zone definitions
[FOCUS] FortressState focused
[GameStateManager] Enter completed for FortressPlay
[GameStateManager] Starting simulation for FortressPlay
[INIT] MapSurface size=116x36 pos=(2,2)
[INIT] Added InputHandlerComponent to UiOverlay
[INIT] UiOverlay size=120x40
[HAULJOBS][0] No planned moves dequeued.
[HAULJOBS][1] No planned moves dequeued.
[HAULJOBS][2] No planned moves dequeued.
[HAULJOBS][3] No planned moves dequeued.
[NAV] RebuildChunkNavData chunk=(0,0,13) version:0→1
[NAV] RebuildChunkNavData chunk=(1,1,26) version:0→1
[NAV] RebuildChunkNavData chunk=(0,0,22) version:0→1
[NAV] RebuildChunkNavData chunk=(1,0,26) version:0→1
[NAV] RebuildChunkNavData chunk=(0,0,8) version:0→1
[NAV] RebuildChunkNavData chunk=(1,1,14) version:0→1
[NAV] RebuildChunkNavData chunk=(0,1,36) version:0→1
[NAV] RebuildChunkNavData chunk=(0,1,31) version:0→1
[NAV] RebuildChunkNavData chunk=(1,0,5) version:0→1
[NAV] RebuildChunkNavData chunk=(1,1,48) version:0→1
[NAV] RebuildChunkNavData chunk=(0,1,21) version:0→1
[NAV] RebuildChunkNavData chunk=(0,1,49) version:0→1
[NAV] RebuildChunkNavData chunk=(1,1,11) version:0→1
[NAV] RebuildChunkNavData chunk=(0,0,24) version:0→1
[NAV] RebuildChunkNavData chunk=(0,1,37) version:0→1
[NAV] RebuildChunkNavData chunk=(1,0,41) version:0→1
[NAV] RebuildChunkNavData chunk=(1,0,6) version:0→1
[NAV] RebuildChunkNavData chunk=(0,0,7) version:0→1
[NAV] RebuildChunkNavData chunk=(1,0,20) version:0→1
[NAV] RebuildChunkNavData chunk=(1,0,4) version:0→1
[NAV] RebuildChunkNavData chunk=(1,1,35) version:0→1
[NAV] RebuildChunkNavData chunk=(0,1,20) version:0→1
[NAV] RebuildChunkNavData chunk=(0,0,14) version:0→1
[NAV] RebuildChunkNavData chunk=(0,0,26) version:0→1
[NAV] RebuildChunkNavData chunk=(1,1,32) version:0→1
[NAV] RebuildChunkNavData chunk=(1,0,33) version:0→1
[NAV] RebuildChunkNavData chunk=(0,0,17) version:0→1
[NAV] RebuildChunkNavData chunk=(1,0,8) version:0→1
[NAV] RebuildChunkNavData chunk=(0,1,46) version:0→1
[NAV] RebuildChunkNavData chunk=(0,1,8) version:0→1
[NAV] RebuildChunkNavData chunk=(1,1,16) version:0→1
[NAV] RebuildChunkNavData chunk=(0,0,25) version:0→1
[NAV] RebuildChunkNavData chunk=(0,1,45) version:0→1
[NAV] RebuildChunkNavData chunk=(0,1,25) version:0→1
[NAV] RebuildChunkNavData chunk=(1,0,46) version:0→1
[NAV] RebuildChunkNavData chunk=(0,0,12) version:0→1
[NAV] RebuildChunkNavData chunk=(1,0,23) version:0→1
[NAV] RebuildChunkNavData chunk=(1,0,48) version:0→1
[NAV] RebuildChunkNavData chunk=(0,0,38) version:0→1
[NAV] RebuildChunkNavData chunk=(1,0,24) version:0→1
[NAV] RebuildChunkNavData chunk=(0,0,2) version:0→1
[NAV] RebuildChunkNavData chunk=(1,0,42) version:0→1
[NAV] RebuildChunkNavData chunk=(0,1,48) version:0→1
[NAV] RebuildChunkNavData chunk=(0,0,5) version:0→1
[NAV] RebuildChunkNavData chunk=(1,0,0) version:0→1
[NAV] RebuildChunkNavData chunk=(1,1,0) version:0→1
[NAV] RebuildChunkNavData chunk=(1,0,3) version:0→1
[NAV] RebuildChunkNavData chunk=(1,0,9) version:0→1
[NAV] RebuildChunkNavData chunk=(1,1,15) version:0→1
[NAV] RebuildChunkNavData chunk=(1,1,46) version:0→1
[NAV] RebuildChunkNavData chunk=(0,1,27) version:0→1
[NAV] RebuildChunkNavData chunk=(1,1,39) version:0→1
[NAV] RebuildChunkNavData chunk=(1,1,3) version:0→1
[NAV] RebuildChunkNavData chunk=(1,1,49) version:0→1
[NAV] RebuildChunkNavData chunk=(0,1,30) version:0→1
[NAV] RebuildChunkNavData chunk=(1,1,20) version:0→1
[NAV] RebuildChunkNavData chunk=(1,0,2) version:0→1
[NAV] RebuildChunkNavData chunk=(1,1,27) version:0→1
[NAV] RebuildChunkNavData chunk=(1,1,18) version:0→1
[NAV] RebuildChunkNavData chunk=(0,0,37) version:0→1
[NAV] RebuildChunkNavData chunk=(1,0,18) version:0→1
[NAV] RebuildChunkNavData chunk=(0,1,44) version:0→1
[NAV] RebuildChunkNavData chunk=(0,0,41) version:0→1
[NAV] RebuildChunkNavData chunk=(0,1,23) version:0→1
[NAV] RebuildChunkNavData chunk=(0,0,40) version:0→1
[NAV] RebuildChunkNavData chunk=(0,1,24) version:0→1
[NAV] RebuildChunkNavData chunk=(0,1,47) version:0→1
[NAV] RebuildChunkNavData chunk=(0,1,3) version:0→1
[NAV] RebuildChunkNavData chunk=(1,1,37) version:0→1
[NAV] RebuildChunkNavData chunk=(0,1,33) version:0→1
[NAV] RebuildChunkNavData chunk=(0,0,47) version:0→1
[NAV] RebuildChunkNavData chunk=(1,0,44) version:0→1
[NAV] RebuildChunkNavData chunk=(1,0,36) version:0→1
[NAV] RebuildChunkNavData chunk=(1,0,39) version:0→1
[NAV] RebuildChunkNavData chunk=(1,0,49) version:0→1
[NAV] RebuildChunkNavData chunk=(0,0,32) version:0→1
[NAV] RebuildChunkNavData chunk=(0,1,9) version:0→1
[NAV] RebuildChunkNavData chunk=(1,1,1) version:0→1
[NAV] RebuildChunkNavData chunk=(0,1,26) version:0→1
[NAV] RebuildChunkNavData chunk=(1,1,9) version:0→1
[NAV] RebuildChunkNavData chunk=(1,0,14) version:0→1
[NAV] RebuildChunkNavData chunk=(0,0,36) version:0→1
[NAV] RebuildChunkNavData chunk=(1,1,25) version:0→1
[NAV] RebuildChunkNavData chunk=(0,0,31) version:0→1
[NAV] RebuildChunkNavData chunk=(1,1,12) version:0→1
[NAV] RebuildChunkNavData chunk=(0,0,3) version:0→1
[NAV] RebuildChunkNavData chunk=(1,1,28) version:0→1
[NAV] RebuildChunkNavData chunk=(1,1,34) version:0→1
[NAV] RebuildChunkNavData chunk=(0,1,32) version:0→1
[NAV] RebuildChunkNavData chunk=(0,1,35) version:0→1
[NAV] RebuildChunkNavData chunk=(1,0,19) version:0→1
[NAV] RebuildChunkNavData chunk=(0,0,6) version:0→1
[NAV] RebuildChunkNavData chunk=(0,1,14) version:0→1
[NAV] RebuildChunkNavData chunk=(0,1,1) version:0→1
[NAV] RebuildChunkNavData chunk=(0,1,16) version:0→1
[NAV] RebuildChunkNavData chunk=(1,0,11) version:0→1
[NAV] RebuildChunkNavData chunk=(1,1,47) version:0→1
[NAV] RebuildChunkNavData chunk=(1,1,33) version:0→1
[NAV] RebuildChunkNavData chunk=(0,1,10) version:0→1
[NAV] RebuildChunkNavData chunk=(1,1,38) version:0→1
[NAV] RebuildChunkNavData chunk=(1,1,24) version:0→1
[NAV] RebuildChunkNavData chunk=(0,0,43) version:0→1
[NAV] RebuildChunkNavData chunk=(1,1,23) version:0→1
[NAV] RebuildChunkNavData chunk=(0,0,0) version:0→1
[NAV] RebuildChunkNavData chunk=(0,0,9) version:0→1
[NAV] RebuildChunkNavData chunk=(1,0,29) version:0→1
[NAV] RebuildChunkNavData chunk=(1,1,44) version:0→1
[NAV] RebuildChunkNavData chunk=(0,0,23) version:0→1
[NAV] RebuildChunkNavData chunk=(0,1,15) version:0→1
[NAV] RebuildChunkNavData chunk=(1,1,43) version:0→1
[NAV] RebuildChunkNavData chunk=(0,0,30) version:0→1
[NAV] RebuildChunkNavData chunk=(0,1,12) version:0→1
[NAV] RebuildChunkNavData chunk=(0,1,41) version:0→1
[NAV] RebuildChunkNavData chunk=(1,0,13) version:0→1
[NAV] RebuildChunkNavData chunk=(0,1,17) version:0→1
[NAV] RebuildChunkNavData chunk=(1,0,15) version:0→1
[NAV] RebuildChunkNavData chunk=(1,0,43) version:0→1
[NAV] RebuildChunkNavData chunk=(1,0,32) version:0→1
[NAV] RebuildChunkNavData chunk=(0,1,4) version:0→1
[NAV] RebuildChunkNavData chunk=(0,1,40) version:0→1
[NAV] RebuildChunkNavData chunk=(0,1,19) version:0→1
[NAV] RebuildChunkNavData chunk=(1,1,7) version:0→1
[NAV] RebuildChunkNavData chunk=(1,1,29) version:0→1
[NAV] RebuildChunkNavData chunk=(0,1,11) version:0→1
[NAV] RebuildChunkNavData chunk=(0,1,34) version:0→1
[NAV] RebuildChunkNavData chunk=(1,1,22) version:0→1
[NAV] RebuildChunkNavData chunk=(0,0,21) version:0→1
[NAV] RebuildChunkNavData chunk=(0,0,28) version:0→1
[NAV] RebuildChunkNavData chunk=(0,0,10) version:0→1
[NAV] RebuildChunkNavData chunk=(1,1,5) version:0→1
[NAV] RebuildChunkNavData chunk=(0,1,29) version:0→1
[NAV] RebuildChunkNavData chunk=(0,0,46) version:0→1
[NAV] RebuildChunkNavData chunk=(1,0,1) version:0→1
[NAV] RebuildChunkNavData chunk=(0,0,18) version:0→1
[NAV] RebuildChunkNavData chunk=(0,0,44) version:0→1
[NAV] RebuildChunkNavData chunk=(1,0,28) version:0→1
[NAV] RebuildChunkNavData chunk=(1,1,4) version:0→1
[NAV] RebuildChunkNavData chunk=(1,0,17) version:0→1
[NAV] RebuildChunkNavData chunk=(1,1,13) version:0→1
[NAV] RebuildChunkNavData chunk=(1,0,10) version:0→1
[NAV] RebuildChunkNavData chunk=(1,0,45) version:0→1
[NAV] RebuildChunkNavData chunk=(1,0,25) version:0→1
[NAV] RebuildChunkNavData chunk=(0,0,29) version:0→1
[NAV] RebuildChunkNavData chunk=(0,1,42) version:0→1
[NAV] RebuildChunkNavData chunk=(0,0,27) version:0→1
[NAV] RebuildChunkNavData chunk=(1,0,7) version:0→1
[NAV] RebuildChunkNavData chunk=(1,1,45) version:0→1
[NAV] RebuildChunkNavData chunk=(1,0,16) version:0→1
[NAV] RebuildChunkNavData chunk=(0,0,45) version:0→1
[NAV] RebuildChunkNavData chunk=(1,0,40) version:0→1
[NAV] RebuildChunkNavData chunk=(1,0,35) version:0→1
[NAV] RebuildChunkNavData chunk=(0,1,38) version:0→1
[NAV] RebuildChunkNavData chunk=(0,1,6) version:0→1
[NAV] RebuildChunkNavData chunk=(1,1,42) version:0→1
[NAV] RebuildChunkNavData chunk=(0,1,22) version:0→1
[NAV] RebuildChunkNavData chunk=(0,0,19) version:0→1
[NAV] RebuildChunkNavData chunk=(0,0,35) version:0→1
[NAV] RebuildChunkNavData chunk=(0,0,33) version:0→1
[NAV] RebuildChunkNavData chunk=(0,1,39) version:0→1
[NAV] RebuildChunkNavData chunk=(0,0,48) version:0→1
[NAV] RebuildChunkNavData chunk=(0,1,43) version:0→1
[NAV] RebuildChunkNavData chunk=(0,0,11) version:0→1
[NAV] RebuildChunkNavData chunk=(0,1,28) version:0→1
[NAV] RebuildChunkNavData chunk=(1,1,36) version:0→1
[NAV] RebuildChunkNavData chunk=(0,0,49) version:0→1
[NAV] RebuildChunkNavData chunk=(1,0,22) version:0→1
[NAV] RebuildChunkNavData chunk=(1,0,37) version:0→1
[NAV] RebuildChunkNavData chunk=(0,0,16) version:0→1
[NAV] RebuildChunkNavData chunk=(1,1,30) version:0→1
[NAV] RebuildChunkNavData chunk=(1,0,12) version:0→1
[NAV] RebuildChunkNavData chunk=(1,1,21) version:0→1
[NAV] RebuildChunkNavData chunk=(1,0,30) version:0→1
[NAV] RebuildChunkNavData chunk=(1,1,40) version:0→1
[NAV] RebuildChunkNavData chunk=(1,0,31) version:0→1
[NAV] RebuildChunkNavData chunk=(0,0,39) version:0→1
[NAV] RebuildChunkNavData chunk=(1,1,10) version:0→1
[NAV] RebuildChunkNavData chunk=(1,0,21) version:0→1
[NAV] RebuildChunkNavData chunk=(1,1,41) version:0→1
[NAV] RebuildChunkNavData chunk=(1,1,8) version:0→1
[NAV] RebuildChunkNavData chunk=(1,0,38) version:0→1
[NAV] RebuildChunkNavData chunk=(1,1,2) version:0→1
[NAV] RebuildChunkNavData chunk=(0,0,15) version:0→1
[NAV] RebuildChunkNavData chunk=(0,1,5) version:0→1
[NAV] RebuildChunkNavData chunk=(0,1,0) version:0→1
[NAV] RebuildChunkNavData chunk=(0,1,13) version:0→1
[NAV] RebuildChunkNavData chunk=(1,1,31) version:0→1
[NAV] RebuildChunkNavData chunk=(1,0,47) version:0→1
[NAV] RebuildChunkNavData chunk=(0,0,1) version:0→1
[NAV] RebuildChunkNavData chunk=(0,0,4) version:0→1
[NAV] RebuildChunkNavData chunk=(0,1,18) version:0→1
[NAV] RebuildChunkNavData chunk=(1,1,19) version:0→1
[NAV] RebuildChunkNavData chunk=(1,1,17) version:0→1
[NAV] RebuildChunkNavData chunk=(1,1,6) version:0→1
[NAV] RebuildChunkNavData chunk=(0,0,42) version:0→1
[NAV] RebuildChunkNavData chunk=(0,1,7) version:0→1
[NAV] RebuildChunkNavData chunk=(0,0,20) version:0→1
[NAV] RebuildChunkNavData chunk=(1,0,34) version:0→1
[NAV] RebuildChunkNavData chunk=(1,0,27) version:0→1
[NAV] RebuildChunkNavData chunk=(0,0,34) version:0→1
[NAV] RebuildChunkNavData chunk=(0,1,2) version:0→1
[HAULJOBS][4] No planned moves dequeued.
[HAULJOBS][5] No planned moves dequeued.
[HAULJOBS][6] No planned moves dequeued.
[HAULJOBS][7] No planned moves dequeued.
[HAULJOBS][8] No planned moves dequeued.
[HAULJOBS][9] No planned moves dequeued.
[HAULJOBS][10] No planned moves dequeued.
[HAULJOBS][11] No planned moves dequeued.
[HAULJOBS][12] No planned moves dequeued.
[HAULJOBS][13] No planned moves dequeued.
[HAULJOBS][14] No planned moves dequeued.
[HAULJOBS][15] No planned moves dequeued.
[HAULJOBS][16] No planned moves dequeued.
[HAULJOBS][17] No planned moves dequeued.
[HAULJOBS][18] No planned moves dequeued.
[HAULJOBS][19] No planned moves dequeued.
[HAULJOBS][20] No planned moves dequeued.
[HAULJOBS][21] No planned moves dequeued.
[HAULJOBS][22] No planned moves dequeued.
[HAULJOBS][23] No planned moves dequeued.
[HAULJOBS][24] No planned moves dequeued.
[HAULJOBS][25] No planned moves dequeued.
[HAULJOBS][26] No planned moves dequeued.
[HAULJOBS][27] No planned moves dequeued.
[HAULJOBS][28] No planned moves dequeued.
[HAULJOBS][29] No planned moves dequeued.
[HAULJOBS][30] No planned moves dequeued.
[HAULJOBS][31] No planned moves dequeued.
[HAULJOBS][32] No planned moves dequeued.
[HAULJOBS][33] No planned moves dequeued.
[HAULJOBS][34] No planned moves dequeued.
[HAULJOBS][35] No planned moves dequeued.
[HAULJOBS][36] No planned moves dequeued.
[HAULJOBS][37] No planned moves dequeued.
[HAULJOBS][38] No planned moves dequeued.
[HAULJOBS][39] No planned moves dequeued.
[HAULJOBS][40] No planned moves dequeued.
[HAULJOBS][41] No planned moves dequeued.
[HAULJOBS][42] No planned moves dequeued.
[HAULJOBS][43] No planned moves dequeued.
[HAULJOBS][44] No planned moves dequeued.
[HAULJOBS][45] No planned moves dequeued.
[HAULJOBS][46] No planned moves dequeued.
[HAULJOBS][47] No planned moves dequeued.
[HAULJOBS][48] No planned moves dequeued.
[HAULJOBS][49] No planned moves dequeued.
[HAULJOBS][50] No planned moves dequeued.
[HAULJOBS][51] No planned moves dequeued.
[HAULJOBS][52] No planned moves dequeued.
[HAULJOBS][53] No planned moves dequeued.
[HAULJOBS][54] No planned moves dequeued.
[HAULJOBS][55] No planned moves dequeued.
[HAULJOBS][56] No planned moves dequeued.
[HAULJOBS][57] No planned moves dequeued.
[HAULJOBS][58] No planned moves dequeued.
[HAULJOBS][59] No planned moves dequeued.
[HAULJOBS][60] No planned moves dequeued.
[HAULJOBS][61] No planned moves dequeued.
[HAULJOBS][62] No planned moves dequeued.
[HAULJOBS][63] No planned moves dequeued.
[HAULJOBS][64] No planned moves dequeued.
[HAULJOBS][65] No planned moves dequeued.
[HAULJOBS][66] No planned moves dequeued.
[HAULJOBS][67] No planned moves dequeued.
[HAULJOBS][68] No planned moves dequeued.
[HAULJOBS][69] No planned moves dequeued.
[HAULJOBS][70] No planned moves dequeued.
[HAULJOBS][71] No planned moves dequeued.
[HAULJOBS][72] No planned moves dequeued.
[HAULJOBS][73] No planned moves dequeued.
[HAULJOBS][74] No planned moves dequeued.
[HAULJOBS][75] No planned moves dequeued.
[HAULJOBS][76] No planned moves dequeued.
[HAULJOBS][77] No planned moves dequeued.
[HAULJOBS][78] No planned moves dequeued.
[HAULJOBS][79] No planned moves dequeued.
[HAULJOBS][80] No planned moves dequeued.
[HAULJOBS][81] No planned moves dequeued.
[HAULJOBS][82] No planned moves dequeued.
[HAULJOBS][83] No planned moves dequeued.
[HAULJOBS][84] No planned moves dequeued.
[HAULJOBS][85] No planned moves dequeued.
[HAULJOBS][86] No planned moves dequeued.
[HAULJOBS][87] No planned moves dequeued.
[HAULJOBS][88] No planned moves dequeued.
[HAULJOBS][89] No planned moves dequeued.
[HAULJOBS][90] No planned moves dequeued.
[HAULJOBS][91] No planned moves dequeued.
[HAULJOBS][92] No planned moves dequeued.
[HAULJOBS][93] No planned moves dequeued.
[HAULJOBS][94] No planned moves dequeued.
[HAULJOBS][95] No planned moves dequeued.
[HAULJOBS][96] No planned moves dequeued.
[HAULJOBS][97] No planned moves dequeued.
[HAULJOBS][98] No planned moves dequeued.
[HAULJOBS][99] No planned moves dequeued.
[HAULJOBS][100] No planned moves dequeued.
[HAULJOBS][101] No planned moves dequeued.
[HAULJOBS][102] No planned moves dequeued.
[HAULJOBS][103] No planned moves dequeued.
[HAULJOBS][104] No planned moves dequeued.
[HAULJOBS][105] No planned moves dequeued.
[HAULJOBS][106] No planned moves dequeued.
[HAULJOBS][107] No planned moves dequeued.
[HAULJOBS][108] No planned moves dequeued.
[HAULJOBS][109] No planned moves dequeued.
[HAULJOBS][110] No planned moves dequeued.
[HAULJOBS][111] No planned moves dequeued.
[HAULJOBS][112] No planned moves dequeued.
[HAULJOBS][113] No planned moves dequeued.
[HAULJOBS][114] No planned moves dequeued.
[HAULJOBS][115] No planned moves dequeued.
[HAULJOBS][116] No planned moves dequeued.
[HAULJOBS][117] No planned moves dequeued.
[HAULJOBS][118] No planned moves dequeued.
[HAULJOBS][119] No planned moves dequeued.
[HAULJOBS][120] No planned moves dequeued.
[HAULJOBS][121] No planned moves dequeued.
[HAULJOBS][122] No planned moves dequeued.
[HAULJOBS][123] No planned moves dequeued.
[HAULJOBS][124] No planned moves dequeued.
[HAULJOBS][125] No planned moves dequeued.
[HAULJOBS][126] No planned moves dequeued.
[HAULJOBS][127] No planned moves dequeued.
[HAULJOBS][128] No planned moves dequeued.
[HAULJOBS][129] No planned moves dequeued.
[HAULJOBS][130] No planned moves dequeued.
[HAULJOBS][131] No planned moves dequeued.
[HAULJOBS][132] No planned moves dequeued.
[HAULJOBS][133] No planned moves dequeued.
[HAULJOBS][134] No planned moves dequeued.
[HAULJOBS][135] No planned moves dequeued.
[HAULJOBS][136] No planned moves dequeued.
[HAULJOBS][137] No planned moves dequeued.
[HAULJOBS][138] No planned moves dequeued.
[HAULJOBS][139] No planned moves dequeued.
[HAULJOBS][140] No planned moves dequeued.
[HAULJOBS][141] No planned moves dequeued.
[HAULJOBS][142] No planned moves dequeued.
[HAULJOBS][143] No planned moves dequeued.
[HAULJOBS][144] No planned moves dequeued.
[DEBUG] Toggle debug menu -> True
[HAULJOBS][145] No planned moves dequeued.
[HAULJOBS][146] No planned moves dequeued.
[HAULJOBS][147] No planned moves dequeued.
[HAULJOBS][148] No planned moves dequeued.
[HAULJOBS][149] No planned moves dequeued.
[HAULJOBS][150] No planned moves dequeued.
[HAULJOBS][151] No planned moves dequeued.
[HAULJOBS][152] No planned moves dequeued.
[HAULJOBS][153] No planned moves dequeued.
[HAULJOBS][154] No planned moves dequeued.
[HAULJOBS][155] No planned moves dequeued.
[HAULJOBS][156] No planned moves dequeued.
[HAULJOBS][157] No planned moves dequeued.
[HAULJOBS][158] No planned moves dequeued.
[HAULJOBS][159] No planned moves dequeued.
[HAULJOBS][160] No planned moves dequeued.
[HAULJOBS][161] No planned moves dequeued.
[HAULJOBS][162] No planned moves dequeued.
[HAULJOBS][163] No planned moves dequeued.
[HAULJOBS][164] No planned moves dequeued.
[HAULJOBS][165] No planned moves dequeued.
[HAULJOBS][166] No planned moves dequeued.
[HAULJOBS][167] No planned moves dequeued.
[HAULJOBS][168] No planned moves dequeued.
[HAULJOBS][169] No planned moves dequeued.
[HAULJOBS][170] No planned moves dequeued.
[HAULJOBS][171] No planned moves dequeued.
[HAULJOBS][172] No planned moves dequeued.
[HAULJOBS][173] No planned moves dequeued.
[HAULJOBS][174] No planned moves dequeued.
[HAULJOBS][175] No planned moves dequeued.
[HAULJOBS][176] No planned moves dequeued.
[HAULJOBS][177] No planned moves dequeued.
[HAULJOBS][178] No planned moves dequeued.
[HAULJOBS][179] No planned moves dequeued.
[HAULJOBS][180] No planned moves dequeued.
[HAULJOBS][181] No planned moves dequeued.
[HAULJOBS][182] No planned moves dequeued.
[HAULJOBS][183] No planned moves dequeued.
[HAULJOBS][184] No planned moves dequeued.
[HAULJOBS][185] No planned moves dequeued.
[HAULJOBS][186] No planned moves dequeued.
[HAULJOBS][187] No planned moves dequeued.
[HAULJOBS][188] No planned moves dequeued.
[HAULJOBS][189] No planned moves dequeued.
[HAULJOBS][190] No planned moves dequeued.
[HAULJOBS][191] No planned moves dequeued.
[HAULJOBS][192] No planned moves dequeued.
[HAULJOBS][193] No planned moves dequeued.
[HAULJOBS][194] No planned moves dequeued.
[HAULJOBS][195] No planned moves dequeued.
[HAULJOBS][196] No planned moves dequeued.
[HAULJOBS][197] No planned moves dequeued.
[HAULJOBS][198] No planned moves dequeued.
[HAULJOBS][199] No planned moves dequeued.
[HAULJOBS][200] No planned moves dequeued.
[HAULJOBS][201] No planned moves dequeued.
[HAULJOBS][202] No planned moves dequeued.
[HAULJOBS][203] No planned moves dequeued.
[HAULJOBS][204] No planned moves dequeued.
[HAULJOBS][205] No planned moves dequeued.
[HAULJOBS][206] No planned moves dequeued.
[HAULJOBS][207] No planned moves dequeued.
[HAULJOBS][208] No planned moves dequeued.
[HAULJOBS][209] No planned moves dequeued.
[HAULJOBS][210] No planned moves dequeued.
[HAULJOBS][211] No planned moves dequeued.
[HAULJOBS][212] No planned moves dequeued.
[HAULJOBS][213] No planned moves dequeued.
[HAULJOBS][214] No planned moves dequeued.
[HAULJOBS][215] No planned moves dequeued.
[HAULJOBS][216] No planned moves dequeued.
[HAULJOBS][217] No planned moves dequeued.
[HAULJOBS][218] No planned moves dequeued.
[HAULJOBS][219] No planned moves dequeued.
[HAULJOBS][220] No planned moves dequeued.
[HAULJOBS][221] No planned moves dequeued.
[HAULJOBS][222] No planned moves dequeued.
[HAULJOBS][223] No planned moves dequeued.
[HAULJOBS][224] No planned moves dequeued.
[HAULJOBS][225] No planned moves dequeued.
[HAULJOBS][226] No planned moves dequeued.
[HAULJOBS][227] No planned moves dequeued.
[HAULJOBS][228] No planned moves dequeued.
[HAULJOBS][229] No planned moves dequeued.
[HAULJOBS][230] No planned moves dequeued.
[DEBUG] Debug menu open, tab=1, world=True
[DEBUG] Attempting creature spawn: id=core_race_dwarf, pos=(12,23,25)
[DEBUG] Creature definitions count: 5
[DEBUG] SUCCESS: Spawned creature 'core_race_dwarf' guid=298cd983-164c-4198-84b2-e303dc17f0f3 at (12,23,25)
[HAULJOBS][231] No planned moves dequeued.
[HAULJOBS][232] No planned moves dequeued.
[HAULJOBS][233] No planned moves dequeued.
[HAULJOBS][234] No planned moves dequeued.
[HAULJOBS][235] No planned moves dequeued.
[HAULJOBS][236] No planned moves dequeued.
[HAULJOBS][237] No planned moves dequeued.
[HAULJOBS][238] No planned moves dequeued.
[HAULJOBS][239] No planned moves dequeued.
[HAULJOBS][240] No planned moves dequeued.
[DEBUG] Debug menu open, tab=1, world=True
[DEBUG] Attempting creature spawn: id=core_race_dwarf, pos=(9,26,25)
[DEBUG] Creature definitions count: 5
[DEBUG] SUCCESS: Spawned creature 'core_race_dwarf' guid=57fbb78a-cc22-4c58-be60-da39a0a4daa1 at (9,26,25)
[HAULJOBS][241] No planned moves dequeued.
[HAULJOBS][242] No planned moves dequeued.
[HAULJOBS][243] No planned moves dequeued.
[HAULJOBS][244] No planned moves dequeued.
[HAULJOBS][245] No planned moves dequeued.
[HAULJOBS][246] No planned moves dequeued.
[HAULJOBS][247] No planned moves dequeued.
[HAULJOBS][248] No planned moves dequeued.
[DEBUG] Debug menu open, tab=1, world=True
[DEBUG] Attempting creature spawn: id=core_race_dwarf, pos=(9,29,25)
[DEBUG] Creature definitions count: 5
[DEBUG] SUCCESS: Spawned creature 'core_race_dwarf' guid=222e35cb-f763-468b-92a1-db288609d111 at (9,29,25)
[HAULJOBS][249] No planned moves dequeued.
[HAULJOBS][250] No planned moves dequeued.
[HAULJOBS][251] No planned moves dequeued.
[HAULJOBS][252] No planned moves dequeued.
[HAULJOBS][253] No planned moves dequeued.
[HAULJOBS][254] No planned moves dequeued.
[HAULJOBS][255] No planned moves dequeued.
[DEBUG] Debug menu open, tab=1, world=True
[DEBUG] Attempting creature spawn: id=core_race_dwarf, pos=(9,30,25)
[DEBUG] Creature definitions count: 5
[DEBUG] SUCCESS: Spawned creature 'core_race_dwarf' guid=cad56d6d-b89e-4501-b51f-5cc4ec0884ff at (9,30,25)
[HAULJOBS][256] No planned moves dequeued.
[HAULJOBS][257] No planned moves dequeued.
[HAULJOBS][258] No planned moves dequeued.
[HAULJOBS][259] No planned moves dequeued.
[HAULJOBS][260] No planned moves dequeued.
[HAULJOBS][261] No planned moves dequeued.
[HAULJOBS][262] No planned moves dequeued.
[HAULJOBS][263] No planned moves dequeued.
[HAULJOBS][264] No planned moves dequeued.
[RIGHT-CLICK-OVERLAY] Clicked at local=(12,21), tilePanelOpen=False, QuickMenu=None, OrdersMenu=None, ZoneMenu=None
[RIGHT-CLICK-OVERLAY] Trying stockpile popup close
[RIGHT-CLICK-OVERLAY] General cancel
[HAULJOBS][265] No planned moves dequeued.
[HAULJOBS][266] No planned moves dequeued.
[HAULJOBS][267] No planned moves dequeued.
[HAULJOBS][268] No planned moves dequeued.
[HAULJOBS][269] No planned moves dequeued.
[HAULJOBS][270] No planned moves dequeued.
[HAULJOBS][271] No planned moves dequeued.
[HAULJOBS][272] No planned moves dequeued.
[HAULJOBS][273] No planned moves dequeued.
[HAULJOBS][274] No planned moves dequeued.
[HAULJOBS][275] No planned moves dequeued.
[HAULJOBS][276] No planned moves dequeued.
[HAULJOBS][277] No planned moves dequeued.
[HAULJOBS][278] No planned moves dequeued.
[HAULJOBS][279] No planned moves dequeued.
[HAULJOBS][280] No planned moves dequeued.
[HAULJOBS][281] No planned moves dequeued.
[HAULJOBS][282] No planned moves dequeued.
[HAULJOBS][283] No planned moves dequeued.
[HAULJOBS][284] No planned moves dequeued.
[HAULJOBS][285] No planned moves dequeued.
[HAULJOBS][286] No planned moves dequeued.
[HAULJOBS][287] No planned moves dequeued.
[RIGHT-CLICK-OVERLAY] Clicked at local=(30,21), tilePanelOpen=False, QuickMenu=None, OrdersMenu=None, ZoneMenu=None
[RIGHT-CLICK-OVERLAY] Trying stockpile popup close
[RIGHT-CLICK-OVERLAY] General cancel
[HAULJOBS][288] No planned moves dequeued.
[HAULJOBS][289] No planned moves dequeued.
[HAULJOBS][290] No planned moves dequeued.
[HAULJOBS][291] No planned moves dequeued.
[HAULJOBS][292] No planned moves dequeued.
[HAULJOBS][293] No planned moves dequeued.
[HAULJOBS][294] No planned moves dequeued.
[HAULJOBS][295] No planned moves dequeued.
[HAULJOBS][296] No planned moves dequeued.
[HAULJOBS][297] No planned moves dequeued.
[HAULJOBS][298] No planned moves dequeued.
[HAULJOBS][299] No planned moves dequeued.
[HAULJOBS][300] No planned moves dequeued.
[KEY] Z -> QMenu=Orders
[HAULJOBS][301] No planned moves dequeued.
[HAULJOBS][302] No planned moves dequeued.
[HAULJOBS][303] No planned moves dequeued.
[HAULJOBS][304] No planned moves dequeued.
[HAULJOBS][305] No planned moves dequeued.
[HAULJOBS][306] No planned moves dequeued.
[HAULJOBS][307] No planned moves dequeued.
[HAULJOBS][308] No planned moves dequeued.
[HAULJOBS][309] No planned moves dequeued.
[HAULJOBS][310] No planned moves dequeued.
[HAULJOBS][311] No planned moves dequeued.
[HAULJOBS][312] No planned moves dequeued.
[HAULJOBS][313] No planned moves dequeued.
[HAULJOBS][314] No planned moves dequeued.
[HAULJOBS][315] No planned moves dequeued.
[HAULJOBS][316] No planned moves dequeued.
[HAULJOBS][317] No planned moves dequeued.
[HAULJOBS][318] No planned moves dequeued.
[HAULJOBS][319] No planned moves dequeued.
[HAULJOBS][320] No planned moves dequeued.
[HAULJOBS][321] No planned moves dequeued.
[HAULJOBS][322] No planned moves dequeued.
[HAULJOBS][323] No planned moves dequeued.
[HAULJOBS][324] No planned moves dequeued.
[HAULJOBS][325] No planned moves dequeued.
[HAULJOBS][326] No planned moves dequeued.
[HAULJOBS][327] No planned moves dequeued.
[HAULJOBS][328] No planned moves dequeued.
[HAULJOBS][329] No planned moves dequeued.
[HAULJOBS][330] No planned moves dequeued.
[HAULJOBS][331] No planned moves dequeued.
[HAULJOBS][332] No planned moves dequeued.
[HAULJOBS][333] No planned moves dequeued.
[HAULJOBS][334] No planned moves dequeued.
[HAULJOBS][335] No planned moves dequeued.
[HAULJOBS][336] No planned moves dequeued.
[HAULJOBS][337] No planned moves dequeued.
[HAULJOBS][338] No planned moves dequeued.
[HAULJOBS][339] No planned moves dequeued.
[HAULJOBS][340] No planned moves dequeued.
[HAULJOBS][341] No planned moves dequeued.
[HAULJOBS][342] No planned moves dequeued.
[HAULJOBS][343] No planned moves dequeued.
[HAULJOBS][344] No planned moves dequeued.
[HAULJOBS][345] No planned moves dequeued.
[HAULJOBS][346] No planned moves dequeued.
[HAULJOBS][347] No planned moves dequeued.
[HAULJOBS][348] No planned moves dequeued.
[HAULJOBS][349] No planned moves dequeued.
[HAULJOBS][350] No planned moves dequeued.
[HAULJOBS][351] No planned moves dequeued.
[HAULJOBS][352] No planned moves dequeued.
[HAULJOBS][353] No planned moves dequeued.
[HAULJOBS][354] No planned moves dequeued.
[HAULJOBS][355] No planned moves dequeued.
[HAULJOBS][356] No planned moves dequeued.
[HAULJOBS][357] No planned moves dequeued.
[HAULJOBS][358] No planned moves dequeued.
[HAULJOBS][359] No planned moves dequeued.
[MINING] First corner at (31,28,25)
[HAULJOBS][360] No planned moves dequeued.
[HAULJOBS][361] No planned moves dequeued.
[HAULJOBS][362] No planned moves dequeued.
[HAULJOBS][363] No planned moves dequeued.
[HAULJOBS][364] No planned moves dequeued.
[HAULJOBS][365] No planned moves dequeued.
[HAULJOBS][366] No planned moves dequeued.
[HAULJOBS][367] No planned moves dequeued.
[HAULJOBS][368] No planned moves dequeued.
[HAULJOBS][369] No planned moves dequeued.
[HAULJOBS][370] No planned moves dequeued.
[HAULJOBS][371] No planned moves dequeued.
[HAULJOBS][372] No planned moves dequeued.
[HAULJOBS][373] No planned moves dequeued.
[HAULJOBS][374] No planned moves dequeued.
[HAULJOBS][375] No planned moves dequeued.
[HAULJOBS][376] No planned moves dequeued.
[HAULJOBS][377] No planned moves dequeued.
[HAULJOBS][378] No planned moves dequeued.
[HAULJOBS][379] No planned moves dequeued.
[HAULJOBS][380] No planned moves dequeued.
[HAULJOBS][381] No planned moves dequeued.
[HAULJOBS][382] No planned moves dequeued.
[HAULJOBS][383] No planned moves dequeued.
[HAULJOBS][384] No planned moves dequeued.
[HAULJOBS][385] No planned moves dequeued.
[HAULJOBS][386] No planned moves dequeued.
[HAULJOBS][387] No planned moves dequeued.
[HAULJOBS][388] No planned moves dequeued.
[HAULJOBS][389] No planned moves dequeued.
[HAULJOBS][390] No planned moves dequeued.
[HAULJOBS][391] No planned moves dequeued.
[HAULJOBS][392] No planned moves dequeued.
[HAULJOBS][393] No planned moves dequeued.
[HAULJOBS][394] No planned moves dequeued.
[HAULJOBS][395] No planned moves dequeued.
[HAULJOBS][396] No planned moves dequeued.
[HAULJOBS][397] No planned moves dequeued.
[HAULJOBS][398] No planned moves dequeued.
[HAULJOBS][399] No planned moves dequeued.
[HAULJOBS][400] No planned moves dequeued.
[HAULJOBS][401] No planned moves dequeued.
[HAULJOBS][402] No planned moves dequeued.
[HAULJOBS][403] No planned moves dequeued.
[HAULJOBS][404] No planned moves dequeued.
[HAULJOBS][405] No planned moves dequeued.
[HAULJOBS][406] No planned moves dequeued.
[HAULJOBS][407] No planned moves dequeued.
[HAULJOBS][408] No planned moves dequeued.
[HAULJOBS][409] No planned moves dequeued.
[HAULJOBS][410] No planned moves dequeued.
[HAULJOBS][411] No planned moves dequeued.
[HAULJOBS][412] No planned moves dequeued.
[HAULJOBS][413] No planned moves dequeued.
[HAULJOBS][414] No planned moves dequeued.
[HAULJOBS][415] No planned moves dequeued.
[HAULJOBS][416] No planned moves dequeued.
[HAULJOBS][417] No planned moves dequeued.
[HAULJOBS][418] No planned moves dequeued.
[HAULJOBS][419] No planned moves dequeued.
[HAULJOBS][420] No planned moves dequeued.
[HAULJOBS][421] No planned moves dequeued.
[HAULJOBS][422] No planned moves dequeued.
[HAULJOBS][423] No planned moves dequeued.
[HAULJOBS][424] No planned moves dequeued.
[HAULJOBS][425] No planned moves dequeued.
[HAULJOBS][426] No planned moves dequeued.
[HAULJOBS][427] No planned moves dequeued.
[HAULJOBS][428] No planned moves dequeued.
[HAULJOBS][429] No planned moves dequeued.
[HAULJOBS][430] No planned moves dequeued.
[HAULJOBS][431] No planned moves dequeued.
[HAULJOBS][432] No planned moves dequeued.
[HAULJOBS][433] No planned moves dequeued.
[HAULJOBS][434] No planned moves dequeued.
[HAULJOBS][435] No planned moves dequeued.
[HAULJOBS][436] No planned moves dequeued.
[HAULJOBS][437] No planned moves dequeued.
[HAULJOBS][438] No planned moves dequeued.
[HAULJOBS][439] No planned moves dequeued.
[HAULJOBS][440] No planned moves dequeued.
[HAULJOBS][441] No planned moves dequeued.
[HAULJOBS][442] No planned moves dequeued.
[HAULJOBS][443] No planned moves dequeued.
[HAULJOBS][444] No planned moves dequeued.
[HAULJOBS][445] No planned moves dequeued.
[HAULJOBS][446] No planned moves dequeued.
[HAULJOBS][447] No planned moves dequeued.
[HAULJOBS][448] No planned moves dequeued.
[HAULJOBS][449] No planned moves dequeued.
[HAULJOBS][450] No planned moves dequeued.
[HAULJOBS][451] No planned moves dequeued.
[HAULJOBS][452] No planned moves dequeued.
[HAULJOBS][453] No planned moves dequeued.
[HAULJOBS][454] No planned moves dequeued.
[HAULJOBS][455] No planned moves dequeued.
[HAULJOBS][456] No planned moves dequeued.
[HAULJOBS][457] No planned moves dequeued.
[HAULJOBS][458] No planned moves dequeued.
[HAULJOBS][459] No planned moves dequeued.
[HAULJOBS][460] No planned moves dequeued.
[HAULJOBS][461] No planned moves dequeued.
[HAULJOBS][462] No planned moves dequeued.
[HAULJOBS][463] No planned moves dequeued.
[HAULJOBS][464] No planned moves dequeued.
[HAULJOBS][465] No planned moves dequeued.
[HAULJOBS][466] No planned moves dequeued.
[HAULJOBS][467] No planned moves dequeued.
[HAULJOBS][468] No planned moves dequeued.
[HAULJOBS][469] No planned moves dequeued.
[HAULJOBS][470] No planned moves dequeued.
[HAULJOBS][471] No planned moves dequeued.
[HAULJOBS][472] No planned moves dequeued.
[HAULJOBS][473] No planned moves dequeued.
[HAULJOBS][474] No planned moves dequeued.
[HAULJOBS][475] No planned moves dequeued.
[HAULJOBS][476] No planned moves dequeued.
[HAULJOBS][477] No planned moves dequeued.
[HAULJOBS][478] No planned moves dequeued.
[HAULJOBS][479] No planned moves dequeued.
[HAULJOBS][480] No planned moves dequeued.
[HAULJOBS][481] No planned moves dequeued.
[HAULJOBS][482] No planned moves dequeued.
[HAULJOBS][483] No planned moves dequeued.
[HAULJOBS][484] No planned moves dequeued.
[HAULJOBS][485] No planned moves dequeued.
[HAULJOBS][486] No planned moves dequeued.
[HAULJOBS][487] No planned moves dequeued.
[HAULJOBS][488] No planned moves dequeued.
[HAULJOBS][489] No planned moves dequeued.
[HAULJOBS][490] No planned moves dequeued.
[HAULJOBS][491] No planned moves dequeued.
[HAULJOBS][492] No planned moves dequeued.
[HAULJOBS][493] No planned moves dequeued.
[HAULJOBS][494] No planned moves dequeued.
[MINING] UI enqueued action=Dig rect=(31,28,3x2) z=25..25 validCells=2/6
[HAULJOBS][495] No planned moves dequeued.
[HAULJOBS][496] No planned moves dequeued.
[MINING][496] No worker for target=(31,28,25)
[MINING][496] No worker for target=(32,28,25)
[HAULJOBS][497] No planned moves dequeued.
[MINING][497] Assign worker=222e35cb-f763-468b-92a1-db288609d111 target=(31,28,25) adj=(31,27,25) terrain=Ramp ticks=20
[MINING][497] No worker for target=(32,28,25)
[HAULJOBS][498] No planned moves dequeued.
[MINING][498] Assign worker=298cd983-164c-4198-84b2-e303dc17f0f3 target=(32,28,25) adj=(32,29,25) terrain=Ramp ticks=20
[HAULJOBS][499] No planned moves dequeued.
[HAULJOBS][500] No planned moves dequeued.
[HAULJOBS][501] No planned moves dequeued.
[HAULJOBS][502] No planned moves dequeued.
[HAULJOBS][503] No planned moves dequeued.
[HAULJOBS][504] No planned moves dequeued.
[HAULJOBS][505] No planned moves dequeued.
[HAULJOBS][506] No planned moves dequeued.
[HAULJOBS][507] No planned moves dequeued.
[HAULJOBS][508] No planned moves dequeued.
[HAULJOBS][509] No planned moves dequeued.
[HAULJOBS][510] No planned moves dequeued.
[HAULJOBS][511] No planned moves dequeued.
[HAULJOBS][512] No planned moves dequeued.
[HAULJOBS][513] No planned moves dequeued.
[HAULJOBS][514] No planned moves dequeued.
[HAULJOBS][515] No planned moves dequeued.
[HAULJOBS][516] No planned moves dequeued.
[HAULJOBS][517] No planned moves dequeued.
[HAULJOBS][518] No planned moves dequeued.
[HAULJOBS][519] No planned moves dequeued.
[HAULJOBS][520] No planned moves dequeued.
[HAULJOBS][521] No planned moves dequeued.
[HAULJOBS][522] No planned moves dequeued.
[HAULJOBS][523] No planned moves dequeued.
[HAULJOBS][524] No planned moves dequeued.
[HAULJOBS][525] No planned moves dequeued.
[HAULJOBS][526] No planned moves dequeued.
[HAULJOBS][527] No planned moves dequeued.
[HAULJOBS][528] No planned moves dequeued.
[HAULJOBS][529] No planned moves dequeued.
[HAULJOBS][530] No planned moves dequeued.
[HAULJOBS][531] No planned moves dequeued.
[HAULJOBS][532] No planned moves dequeued.
[HAULJOBS][533] No planned moves dequeued.
[HAULJOBS][534] No planned moves dequeued.
[HAULJOBS][535] No planned moves dequeued.
[HAULJOBS][536] No planned moves dequeued.
[HAULJOBS][537] No planned moves dequeued.
[HAULJOBS][538] No planned moves dequeued.
[HAULJOBS][539] No planned moves dequeued.
[HAULJOBS][540] No planned moves dequeued.
[HAULJOBS][541] No planned moves dequeued.
[HAULJOBS][542] No planned moves dequeued.
[HAULJOBS][543] No planned moves dequeued.
[HAULJOBS][544] No planned moves dequeued.
[HAULJOBS][545] No planned moves dequeued.
[HAULJOBS][546] No planned moves dequeued.
[HAULJOBS][547] No planned moves dequeued.
[HAULJOBS][548] No planned moves dequeued.
[HAULJOBS][549] No planned moves dequeued.
[HAULJOBS][550] No planned moves dequeued.
[HAULJOBS][551] No planned moves dequeued.
[HAULJOBS][552] No planned moves dequeued.
[HAULJOBS][553] No planned moves dequeued.
[HAULJOBS][554] No planned moves dequeued.
[HAULJOBS][555] No planned moves dequeued.
[HAULJOBS][556] No planned moves dequeued.
[HAULJOBS][557] No planned moves dequeued.
[HAULJOBS][558] No planned moves dequeued.
[HAULJOBS][559] No planned moves dequeued.
[HAULJOBS][560] No planned moves dequeued.
[HAULJOBS][561] No planned moves dequeued.
[MINING][561] Start digging by worker=298cd983-164c-4198-84b2-e303dc17f0f3 at target=(32,28,25)
[HAULJOBS][562] No planned moves dequeued.
[HAULJOBS][563] No planned moves dequeued.
[HAULJOBS][564] No planned moves dequeued.
[HAULJOBS][565] No planned moves dequeued.
[HAULJOBS][566] No planned moves dequeued.
[MINING][566] Start digging by worker=222e35cb-f763-468b-92a1-db288609d111 at target=(31,28,25)
[HAULJOBS][567] No planned moves dequeued.
[HAULJOBS][568] No planned moves dequeued.
[HAULJOBS][569] No planned moves dequeued.
[HAULJOBS][570] No planned moves dequeued.
[HAULJOBS][571] No planned moves dequeued.
[HAULJOBS][572] No planned moves dequeued.
[HAULJOBS][573] No planned moves dequeued.
[HAULJOBS][574] No planned moves dequeued.
[HAULJOBS][575] No planned moves dequeued.
[HAULJOBS][576] No planned moves dequeued.
[HAULJOBS][577] No planned moves dequeued.
[HAULJOBS][578] No planned moves dequeued.
[HAULJOBS][579] No planned moves dequeued.
[HAULJOBS][580] No planned moves dequeued.
[HAULJOBS][581] No planned moves dequeued.
[MINING][581] Dig complete at target=(32,28,25) action=Dig by 298cd983-164c-4198-84b2-e303dc17f0f3
[DIFF] ApplySetTerrain at (32,28,25): Ramp → OpenWithFloor
[ItemManager] SUCCESS: Spawned 'Boulder' (id=core_item_boulder_granite, guid=832cd12b-bc64-4e7c-ab37-d6f1547d6168, qty=3) at (32,28,25)
[NAV] RebuildChunkNavData chunk=(1,0,25) version:1→2
[NAV] RebuildChunkNavData chunk=(1,0,26) version:1→2
[NAV] RebuildChunkNavData chunk=(1,0,24) version:1→2
[NAV] RebuildChunkNavData chunk=(0,0,25) version:1→2
[HAULJOBS][582] No planned moves dequeued.
[HAULJOBS][583] No planned moves dequeued.
[HAULJOBS][584] No planned moves dequeued.
[HAULJOBS][585] No planned moves dequeued.
[HAULJOBS][586] No planned moves dequeued.
[MINING][586] Dig complete at target=(31,28,25) action=Dig by 222e35cb-f763-468b-92a1-db288609d111
[DIFF] ApplySetTerrain at (31,28,25): Ramp → OpenWithFloor
[ItemManager] SUCCESS: Spawned 'Boulder' (id=core_item_boulder_granite, guid=0ad0a80d-228f-4e52-a898-26ff21ea6c79, qty=3) at (31,28,25)
[NAV] RebuildChunkNavData chunk=(0,0,25) version:2→3
[NAV] RebuildChunkNavData chunk=(0,0,26) version:1→2
[NAV] RebuildChunkNavData chunk=(0,0,24) version:1→2
[NAV] RebuildChunkNavData chunk=(1,0,25) version:2→3
[HAULJOBS][587] No planned moves dequeued.
[HAULJOBS][588] No planned moves dequeued.
[HAULJOBS][589] No planned moves dequeued.
[HAULJOBS][590] No planned moves dequeued.
[HAULJOBS][591] No planned moves dequeued.
[HAULJOBS][592] No planned moves dequeued.
[HAULJOBS][593] No planned moves dequeued.
[HAULJOBS][594] No planned moves dequeued.
[HAULJOBS][595] No planned moves dequeued.
[HAULJOBS][596] No planned moves dequeued.
[HAULJOBS][597] No planned moves dequeued.
[HAULJOBS][598] No planned moves dequeued.
[HAULJOBS][599] No planned moves dequeued.
[HAULJOBS][600] No planned moves dequeued.
[HAULJOBS][601] No planned moves dequeued.
[HAULJOBS][602] No planned moves dequeued.
[HAULJOBS][603] No planned moves dequeued.
[HAULJOBS][604] No planned moves dequeued.
[HAULJOBS][605] No planned moves dequeued.
[HAULJOBS][606] No planned moves dequeued.
[HAULJOBS][607] No planned moves dequeued.
[HAULJOBS][608] No planned moves dequeued.
[HAULJOBS][609] No planned moves dequeued.
[HAULJOBS][610] No planned moves dequeued.
[HAULJOBS][611] No planned moves dequeued.
[HAULJOBS][612] No planned moves dequeued.
[HAULJOBS][613] No planned moves dequeued.
[HAULJOBS][614] No planned moves dequeued.
[HAULJOBS][615] No planned moves dequeued.
[HAULJOBS][616] No planned moves dequeued.
[HAULJOBS][617] No planned moves dequeued.
[HAULJOBS][618] No planned moves dequeued.
[HAULJOBS][619] No planned moves dequeued.
[HAULJOBS][620] No planned moves dequeued.
[HAULJOBS][621] No planned moves dequeued.
[HAULJOBS][622] No planned moves dequeued.
[HAULJOBS][623] No planned moves dequeued.
[HAULJOBS][624] No planned moves dequeued.
[HAULJOBS][625] No planned moves dequeued.
[HAULJOBS][626] No planned moves dequeued.
[HAULJOBS][627] No planned moves dequeued.
[HAULJOBS][628] No planned moves dequeued.
[HAULJOBS][629] No planned moves dequeued.
[HAULJOBS][630] No planned moves dequeued.
[HAULJOBS][631] No planned moves dequeued.
[HAULJOBS][632] No planned moves dequeued.
[HAULJOBS][633] No planned moves dequeued.
[HAULJOBS][634] No planned moves dequeued.
[HAULJOBS][635] No planned moves dequeued.
[HAULJOBS][636] No planned moves dequeued.
[HAULJOBS][637] No planned moves dequeued.
[HAULJOBS][638] No planned moves dequeued.
[HAULJOBS][639] No planned moves dequeued.
[HAULJOBS][640] No planned moves dequeued.
[HAULJOBS][641] No planned moves dequeued.
[HAULJOBS][642] No planned moves dequeued.
[HAULJOBS][643] No planned moves dequeued.
[HAULJOBS][644] No planned moves dequeued.
[HAULJOBS][645] No planned moves dequeued.
[HAULJOBS][646] No planned moves dequeued.
[HAULJOBS][647] No planned moves dequeued.
[HAULJOBS][648] No planned moves dequeued.
[HAULJOBS][649] No planned moves dequeued.
[HAULJOBS][650] No planned moves dequeued.
[HAULJOBS][651] No planned moves dequeued.
[HAULJOBS][652] No planned moves dequeued.
[HAULJOBS][653] No planned moves dequeued.
[HAULJOBS][654] No planned moves dequeued.
[HAULJOBS][655] No planned moves dequeued.
[HAULJOBS][656] No planned moves dequeued.
[HAULJOBS][657] No planned moves dequeued.
[HAULJOBS][658] No planned moves dequeued.
[HAULJOBS][659] No planned moves dequeued.
[HAULJOBS][660] No planned moves dequeued.
[HAULJOBS][661] No planned moves dequeued.
[HAULJOBS][662] No planned moves dequeued.
[HAULJOBS][663] No planned moves dequeued.
[HAULJOBS][664] No planned moves dequeued.
[HAULJOBS][665] No planned moves dequeued.
[HAULJOBS][666] No planned moves dequeued.
[HAULJOBS][667] No planned moves dequeued.
[HAULJOBS][668] No planned moves dequeued.
[HAULJOBS][669] No planned moves dequeued.
[HAULJOBS][670] No planned moves dequeued.
[HAULJOBS][671] No planned moves dequeued.
[HAULJOBS][672] No planned moves dequeued.
[HAULJOBS][673] No planned moves dequeued.
[HAULJOBS][674] No planned moves dequeued.
[HAULJOBS][675] No planned moves dequeued.
[HAULJOBS][676] No planned moves dequeued.
[HAULJOBS][677] No planned moves dequeued.
[HAULJOBS][678] No planned moves dequeued.
[HAULJOBS][679] No planned moves dequeued.
[HAULJOBS][680] No planned moves dequeued.
[HAULJOBS][681] No planned moves dequeued.
[HAULJOBS][682] No planned moves dequeued.
[HAULJOBS][683] No planned moves dequeued.
[HAULJOBS][684] No planned moves dequeued.
[HAULJOBS][685] No planned moves dequeued.
[HAULJOBS][686] No planned moves dequeued.
[HAULJOBS][687] No planned moves dequeued.
[HAULJOBS][688] No planned moves dequeued.
[HAULJOBS][689] No planned moves dequeued.
[HAULJOBS][690] No planned moves dequeued.
[HAULJOBS][691] No planned moves dequeued.
[HAULJOBS][692] No planned moves dequeued.
[HAULJOBS][693] No planned moves dequeued.
[HAULJOBS][694] No planned moves dequeued.
[HAULJOBS][695] No planned moves dequeued.
[HAULJOBS][696] No planned moves dequeued.
[HAULJOBS][697] No planned moves dequeued.
[HAULJOBS][698] No planned moves dequeued.
[HAULJOBS][699] No planned moves dequeued.
[HAULJOBS][700] No planned moves dequeued.
[HAULJOBS][701] No planned moves dequeued.
[HAULJOBS][702] No planned moves dequeued.
[HAULJOBS][703] No planned moves dequeued.
[HAULJOBS][704] No planned moves dequeued.
[HAULJOBS][705] No planned moves dequeued.
[HAULJOBS][706] No planned moves dequeued.
[HAULJOBS][707] No planned moves dequeued.
[HAULJOBS][708] No planned moves dequeued.
[HAULJOBS][709] No planned moves dequeued.
[HAULJOBS][710] No planned moves dequeued.
[HAULJOBS][711] No planned moves dequeued.
[HAULJOBS][712] No planned moves dequeued.
[HAULJOBS][713] No planned moves dequeued.
[HAULJOBS][714] No planned moves dequeued.
[HAULJOBS][715] No planned moves dequeued.
[HAULJOBS][716] No planned moves dequeued.
[HAULJOBS][717] No planned moves dequeued.
[HAULJOBS][718] No planned moves dequeued.
[HAULJOBS][719] No planned moves dequeued.
[HAULJOBS][720] No planned moves dequeued.
[HAULJOBS][721] No planned moves dequeued.
[HAULJOBS][722] No planned moves dequeued.
[HAULJOBS][723] No planned moves dequeued.
[HAULJOBS][724] No planned moves dequeued.
[HAULJOBS][725] No planned moves dequeued.
[HAULJOBS][726] No planned moves dequeued.
[HAULJOBS][727] No planned moves dequeued.
[HAULJOBS][728] No planned moves dequeued.
[HAULJOBS][729] No planned moves dequeued.
[HAULJOBS][730] No planned moves dequeued.
[HAULJOBS][731] No planned moves dequeued.
[HAULJOBS][732] No planned moves dequeued.
[HAULJOBS][733] No planned moves dequeued.
[HAULJOBS][734] No planned moves dequeued.
[HAULJOBS][735] No planned moves dequeued.
[HAULJOBS][736] No planned moves dequeued.
[HAULJOBS][737] No planned moves dequeued.
[HAULJOBS][738] No planned moves dequeued.
[HAULJOBS][739] No planned moves dequeued.
[HAULJOBS][740] No planned moves dequeued.
[HAULJOBS][741] No planned moves dequeued.
[HAULJOBS][742] No planned moves dequeued.
[HAULJOBS][743] No planned moves dequeued.
[HAULJOBS][744] No planned moves dequeued.
[HAULJOBS][745] No planned moves dequeued.
[HAULJOBS][746] No planned moves dequeued.
[HAULJOBS][747] No planned moves dequeued.
[HAULJOBS][748] No planned moves dequeued.
[HAULJOBS][749] No planned moves dequeued.
[HAULJOBS][750] No planned moves dequeued.
[HAULJOBS][751] No planned moves dequeued.
[HAULJOBS][752] No planned moves dequeued.
[HAULJOBS][753] No planned moves dequeued.
[HAULJOBS][754] No planned moves dequeued.
[HAULJOBS][755] No planned moves dequeued.
[HAULJOBS][756] No planned moves dequeued.
[HAULJOBS][757] No planned moves dequeued.
[HAULJOBS][758] No planned moves dequeued.
[HAULJOBS][759] No planned moves dequeued.
[HAULJOBS][760] No planned moves dequeued.
[HAULJOBS][761] No planned moves dequeued.
[HAULJOBS][762] No planned moves dequeued.
[HAULJOBS][763] No planned moves dequeued.
[HAULJOBS][764] No planned moves dequeued.
[HAULJOBS][765] No planned moves dequeued.
[HAULJOBS][766] No planned moves dequeued.
[HAULJOBS][767] No planned moves dequeued.
[HAULJOBS][768] No planned moves dequeued.
[HAULJOBS][769] No planned moves dequeued.
[HAULJOBS][770] No planned moves dequeued.
[HAULJOBS][771] No planned moves dequeued.
[HAULJOBS][772] No planned moves dequeued.
[HAULJOBS][773] No planned moves dequeued.
[HAULJOBS][774] No planned moves dequeued.
[HAULJOBS][775] No planned moves dequeued.
[HAULJOBS][776] No planned moves dequeued.
[HAULJOBS][777] No planned moves dequeued.
[HAULJOBS][778] No planned moves dequeued.
[HAULJOBS][779] No planned moves dequeued.
[HAULJOBS][780] No planned moves dequeued.
[HAULJOBS][781] No planned moves dequeued.
[HAULJOBS][782] No planned moves dequeued.
[HAULJOBS][783] No planned moves dequeued.
[HAULJOBS][784] No planned moves dequeued.
[HAULJOBS][785] No planned moves dequeued.
[HAULJOBS][786] No planned moves dequeued.
[HAULJOBS][787] No planned moves dequeued.
[HAULJOBS][788] No planned moves dequeued.
[HAULJOBS][789] No planned moves dequeued.
[HAULJOBS][790] No planned moves dequeued.
[HAULJOBS][791] No planned moves dequeued.
[HAULJOBS][792] No planned moves dequeued.
[HAULJOBS][793] No planned moves dequeued.
[HAULJOBS][794] No planned moves dequeued.
[HAULJOBS][795] No planned moves dequeued.
[HAULJOBS][796] No planned moves dequeued.
[HAULJOBS][797] No planned moves dequeued.
[HAULJOBS][798] No planned moves dequeued.
[HAULJOBS][799] No planned moves dequeued.
[HAULJOBS][800] No planned moves dequeued.
[HAULJOBS][801] No planned moves dequeued.
[HAULJOBS][802] No planned moves dequeued.
[HAULJOBS][803] No planned moves dequeued.
[HAULJOBS][804] No planned moves dequeued.
[HAULJOBS][805] No planned moves dequeued.
[HAULJOBS][806] No planned moves dequeued.
[HAULJOBS][807] No planned moves dequeued.
[HAULJOBS][808] No planned moves dequeued.
[HAULJOBS][809] No planned moves dequeued.
[HAULJOBS][810] No planned moves dequeued.
[HAULJOBS][811] No planned moves dequeued.
[HAULJOBS][812] No planned moves dequeued.
[HAULJOBS][813] No planned moves dequeued.
[HAULJOBS][814] No planned moves dequeued.
[HAULJOBS][815] No planned moves dequeued.
[HAULJOBS][816] No planned moves dequeued.
[HAULJOBS][817] No planned moves dequeued.
[HAULJOBS][818] No planned moves dequeued.
[HAULJOBS][819] No planned moves dequeued.
[HAULJOBS][820] No planned moves dequeued.
[HAULJOBS][821] No planned moves dequeued.
[HAULJOBS][822] No planned moves dequeued.
[HAULJOBS][823] No planned moves dequeued.
[HAULJOBS][824] No planned moves dequeued.
[HAULJOBS][825] No planned moves dequeued.
[HAULJOBS][826] No planned moves dequeued.
[HAULJOBS][827] No planned moves dequeued.
[HAULJOBS][828] No planned moves dequeued.
[HAULJOBS][829] No planned moves dequeued.
[HAULJOBS][830] No planned moves dequeued.
[HAULJOBS][831] No planned moves dequeued.
[HAULJOBS][832] No planned moves dequeued.
[HAULJOBS][833] No planned moves dequeued.
[HAULJOBS][834] No planned moves dequeued.
[HAULJOBS][835] No planned moves dequeued.
[HAULJOBS][836] No planned moves dequeued.
[HAULJOBS][837] No planned moves dequeued.
[HAULJOBS][838] No planned moves dequeued.
[HAULJOBS][839] No planned moves dequeued.
[HAULJOBS][840] No planned moves dequeued.
[HAULJOBS][841] No planned moves dequeued.
[HAULJOBS][842] No planned moves dequeued.
[HAULJOBS][843] No planned moves dequeued.
[HAULJOBS][844] No planned moves dequeued.
[HAULJOBS][845] No planned moves dequeued.
[HAULJOBS][846] No planned moves dequeued.
[HAULJOBS][847] No planned moves dequeued.
[HAULJOBS][848] No planned moves dequeued.
[HAULJOBS][849] No planned moves dequeued.
[HAULJOBS][850] No planned moves dequeued.
[HAULJOBS][851] No planned moves dequeued.
[HAULJOBS][852] No planned moves dequeued.
[HAULJOBS][853] No planned moves dequeued.
[HAULJOBS][854] No planned moves dequeued.
[HAULJOBS][855] No planned moves dequeued.
[HAULJOBS][856] No planned moves dequeued.
[HAULJOBS][857] No planned moves dequeued.
[HAULJOBS][858] No planned moves dequeued.
[HAULJOBS][859] No planned moves dequeued.
[HAULJOBS][860] No planned moves dequeued.
[HAULJOBS][861] No planned moves dequeued.
[HAULJOBS][862] No planned moves dequeued.
[HAULJOBS][863] No planned moves dequeued.
[HAULJOBS][864] No planned moves dequeued.
[HAULJOBS][865] No planned moves dequeued.
[HAULJOBS][866] No planned moves dequeued.
[HAULJOBS][867] No planned moves dequeued.
[HAULJOBS][868] No planned moves dequeued.
[HAULJOBS][869] No planned moves dequeued.
[HAULJOBS][870] No planned moves dequeued.
[HAULJOBS][871] No planned moves dequeued.
[HAULJOBS][872] No planned moves dequeued.
[HAULJOBS][873] No planned moves dequeued.
[HAULJOBS][874] No planned moves dequeued.
[HAULJOBS][875] No planned moves dequeued.
[HAULJOBS][876] No planned moves dequeued.
[HAULJOBS][877] No planned moves dequeued.
[HAULJOBS][878] No planned moves dequeued.
[HAULJOBS][879] No planned moves dequeued.
[HAULJOBS][880] No planned moves dequeued.
[HAULJOBS][881] No planned moves dequeued.
[HAULJOBS][882] No planned moves dequeued.
[HAULJOBS][883] No planned moves dequeued.
[HAULJOBS][884] No planned moves dequeued.
[HAULJOBS][885] No planned moves dequeued.
[HAULJOBS][886] No planned moves dequeued.
[HAULJOBS][887] No planned moves dequeued.
[HAULJOBS][888] No planned moves dequeued.
[HAULJOBS][889] No planned moves dequeued.
[HAULJOBS][890] No planned moves dequeued.
[HAULJOBS][891] No planned moves dequeued.
[HAULJOBS][892] No planned moves dequeued.
[HAULJOBS][893] No planned moves dequeued.
[HAULJOBS][894] No planned moves dequeued.
[HAULJOBS][895] No planned moves dequeued.
[HAULJOBS][896] No planned moves dequeued.
[HAULJOBS][897] No planned moves dequeued.
[HAULJOBS][898] No planned moves dequeued.
[HAULJOBS][899] No planned moves dequeued.
[HAULJOBS][900] No planned moves dequeued.
[HAULJOBS][901] No planned moves dequeued.
[HAULJOBS][902] No planned moves dequeued.
[HAULJOBS][903] No planned moves dequeued.
[HAULJOBS][904] No planned moves dequeued.
[HAULJOBS][905] No planned moves dequeued.
[HAULJOBS][906] No planned moves dequeued.
[HAULJOBS][907] No planned moves dequeued.
[HAULJOBS][908] No planned moves dequeued.
[HAULJOBS][909] No planned moves dequeued.
[HAULJOBS][910] No planned moves dequeued.
[HAULJOBS][911] No planned moves dequeued.
[HAULJOBS][912] No planned moves dequeued.
[HAULJOBS][913] No planned moves dequeued.
[HAULJOBS][914] No planned moves dequeued.
[HAULJOBS][915] No planned moves dequeued.
[HAULJOBS][916] No planned moves dequeued.
[HAULJOBS][917] No planned moves dequeued.
[HAULJOBS][918] No planned moves dequeued.
[HAULJOBS][919] No planned moves dequeued.
[HAULJOBS][920] No planned moves dequeued.
[HAULJOBS][921] No planned moves dequeued.
[HAULJOBS][922] No planned moves dequeued.
[HAULJOBS][923] No planned moves dequeued.
[HAULJOBS][924] No planned moves dequeued.
[HAULJOBS][925] No planned moves dequeued.
[HAULJOBS][926] No planned moves dequeued.
[HAULJOBS][927] No planned moves dequeued.
[HAULJOBS][928] No planned moves dequeued.
[HAULJOBS][929] No planned moves dequeued.
[HAULJOBS][930] No planned moves dequeued.
[HAULJOBS][931] No planned moves dequeued.
[HAULJOBS][932] No planned moves dequeued.
[HAULJOBS][933] No planned moves dequeued.
[HAULJOBS][934] No planned moves dequeued.
[HAULJOBS][935] No planned moves dequeued.
[HAULJOBS][936] No planned moves dequeued.
[HAULJOBS][937] No planned moves dequeued.
[HAULJOBS][938] No planned moves dequeued.
[HAULJOBS][939] No planned moves dequeued.
[HAULJOBS][940] No planned moves dequeued.
[HAULJOBS][941] No planned moves dequeued.
[HAULJOBS][942] No planned moves dequeued.
[HAULJOBS][943] No planned moves dequeued.
[HAULJOBS][944] No planned moves dequeued.
[HAULJOBS][945] No planned moves dequeued.
[HAULJOBS][946] No planned moves dequeued.
[HAULJOBS][947] No planned moves dequeued.
[HAULJOBS][948] No planned moves dequeued.
[HAULJOBS][949] No planned moves dequeued.
[HAULJOBS][950] No planned moves dequeued.
[HAULJOBS][951] No planned moves dequeued.
[HAULJOBS][952] No planned moves dequeued.
[HAULJOBS][953] No planned moves dequeued.
[HAULJOBS][954] No planned moves dequeued.
[HAULJOBS][955] No planned moves dequeued.
[HAULJOBS][956] No planned moves dequeued.
[HAULJOBS][957] No planned moves dequeued.
[HAULJOBS][958] No planned moves dequeued.
[HAULJOBS][959] No planned moves dequeued.
[HAULJOBS][960] No planned moves dequeued.
[HAULJOBS][961] No planned moves dequeued.
[HAULJOBS][962] No planned moves dequeued.
[HAULJOBS][963] No planned moves dequeued.
[HAULJOBS][964] No planned moves dequeued.
[HAULJOBS][965] No planned moves dequeued.
[HAULJOBS][966] No planned moves dequeued.
[HAULJOBS][967] No planned moves dequeued.
[HAULJOBS][968] No planned moves dequeued.
[HAULJOBS][969] No planned moves dequeued.
[HAULJOBS][970] No planned moves dequeued.
[HAULJOBS][971] No planned moves dequeued.
[HAULJOBS][972] No planned moves dequeued.
[HAULJOBS][973] No planned moves dequeued.
[HAULJOBS][974] No planned moves dequeued.
[HAULJOBS][975] No planned moves dequeued.
[HAULJOBS][976] No planned moves dequeued.
[HAULJOBS][977] No planned moves dequeued.
[HAULJOBS][978] No planned moves dequeued.
[HAULJOBS][979] No planned moves dequeued.
[HAULJOBS][980] No planned moves dequeued.
[HAULJOBS][981] No planned moves dequeued.
[HAULJOBS][982] No planned moves dequeued.
[HAULJOBS][983] No planned moves dequeued.
[HAULJOBS][984] No planned moves dequeued.
[HAULJOBS][985] No planned moves dequeued.
[HAULJOBS][986] No planned moves dequeued.
[HAULJOBS][987] No planned moves dequeued.
[HAULJOBS][988] No planned moves dequeued.
[HAULJOBS][989] No planned moves dequeued.
[HAULJOBS][990] No planned moves dequeued.
[HAULJOBS][991] No planned moves dequeued.
[HAULJOBS][992] No planned moves dequeued.
[HAULJOBS][993] No planned moves dequeued.
[HAULJOBS][994] No planned moves dequeued.
[HAULJOBS][995] No planned moves dequeued.
[HAULJOBS][996] No planned moves dequeued.
[HAULJOBS][997] No planned moves dequeued.
[HAULJOBS][998] No planned moves dequeued.
[HAULJOBS][999] No planned moves dequeued.
[HAULJOBS][1000] No planned moves dequeued.
[HAULJOBS][1001] No planned moves dequeued.
[HAULJOBS][1002] No planned moves dequeued.
[HAULJOBS][1003] No planned moves dequeued.
[HAULJOBS][1004] No planned moves dequeued.
[HAULJOBS][1005] No planned moves dequeued.
[HAULJOBS][1006] No planned moves dequeued.
[HAULJOBS][1007] No planned moves dequeued.
[HAULJOBS][1008] No planned moves dequeued.
[HAULJOBS][1009] No planned moves dequeued.
[HAULJOBS][1010] No planned moves dequeued.
[HAULJOBS][1011] No planned moves dequeued.
[HAULJOBS][1012] No planned moves dequeued.
[HAULJOBS][1013] No planned moves dequeued.
[HAULJOBS][1014] No planned moves dequeued.
[HAULJOBS][1015] No planned moves dequeued.
[HAULJOBS][1016] No planned moves dequeued.
[HAULJOBS][1017] No planned moves dequeued.
[HAULJOBS][1018] No planned moves dequeued.
[KEY] Z -> QMenu=Orders
[HAULJOBS][1019] No planned moves dequeued.
[HAULJOBS][1020] No planned moves dequeued.
[HAULJOBS][1021] No planned moves dequeued.
[HAULJOBS][1022] No planned moves dequeued.
[HAULJOBS][1023] No planned moves dequeued.
[HAULJOBS][1024] No planned moves dequeued.
[HAULJOBS][1025] No planned moves dequeued.
[HAULJOBS][1026] No planned moves dequeued.
[HAULJOBS][1027] No planned moves dequeued.
[HAULJOBS][1028] No planned moves dequeued.
[HAULJOBS][1029] No planned moves dequeued.
[HAULJOBS][1030] No planned moves dequeued.
[HAULJOBS][1031] No planned moves dequeued.
[HAULJOBS][1032] No planned moves dequeued.
[HAULJOBS][1033] No planned moves dequeued.
[HAULJOBS][1034] No planned moves dequeued.
[HAULJOBS][1035] No planned moves dequeued.
[HAULJOBS][1036] No planned moves dequeued.
[HAULJOBS][1037] No planned moves dequeued.
[HAULJOBS][1038] No planned moves dequeued.
[HAULJOBS][1039] No planned moves dequeued.
[HAULJOBS][1040] No planned moves dequeued.
[HAULJOBS][1041] No planned moves dequeued.
[HAULJOBS][1042] No planned moves dequeued.
[HAULJOBS][1043] No planned moves dequeued.
[HAULJOBS][1044] No planned moves dequeued.
[HAULJOBS][1045] No planned moves dequeued.
[HAULJOBS][1046] No planned moves dequeued.
[HAULJOBS][1047] No planned moves dequeued.
[HAULJOBS][1048] No planned moves dequeued.
[HAULJOBS][1049] No planned moves dequeued.
[HAULJOBS][1050] No planned moves dequeued.
[HAULJOBS][1051] No planned moves dequeued.
[HAULJOBS][1052] No planned moves dequeued.
[HAULJOBS][1053] No planned moves dequeued.
[HAULJOBS][1054] No planned moves dequeued.
[HAULJOBS][1055] No planned moves dequeued.
[HAULJOBS][1056] No planned moves dequeued.
[HAULJOBS][1057] No planned moves dequeued.
[HAULJOBS][1058] No planned moves dequeued.
[HAULJOBS][1059] No planned moves dequeued.
[HAULJOBS][1060] No planned moves dequeued.
[HAULJOBS][1061] No planned moves dequeued.
[HAULJOBS][1062] No planned moves dequeued.
[HAULJOBS][1063] No planned moves dequeued.
[HAULJOBS][1064] No planned moves dequeued.
[HAULJOBS][1065] No planned moves dequeued.
[HAULJOBS][1066] No planned moves dequeued.
[HAULJOBS][1067] No planned moves dequeued.
[HAULJOBS][1068] No planned moves dequeued.
[HAULJOBS][1069] No planned moves dequeued.
[HAULJOBS][1070] No planned moves dequeued.
[HAULJOBS][1071] No planned moves dequeued.
[HAULJOBS][1072] No planned moves dequeued.
[HAULJOBS][1073] No planned moves dequeued.
[HAULJOBS][1074] No planned moves dequeued.
[HAULJOBS][1075] No planned moves dequeued.
[HAULJOBS][1076] No planned moves dequeued.
[HAULJOBS][1077] No planned moves dequeued.
[HAULJOBS][1078] No planned moves dequeued.
[HAULJOBS][1079] No planned moves dequeued.
[HAULJOBS][1080] No planned moves dequeued.
[HAULJOBS][1081] No planned moves dequeued.
[HAULJOBS][1082] No planned moves dequeued.
[HAULJOBS][1083] No planned moves dequeued.
[HAULJOBS][1084] No planned moves dequeued.
[HAULJOBS][1085] No planned moves dequeued.
[HAULJOBS][1086] No planned moves dequeued.
[HAULJOBS][1087] No planned moves dequeued.
[HAULJOBS][1088] No planned moves dequeued.
[HAULJOBS][1089] No planned moves dequeued.
[HAULJOBS][1090] No planned moves dequeued.
[HAULJOBS][1091] No planned moves dequeued.
[HAULJOBS][1092] No planned moves dequeued.
[HAULJOBS][1093] No planned moves dequeued.
[HAULJOBS][1094] No planned moves dequeued.
[HAULJOBS][1095] No planned moves dequeued.
[HAULJOBS][1096] No planned moves dequeued.
[HAULJOBS][1097] No planned moves dequeued.
[HAULJOBS][1098] No planned moves dequeued.
[HAULJOBS][1099] No planned moves dequeued.
[HAULJOBS][1100] No planned moves dequeued.
[HAULJOBS][1101] No planned moves dequeued.
[HAULJOBS][1102] No planned moves dequeued.
[HAULJOBS][1103] No planned moves dequeued.
[HAULJOBS][1104] No planned moves dequeued.
[HAULJOBS][1105] No planned moves dequeued.
[HAULJOBS][1106] No planned moves dequeued.
[HAULJOBS][1107] No planned moves dequeued.
[HAULJOBS][1108] No planned moves dequeued.
[HAULJOBS][1109] No planned moves dequeued.
[HAULJOBS][1110] No planned moves dequeued.
[HAULJOBS][1111] No planned moves dequeued.
[HAULJOBS][1112] No planned moves dequeued.
[HAULJOBS][1113] No planned moves dequeued.
[HAULJOBS][1114] No planned moves dequeued.
[MINING] First corner at (16,26,25)
[HAULJOBS][1115] No planned moves dequeued.
[HAULJOBS][1116] No planned moves dequeued.
[HAULJOBS][1117] No planned moves dequeued.
[HAULJOBS][1118] No planned moves dequeued.
[HAULJOBS][1119] No planned moves dequeued.
[HAULJOBS][1120] No planned moves dequeued.
[HAULJOBS][1121] No planned moves dequeued.
[HAULJOBS][1122] No planned moves dequeued.
[HAULJOBS][1123] No planned moves dequeued.
[HAULJOBS][1124] No planned moves dequeued.
[HAULJOBS][1125] No planned moves dequeued.
[HAULJOBS][1126] No planned moves dequeued.
[HAULJOBS][1127] No planned moves dequeued.
[HAULJOBS][1128] No planned moves dequeued.
[HAULJOBS][1129] No planned moves dequeued.
[HAULJOBS][1130] No planned moves dequeued.
[HAULJOBS][1131] No planned moves dequeued.
[HAULJOBS][1132] No planned moves dequeued.
[HAULJOBS][1133] No planned moves dequeued.
[HAULJOBS][1134] No planned moves dequeued.
[HAULJOBS][1135] No planned moves dequeued.
[HAULJOBS][1136] No planned moves dequeued.
[HAULJOBS][1137] No planned moves dequeued.
[HAULJOBS][1138] No planned moves dequeued.
[HAULJOBS][1139] No planned moves dequeued.
[HAULJOBS][1140] No planned moves dequeued.
[HAULJOBS][1141] No planned moves dequeued.
[HAULJOBS][1142] No planned moves dequeued.
[HAULJOBS][1143] No planned moves dequeued.
[HAULJOBS][1144] No planned moves dequeued.
[HAULJOBS][1145] No planned moves dequeued.
[HAULJOBS][1146] No planned moves dequeued.
[HAULJOBS][1147] No planned moves dequeued.
[HAULJOBS][1148] No planned moves dequeued.
[HAULJOBS][1149] No planned moves dequeued.
[HAULJOBS][1150] No planned moves dequeued.
[HAULJOBS][1151] No planned moves dequeued.
[HAULJOBS][1152] No planned moves dequeued.
[HAULJOBS][1153] No planned moves dequeued.
[HAULJOBS][1154] No planned moves dequeued.
[HAULJOBS][1155] No planned moves dequeued.
[HAULJOBS][1156] No planned moves dequeued.
[HAULJOBS][1157] No planned moves dequeued.
[HAULJOBS][1158] No planned moves dequeued.
[HAULJOBS][1159] No planned moves dequeued.
[HAULJOBS][1160] No planned moves dequeued.
[HAULJOBS][1161] No planned moves dequeued.
[HAULJOBS][1162] No planned moves dequeued.
[HAULJOBS][1163] No planned moves dequeued.
[HAULJOBS][1164] No planned moves dequeued.
[HAULJOBS][1165] No planned moves dequeued.
[HAULJOBS][1166] No planned moves dequeued.
[HAULJOBS][1167] No planned moves dequeued.
[HAULJOBS][1168] No planned moves dequeued.
[HAULJOBS][1169] No planned moves dequeued.
[HAULJOBS][1170] No planned moves dequeued.
[HAULJOBS][1171] No planned moves dequeued.
[HAULJOBS][1172] No planned moves dequeued.
[HAULJOBS][1173] No planned moves dequeued.
[HAULJOBS][1174] No planned moves dequeued.
[HAULJOBS][1175] No planned moves dequeued.
[HAULJOBS][1176] No planned moves dequeued.
[HAULJOBS][1177] No planned moves dequeued.
[HAULJOBS][1178] No planned moves dequeued.
[HAULJOBS][1179] No planned moves dequeued.
[HAULJOBS][1180] No planned moves dequeued.
[HAULJOBS][1181] No planned moves dequeued.
[HAULJOBS][1182] No planned moves dequeued.
[HAULJOBS][1183] No planned moves dequeued.
[HAULJOBS][1184] No planned moves dequeued.
[HAULJOBS][1185] No planned moves dequeued.
[HAULJOBS][1186] No planned moves dequeued.
[HAULJOBS][1187] No planned moves dequeued.
[HAULJOBS][1188] No planned moves dequeued.
[HAULJOBS][1189] No planned moves dequeued.
[HAULJOBS][1190] No planned moves dequeued.
[HAULJOBS][1191] No planned moves dequeued.
[HAULJOBS][1192] No planned moves dequeued.
[HAULJOBS][1193] No planned moves dequeued.
[HAULJOBS][1194] No planned moves dequeued.
[HAULJOBS][1195] No planned moves dequeued.
[HAULJOBS][1196] No planned moves dequeued.
[HAULJOBS][1197] No planned moves dequeued.
[HAULJOBS][1198] No planned moves dequeued.
[HAULJOBS][1199] No planned moves dequeued.
[HAULJOBS][1200] No planned moves dequeued.
[HAULJOBS][1201] No planned moves dequeued.
[HAULJOBS][1202] No planned moves dequeued.
[HAULJOBS][1203] No planned moves dequeued.
[HAULJOBS][1204] No planned moves dequeued.
[HAULJOBS][1205] No planned moves dequeued.
[HAULJOBS][1206] No planned moves dequeued.
[HAULJOBS][1207] No planned moves dequeued.
[HAULJOBS][1208] No planned moves dequeued.
[HAULJOBS][1209] No planned moves dequeued.
[HAULJOBS][1210] No planned moves dequeued.
[HAULJOBS][1211] No planned moves dequeued.
[HAULJOBS][1212] No planned moves dequeued.
[HAULJOBS][1213] No planned moves dequeued.
[HAULJOBS][1214] No planned moves dequeued.
[HAULJOBS][1215] No planned moves dequeued.
[HAULJOBS][1216] No planned moves dequeued.
[HAULJOBS][1217] No planned moves dequeued.
[HAULJOBS][1218] No planned moves dequeued.
[HAULJOBS][1219] No planned moves dequeued.
[HAULJOBS][1220] No planned moves dequeued.
[HAULJOBS][1221] No planned moves dequeued.
[HAULJOBS][1222] No planned moves dequeued.
[HAULJOBS][1223] No planned moves dequeued.
[HAULJOBS][1224] No planned moves dequeued.
[HAULJOBS][1225] No planned moves dequeued.
[HAULJOBS][1226] No planned moves dequeued.
[HAULJOBS][1227] No planned moves dequeued.
[HAULJOBS][1228] No planned moves dequeued.
[HAULJOBS][1229] No planned moves dequeued.
[HAULJOBS][1230] No planned moves dequeued.
[HAULJOBS][1231] No planned moves dequeued.
[HAULJOBS][1232] No planned moves dequeued.
[HAULJOBS][1233] No planned moves dequeued.
[HAULJOBS][1234] No planned moves dequeued.
[HAULJOBS][1235] No planned moves dequeued.
[HAULJOBS][1236] No planned moves dequeued.
[HAULJOBS][1237] No planned moves dequeued.
[HAULJOBS][1238] No planned moves dequeued.
[HAULJOBS][1239] No planned moves dequeued.
[HAULJOBS][1240] No planned moves dequeued.
[HAULJOBS][1241] No planned moves dequeued.
[HAULJOBS][1242] No planned moves dequeued.
[HAULJOBS][1243] No planned moves dequeued.
[HAULJOBS][1244] No planned moves dequeued.
[HAULJOBS][1245] No planned moves dequeued.
[HAULJOBS][1246] No planned moves dequeued.
[HAULJOBS][1247] No planned moves dequeued.
[HAULJOBS][1248] No planned moves dequeued.
[HAULJOBS][1249] No planned moves dequeued.
[HAULJOBS][1250] No planned moves dequeued.
[HAULJOBS][1251] No planned moves dequeued.
[HAULJOBS][1252] No planned moves dequeued.
[HAULJOBS][1253] No planned moves dequeued.
[HAULJOBS][1254] No planned moves dequeued.
[HAULJOBS][1255] No planned moves dequeued.
[HAULJOBS][1256] No planned moves dequeued.
[HAULJOBS][1257] No planned moves dequeued.
[HAULJOBS][1258] No planned moves dequeued.
[HAULJOBS][1259] No planned moves dequeued.
[HAULJOBS][1260] No planned moves dequeued.
[HAULJOBS][1261] No planned moves dequeued.
[HAULJOBS][1262] No planned moves dequeued.
[HAULJOBS][1263] No planned moves dequeued.
[HAULJOBS][1264] No planned moves dequeued.
[HAULJOBS][1265] No planned moves dequeued.
[HAULJOBS][1266] No planned moves dequeued.
[HAULJOBS][1267] No planned moves dequeued.
[HAULJOBS][1268] No planned moves dequeued.
[HAULJOBS][1269] No planned moves dequeued.
[HAULJOBS][1270] No planned moves dequeued.
[HAULJOBS][1271] No planned moves dequeued.
[HAULJOBS][1272] No planned moves dequeued.
[HAULJOBS][1273] No planned moves dequeued.
[HAULJOBS][1274] No planned moves dequeued.
[HAULJOBS][1275] No planned moves dequeued.
[HAULJOBS][1276] No planned moves dequeued.
[HAULJOBS][1277] No planned moves dequeued.
[HAULJOBS][1278] No planned moves dequeued.
[HAULJOBS][1279] No planned moves dequeued.
[HAULJOBS][1280] No planned moves dequeued.
[HAULJOBS][1281] No planned moves dequeued.
[HAULJOBS][1282] No planned moves dequeued.
[HAULJOBS][1283] No planned moves dequeued.
[HAULJOBS][1284] No planned moves dequeued.
[HAULJOBS][1285] No planned moves dequeued.
[HAULJOBS][1286] No planned moves dequeued.
[HAULJOBS][1287] No planned moves dequeued.
[HAULJOBS][1288] No planned moves dequeued.
[HAULJOBS][1289] No planned moves dequeued.
[HAULJOBS][1290] No planned moves dequeued.
[HAULJOBS][1291] No planned moves dequeued.
[ZLEVEL-UPDATE] delta=1 -> Z=24
[HAULJOBS][1292] No planned moves dequeued.
[HAULJOBS][1293] No planned moves dequeued.
[ZLEVEL-UPDATE] delta=1 -> Z=23
[HAULJOBS][1294] No planned moves dequeued.
[HAULJOBS][1295] No planned moves dequeued.
[HAULJOBS][1296] No planned moves dequeued.
[HAULJOBS][1297] No planned moves dequeued.
[HAULJOBS][1298] No planned moves dequeued.
[ZLEVEL-UPDATE] delta=1 -> Z=22
[HAULJOBS][1299] No planned moves dequeued.
[HAULJOBS][1300] No planned moves dequeued.
[HAULJOBS][1301] No planned moves dequeued.
[HAULJOBS][1302] No planned moves dequeued.
[HAULJOBS][1303] No planned moves dequeued.
[HAULJOBS][1304] No planned moves dequeued.
[HAULJOBS][1305] No planned moves dequeued.
[HAULJOBS][1306] No planned moves dequeued.
[ZLEVEL-UPDATE] delta=1 -> Z=21
[HAULJOBS][1307] No planned moves dequeued.
[HAULJOBS][1308] No planned moves dequeued.
[HAULJOBS][1309] No planned moves dequeued.
[HAULJOBS][1310] No planned moves dequeued.
[HAULJOBS][1311] No planned moves dequeued.
[HAULJOBS][1312] No planned moves dequeued.
[HAULJOBS][1313] No planned moves dequeued.
[HAULJOBS][1314] No planned moves dequeued.
[HAULJOBS][1315] No planned moves dequeued.
[HAULJOBS][1316] No planned moves dequeued.
[HAULJOBS][1317] No planned moves dequeued.
[HAULJOBS][1318] No planned moves dequeued.
[HAULJOBS][1319] No planned moves dequeued.
[HAULJOBS][1320] No planned moves dequeued.
[HAULJOBS][1321] No planned moves dequeued.
[HAULJOBS][1322] No planned moves dequeued.
[HAULJOBS][1323] No planned moves dequeued.
[HAULJOBS][1324] No planned moves dequeued.
[HAULJOBS][1325] No planned moves dequeued.
[HAULJOBS][1326] No planned moves dequeued.
[HAULJOBS][1327] No planned moves dequeued.
[HAULJOBS][1328] No planned moves dequeued.
[MINING] UI enqueued action=DigStairwell rect=(16,26,3x3) z=25..25 validCells=4/9
[HAULJOBS][1329] No planned moves dequeued.
[HAULJOBS][1330] No planned moves dequeued.
[MINING][1330] Assign worker=222e35cb-f763-468b-92a1-db288609d111 target=(16,26,25) adj=(16,25,25) terrain=OpenWithFloor ticks=20
[MINING][1330] Assign worker=298cd983-164c-4198-84b2-e303dc17f0f3 target=(17,26,25) adj=(17,25,25) terrain=OpenWithFloor ticks=20
[MINING][1330] Assign worker=57fbb78a-cc22-4c58-be60-da39a0a4daa1 target=(16,27,25) adj=(16,26,25) terrain=OpenWithFloor ticks=20
[MINING][1330] Assign worker=cad56d6d-b89e-4501-b51f-5cc4ec0884ff target=(17,27,25) adj=(17,26,25) terrain=OpenWithFloor ticks=20
[HAULJOBS][1331] No planned moves dequeued.
[HAULJOBS][1332] No planned moves dequeued.
[HAULJOBS][1333] No planned moves dequeued.
[HAULJOBS][1334] No planned moves dequeued.
[HAULJOBS][1335] No planned moves dequeued.
[HAULJOBS][1336] No planned moves dequeued.
[HAULJOBS][1337] No planned moves dequeued.
[HAULJOBS][1338] No planned moves dequeued.
[ZLEVEL-UPDATE] delta=-1 -> Z=22
[HAULJOBS][1339] No planned moves dequeued.
[HAULJOBS][1340] No planned moves dequeued.
[ZLEVEL-UPDATE] delta=-1 -> Z=23
[HAULJOBS][1341] No planned moves dequeued.
[HAULJOBS][1342] No planned moves dequeued.
[ZLEVEL-UPDATE] delta=-1 -> Z=24
[HAULJOBS][1343] No planned moves dequeued.
[HAULJOBS][1344] No planned moves dequeued.
[ZLEVEL-UPDATE] delta=-1 -> Z=25
[HAULJOBS][1345] No planned moves dequeued.
[HAULJOBS][1346] No planned moves dequeued.
[HAULJOBS][1347] No planned moves dequeued.
[HAULJOBS][1348] No planned moves dequeued.
[HAULJOBS][1349] No planned moves dequeued.
[HAULJOBS][1350] No planned moves dequeued.
[HAULJOBS][1351] No planned moves dequeued.
[HAULJOBS][1352] No planned moves dequeued.
[HAULJOBS][1353] No planned moves dequeued.
[HAULJOBS][1354] No planned moves dequeued.
[MINING][1354] Start digging by worker=57fbb78a-cc22-4c58-be60-da39a0a4daa1 at target=(16,27,25)
[MINING][1354] Precarve stair UD one layer at (16,27,24)
[DIFF] ApplySetTerrain at (16,27,24): SolidWall → StairsUD
[ItemManager] SUCCESS: Spawned 'Boulder' (id=core_item_boulder_basalt, guid=b4875f06-63db-4cbe-a42c-dd0fbcd9748f, qty=3) at (16,27,25)
[NAV] RebuildChunkNavData chunk=(0,0,24) version:2→3
[NAV] RebuildChunkNavData chunk=(0,0,25) version:3→4
[NAV] RebuildChunkNavData chunk=(0,0,23) version:1→2
[HAULJOBS][1355] No planned moves dequeued.
[HAULJOBS][1356] No planned moves dequeued.
[HAULJOBS][1357] No planned moves dequeued.
[MINING][1357] Start digging by worker=cad56d6d-b89e-4501-b51f-5cc4ec0884ff at target=(17,27,25)
[MINING][1357] Precarve stair UD one layer at (17,27,24)
[DIFF] ApplySetTerrain at (17,27,24): SolidWall → StairsUD
[ItemManager] SUCCESS: Spawned 'Boulder' (id=core_item_boulder_basalt, guid=a2f16ad6-ad62-4d23-8f9b-167d524e9aad, qty=3) at (17,27,25)
[NAV] RebuildChunkNavData chunk=(0,0,24) version:3→4
[NAV] RebuildChunkNavData chunk=(0,0,25) version:4→5
[NAV] RebuildChunkNavData chunk=(0,0,23) version:2→3
[HAULJOBS][1358] No planned moves dequeued.
[HAULJOBS][1359] No planned moves dequeued.
[HAULJOBS][1360] No planned moves dequeued.
[HAULJOBS][1361] No planned moves dequeued.
[HAULJOBS][1362] No planned moves dequeued.
[HAULJOBS][1363] No planned moves dequeued.
[HAULJOBS][1364] No planned moves dequeued.
[HAULJOBS][1365] No planned moves dequeued.
[HAULJOBS][1366] No planned moves dequeued.
[HAULJOBS][1367] No planned moves dequeued.
[HAULJOBS][1368] No planned moves dequeued.
[HAULJOBS][1369] No planned moves dequeued.
[HAULJOBS][1370] No planned moves dequeued.
[HAULJOBS][1371] No planned moves dequeued.
[HAULJOBS][1372] No planned moves dequeued.
[HAULJOBS][1373] No planned moves dequeued.
[HAULJOBS][1374] No planned moves dequeued.
[MINING][1374] Dig complete at target=(16,27,25) action=DigStairwell by 57fbb78a-cc22-4c58-be60-da39a0a4daa1
[DIFF] ApplySetTerrain at (16,27,25): OpenWithFloor → StairsDown
[NAV] RebuildChunkNavData chunk=(0,0,25) version:5→6
[NAV] RebuildChunkNavData chunk=(0,0,26) version:2→3
[NAV] RebuildChunkNavData chunk=(0,0,24) version:4→5
[HAULJOBS][1375] No planned moves dequeued.
[HAULJOBS][1376] No planned moves dequeued.
[HAULJOBS][1377] No planned moves dequeued.
[MINING][1377] Dig complete at target=(17,27,25) action=DigStairwell by cad56d6d-b89e-4501-b51f-5cc4ec0884ff
[DIFF] ApplySetTerrain at (17,27,25): OpenWithFloor → StairsDown
[NAV] RebuildChunkNavData chunk=(0,0,25) version:6→7
[NAV] RebuildChunkNavData chunk=(0,0,26) version:3→4
[NAV] RebuildChunkNavData chunk=(0,0,24) version:5→6
[HAULJOBS][1378] No planned moves dequeued.
[MINING][1378] Start digging by worker=222e35cb-f763-468b-92a1-db288609d111 at target=(16,26,25)
[MINING][1378] Precarve stair UD one layer at (16,26,24)
[MINING][1378] Start digging by worker=298cd983-164c-4198-84b2-e303dc17f0f3 at target=(17,26,25)
[MINING][1378] Precarve stair UD one layer at (17,26,24)
[DIFF] ApplySetTerrain at (16,26,24): SolidWall → StairsUD
[DIFF] ApplySetTerrain at (17,26,24): SolidWall → StairsUD
[ItemManager] SUCCESS: Spawned 'Boulder' (id=core_item_boulder_basalt, guid=ec287e15-43f3-4793-98df-2a895522ac20, qty=3) at (16,26,25)
[ItemManager] SUCCESS: Spawned 'Boulder' (id=core_item_boulder_basalt, guid=b3ee37b2-4f2b-4f69-9fb9-47bb17a3033c, qty=3) at (17,26,25)
[NAV] RebuildChunkNavData chunk=(0,0,24) version:6→7
[NAV] RebuildChunkNavData chunk=(0,0,25) version:7→8
[NAV] RebuildChunkNavData chunk=(0,0,23) version:3→4
[HAULJOBS][1379] No planned moves dequeued.
[HAULJOBS][1380] No planned moves dequeued.
[HAULJOBS][1381] No planned moves dequeued.
[HAULJOBS][1382] No planned moves dequeued.
[HAULJOBS][1383] No planned moves dequeued.
[HAULJOBS][1384] No planned moves dequeued.
[HAULJOBS][1385] No planned moves dequeued.
[HAULJOBS][1386] No planned moves dequeued.
[HAULJOBS][1387] No planned moves dequeued.
[HAULJOBS][1388] No planned moves dequeued.
[HAULJOBS][1389] No planned moves dequeued.
[HAULJOBS][1390] No planned moves dequeued.
[HAULJOBS][1391] No planned moves dequeued.
[HAULJOBS][1392] No planned moves dequeued.
[HAULJOBS][1393] No planned moves dequeued.
[HAULJOBS][1394] No planned moves dequeued.
[HAULJOBS][1395] No planned moves dequeued.
[HAULJOBS][1396] No planned moves dequeued.
[HAULJOBS][1397] No planned moves dequeued.
[HAULJOBS][1398] No planned moves dequeued.
[MINING][1398] Dig complete at target=(16,26,25) action=DigStairwell by 222e35cb-f763-468b-92a1-db288609d111
[MINING][1398] Dig complete at target=(17,26,25) action=DigStairwell by 298cd983-164c-4198-84b2-e303dc17f0f3
[DIFF] ApplySetTerrain at (16,26,25): OpenWithFloor → StairsDown
[DIFF] ApplySetTerrain at (17,26,25): OpenWithFloor → StairsDown
[NAV] RebuildChunkNavData chunk=(0,0,25) version:8→9
[NAV] RebuildChunkNavData chunk=(0,0,26) version:4→5
[NAV] RebuildChunkNavData chunk=(0,0,24) version:7→8
[HAULJOBS][1399] No planned moves dequeued.
[HAULJOBS][1400] No planned moves dequeued.
[HAULJOBS][1401] No planned moves dequeued.
[HAULJOBS][1402] No planned moves dequeued.
[HAULJOBS][1403] No planned moves dequeued.
[HAULJOBS][1404] No planned moves dequeued.
[HAULJOBS][1405] No planned moves dequeued.
[HAULJOBS][1406] No planned moves dequeued.
[HAULJOBS][1407] No planned moves dequeued.
[HAULJOBS][1408] No planned moves dequeued.
[HAULJOBS][1409] No planned moves dequeued.
[HAULJOBS][1410] No planned moves dequeued.
[HAULJOBS][1411] No planned moves dequeued.
[HAULJOBS][1412] No planned moves dequeued.
[HAULJOBS][1413] No planned moves dequeued.
[HAULJOBS][1414] No planned moves dequeued.
[HAULJOBS][1415] No planned moves dequeued.
[HAULJOBS][1416] No planned moves dequeued.
[ZLEVEL-UPDATE] delta=1 -> Z=24
[HAULJOBS][1417] No planned moves dequeued.
[HAULJOBS][1418] No planned moves dequeued.
[HAULJOBS][1419] No planned moves dequeued.
[HAULJOBS][1420] No planned moves dequeued.
[HAULJOBS][1421] No planned moves dequeued.
[HAULJOBS][1422] No planned moves dequeued.
[HAULJOBS][1423] No planned moves dequeued.
[HAULJOBS][1424] No planned moves dequeued.
[HAULJOBS][1425] No planned moves dequeued.
[HAULJOBS][1426] No planned moves dequeued.
[HAULJOBS][1427] No planned moves dequeued.
[HAULJOBS][1428] No planned moves dequeued.
[HAULJOBS][1429] No planned moves dequeued.
[HAULJOBS][1430] No planned moves dequeued.
[HAULJOBS][1431] No planned moves dequeued.
[HAULJOBS][1432] No planned moves dequeued.
[HAULJOBS][1433] No planned moves dequeued.
[HAULJOBS][1434] No planned moves dequeued.
[HAULJOBS][1435] No planned moves dequeued.
[HAULJOBS][1436] No planned moves dequeued.
[HAULJOBS][1437] No planned moves dequeued.
[HAULJOBS][1438] No planned moves dequeued.
[ZLEVEL-UPDATE] delta=1 -> Z=23
[HAULJOBS][1439] No planned moves dequeued.
[HAULJOBS][1440] No planned moves dequeued.
[HAULJOBS][1441] No planned moves dequeued.
[HAULJOBS][1442] No planned moves dequeued.
[HAULJOBS][1443] No planned moves dequeued.
[HAULJOBS][1444] No planned moves dequeued.
[HAULJOBS][1445] No planned moves dequeued.
[HAULJOBS][1446] No planned moves dequeued.
[HAULJOBS][1447] No planned moves dequeued.
[ZLEVEL-UPDATE] delta=1 -> Z=22
[HAULJOBS][1448] No planned moves dequeued.
[HAULJOBS][1449] No planned moves dequeued.
[HAULJOBS][1450] No planned moves dequeued.
[HAULJOBS][1451] No planned moves dequeued.
[HAULJOBS][1452] No planned moves dequeued.
[HAULJOBS][1453] No planned moves dequeued.
[HAULJOBS][1454] No planned moves dequeued.
[HAULJOBS][1455] No planned moves dequeued.
[HAULJOBS][1456] No planned moves dequeued.
[HAULJOBS][1457] No planned moves dequeued.
[HAULJOBS][1458] No planned moves dequeued.
[HAULJOBS][1459] No planned moves dequeued.
[HAULJOBS][1460] No planned moves dequeued.
[HAULJOBS][1461] No planned moves dequeued.
[HAULJOBS][1462] No planned moves dequeued.
[HAULJOBS][1463] No planned moves dequeued.
[HAULJOBS][1464] No planned moves dequeued.
[HAULJOBS][1465] No planned moves dequeued.
[HAULJOBS][1466] No planned moves dequeued.
[HAULJOBS][1467] No planned moves dequeued.
[HAULJOBS][1468] No planned moves dequeued.
[HAULJOBS][1469] No planned moves dequeued.
[HAULJOBS][1470] No planned moves dequeued.
[HAULJOBS][1471] No planned moves dequeued.
[HAULJOBS][1472] No planned moves dequeued.
[HAULJOBS][1473] No planned moves dequeued.
[HAULJOBS][1474] No planned moves dequeued.
[HAULJOBS][1475] No planned moves dequeued.
[HAULJOBS][1476] No planned moves dequeued.
[HAULJOBS][1477] No planned moves dequeued.
[ZLEVEL-UPDATE] delta=1 -> Z=21
[HAULJOBS][1478] No planned moves dequeued.
[HAULJOBS][1479] No planned moves dequeued.
[HAULJOBS][1480] No planned moves dequeued.
[HAULJOBS][1481] No planned moves dequeued.
[ZLEVEL-UPDATE] delta=1 -> Z=20
[HAULJOBS][1482] No planned moves dequeued.
[HAULJOBS][1483] No planned moves dequeued.
[HAULJOBS][1484] No planned moves dequeued.
[HAULJOBS][1485] No planned moves dequeued.
[HAULJOBS][1486] No planned moves dequeued.
[HAULJOBS][1487] No planned moves dequeued.
[HAULJOBS][1488] No planned moves dequeued.
[HAULJOBS][1489] No planned moves dequeued.
[HAULJOBS][1490] No planned moves dequeued.
[HAULJOBS][1491] No planned moves dequeued.
[HAULJOBS][1492] No planned moves dequeued.
[HAULJOBS][1493] No planned moves dequeued.
[HAULJOBS][1494] No planned moves dequeued.
[HAULJOBS][1495] No planned moves dequeued.
[HAULJOBS][1496] No planned moves dequeued.
[ZLEVEL-UPDATE] delta=-1 -> Z=21
[HAULJOBS][1497] No planned moves dequeued.
[ZLEVEL-UPDATE] delta=-1 -> Z=22
[HAULJOBS][1498] No planned moves dequeued.
[HAULJOBS][1499] No planned moves dequeued.
[ZLEVEL-UPDATE] delta=-1 -> Z=23
[HAULJOBS][1500] No planned moves dequeued.
[ZLEVEL-UPDATE] delta=-1 -> Z=24
[HAULJOBS][1501] No planned moves dequeued.
[HAULJOBS][1502] No planned moves dequeued.
[ZLEVEL-UPDATE] delta=-1 -> Z=25
[HAULJOBS][1503] No planned moves dequeued.
[HAULJOBS][1504] No planned moves dequeued.
[HAULJOBS][1505] No planned moves dequeued.
[ZLEVEL-UPDATE] delta=-1 -> Z=26
[HAULJOBS][1506] No planned moves dequeued.
[HAULJOBS][1507] No planned moves dequeued.
[HAULJOBS][1508] No planned moves dequeued.
[HAULJOBS][1509] No planned moves dequeued.
[HAULJOBS][1510] No planned moves dequeued.
[HAULJOBS][1511] No planned moves dequeued.
[HAULJOBS][1512] No planned moves dequeued.
[HAULJOBS][1513] No planned moves dequeued.
[HAULJOBS][1514] No planned moves dequeued.
[HAULJOBS][1515] No planned moves dequeued.
[HAULJOBS][1516] No planned moves dequeued.
[HAULJOBS][1517] No planned moves dequeued.
[HAULJOBS][1518] No planned moves dequeued.
[HAULJOBS][1519] No planned moves dequeued.
[HAULJOBS][1520] No planned moves dequeued.
[HAULJOBS][1521] No planned moves dequeued.
[HAULJOBS][1522] No planned moves dequeued.
[HAULJOBS][1523] No planned moves dequeued.
[HAULJOBS][1524] No planned moves dequeued.
[HAULJOBS][1525] No planned moves dequeued.
[HAULJOBS][1526] No planned moves dequeued.
[HAULJOBS][1527] No planned moves dequeued.
[HAULJOBS][1528] No planned moves dequeued.
[HAULJOBS][1529] No planned moves dequeued.
[HAULJOBS][1530] No planned moves dequeued.
[HAULJOBS][1531] No planned moves dequeued.
[HAULJOBS][1532] No planned moves dequeued.
[HAULJOBS][1533] No planned moves dequeued.
[HAULJOBS][1534] No planned moves dequeued.
[HAULJOBS][1535] No planned moves dequeued.
[HAULJOBS][1536] No planned moves dequeued.
[HAULJOBS][1537] No planned moves dequeued.
[HAULJOBS][1538] No planned moves dequeued.
[HAULJOBS][1539] No planned moves dequeued.
[SHUTDOWN] Game window closed, shutting down systems
[GameStateManager] Shutdown requested
[GameStateManager] Stopping tick scheduler
[GameStateManager] Exiting current state: FortressPlay
[GameStateManager] Shutdown complete
[SHUTDOWN] Game shutting down normally
